<?xml version="1.0" encoding="UTF-8"?>
<testsuite name="New Account On UTest" tests="1" skipped="0" failures="0" errors="0" timestamp="2022-01-03T20:06:56" hostname="DESKTOP-OSH9F67" time="66.225">
  <properties/>
  <testcase name="successful account creation" classname="New Account On UTest" time="66.225"/>
  <system-out><![CDATA[]]></system-out>
  <system-err><![CDATA[[Test worker] WARN net.thucydides.core.steps.BaseStepListener - stepStarted: net.thucydides.core.steps.ExecutedStepDescription@12942978
[Test worker] WARN net.thucydides.core.steps.BaseStepListener - stepStarted: net.thucydides.core.steps.ExecutedStepDescription@7912ffb2
[Test worker] WARN net.thucydides.core.steps.BaseStepListener - stepStarted: net.thucydides.core.steps.ExecutedStepDescription@59dc480c
ene 03, 2022 3:06:59 PM org.openqa.selenium.remote.DesiredCapabilities chrome
INFORMACIÓN: Using `new ChromeOptions()` is preferred to `DesiredCapabilities.chrome()`
[Test worker] INFO net.serenitybdd.core.webdriver.driverproviders.ProvideNewDriver - Instantiating driver
[Test worker] INFO net.serenitybdd.core.webdriver.driverproviders.ProvideNewDriver - Driver capabilities: Capabilities {acceptInsecureCerts: false, browserName: chrome, chrome.switches: --start-maximized, goog:chromeOptions: {args: [--start-maximized], extensions: []}, loggingPrefs: org.openqa.selenium.logging..., platform: ANY, version: }
Starting ChromeDriver 96.0.4664.45 (76e4c1bb2ab4671b8beba3444e61c0f17584b2fc-refs/branch-heads/4664@{#947}) on port 2064
Only local connections are allowed.
Please see https://chromedriver.chromium.org/security-considerations for suggestions on keeping ChromeDriver safe.
ChromeDriver was started successfully.
ene 03, 2022 3:07:05 PM org.openqa.selenium.remote.ProtocolHandshake createSession
INFORMACIÓN: Detected dialect: W3C
[Test worker] WARN net.thucydides.core.steps.BaseStepListener - stepFinished: current outcome:successful account creation:Given user enters the UTest platform [Alberto load the page [Alberto opens the U test page]]
[Test worker] WARN net.thucydides.core.steps.BaseStepListener - stepFinished: current outcome:successful account creation:Given user enters the UTest platform [Alberto load the page [Alberto opens the U test page]]
[Test worker] WARN net.thucydides.core.steps.BaseStepListener - stepStarted: net.thucydides.core.steps.ExecutedStepDescription@699bcf72
[Test worker] WARN net.thucydides.core.steps.BaseStepListener - stepStarted: net.thucydides.core.steps.ExecutedStepDescription@24775805
[Test worker] WARN net.thucydides.core.steps.BaseStepListener - stepFinished: current outcome:successful account creation:Given user enters the UTest platform [Alberto load the page [Alberto opens the U test page], Alberto star registration [Alberto clicks on button to start registration]]
[Test worker] WARN net.thucydides.core.steps.BaseStepListener - stepFinished: current outcome:successful account creation:Given user enters the UTest platform [Alberto load the page [Alberto opens the U test page], Alberto star registration [Alberto clicks on button to start registration]]
[Test worker] WARN net.thucydides.core.steps.BaseStepListener - stepFinished: current outcome:successful account creation:Given user enters the UTest platform [Alberto load the page [Alberto opens the U test page], Alberto star registration [Alberto clicks on button to start registration]]
[Test worker] WARN net.thucydides.core.steps.BaseStepListener - stepStarted: net.thucydides.core.steps.ExecutedStepDescription@49dd72ca
[Test worker] WARN net.thucydides.core.steps.BaseStepListener - stepStarted: net.thucydides.core.steps.ExecutedStepDescription@4fd92c37
[Test worker] WARN net.thucydides.core.steps.BaseStepListener - stepStarted: net.thucydides.core.steps.ExecutedStepDescription@36f5ab4f
[Test worker] WARN net.thucydides.core.steps.BaseStepListener - stepFinished: current outcome:successful account creation:Given user enters the UTest platform [Alberto load the page [Alberto opens the U test page], Alberto star registration [Alberto clicks on button to start registration]], When user registers their data and their devices by completing the text boxes
| strName | strLastName | strEmail | strMonth | strDay | strYear | strCity | strState | strZIP | strCountry | strOS | strVersion | strLanguage | strMobile | strModel | strOsMobile | strPassword | strConfirmPassword |
| Bryan | Umaña Gómez | bugh@gmail.com | June | 20 | 1990 | Ottawa | Ontario | Z1R | Canada | Linux | Kali | Spanish | Motorola | W220 | Java ME | Choucair2021* | Choucair2021* | [Alberto register personal data [Alberto enters 'Bryan' into when you write your first name]]
[Test worker] WARN net.thucydides.core.steps.BaseStepListener - stepStarted: net.thucydides.core.steps.ExecutedStepDescription@bac7470
[Test worker] WARN net.thucydides.core.steps.BaseStepListener - stepFinished: current outcome:successful account creation:Given user enters the UTest platform [Alberto load the page [Alberto opens the U test page], Alberto star registration [Alberto clicks on button to start registration]], When user registers their data and their devices by completing the text boxes
| strName | strLastName | strEmail | strMonth | strDay | strYear | strCity | strState | strZIP | strCountry | strOS | strVersion | strLanguage | strMobile | strModel | strOsMobile | strPassword | strConfirmPassword |
| Bryan | Umaña Gómez | bugh@gmail.com | June | 20 | 1990 | Ottawa | Ontario | Z1R | Canada | Linux | Kali | Spanish | Motorola | W220 | Java ME | Choucair2021* | Choucair2021* | [Alberto register personal data [Alberto enters 'Bryan' into when you write your first name, Alberto enters 'Umaña Gómez' into when you write your last name]]
[Test worker] WARN net.thucydides.core.steps.BaseStepListener - stepStarted: net.thucydides.core.steps.ExecutedStepDescription@4866347e
[Test worker] WARN net.thucydides.core.steps.BaseStepListener - stepFinished: current outcome:successful account creation:Given user enters the UTest platform [Alberto load the page [Alberto opens the U test page], Alberto star registration [Alberto clicks on button to start registration]], When user registers their data and their devices by completing the text boxes
| strName | strLastName | strEmail | strMonth | strDay | strYear | strCity | strState | strZIP | strCountry | strOS | strVersion | strLanguage | strMobile | strModel | strOsMobile | strPassword | strConfirmPassword |
| Bryan | Umaña Gómez | bugh@gmail.com | June | 20 | 1990 | Ottawa | Ontario | Z1R | Canada | Linux | Kali | Spanish | Motorola | W220 | Java ME | Choucair2021* | Choucair2021* | [Alberto register personal data [Alberto enters 'Bryan' into when you write your first name, Alberto enters 'Umaña Gómez' into when you write your last name, Alberto enters 'bugh@gmail.com' into when you write your email]]
[Test worker] WARN net.thucydides.core.steps.BaseStepListener - stepStarted: net.thucydides.core.steps.ExecutedStepDescription@3cc7adbe
[Test worker] WARN net.thucydides.core.steps.BaseStepListener - stepFinished: current outcome:successful account creation:Given user enters the UTest platform [Alberto load the page [Alberto opens the U test page], Alberto star registration [Alberto clicks on button to start registration]], When user registers their data and their devices by completing the text boxes
| strName | strLastName | strEmail | strMonth | strDay | strYear | strCity | strState | strZIP | strCountry | strOS | strVersion | strLanguage | strMobile | strModel | strOsMobile | strPassword | strConfirmPassword |
| Bryan | Umaña Gómez | bugh@gmail.com | June | 20 | 1990 | Ottawa | Ontario | Z1R | Canada | Linux | Kali | Spanish | Motorola | W220 | Java ME | Choucair2021* | Choucair2021* | [Alberto register personal data [Alberto enters 'Bryan' into when you write your first name, Alberto enters 'Umaña Gómez' into when you write your last name, Alberto enters 'bugh@gmail.com' into when you write your email, Alberto select June on when you write the month of birthday]]
[Test worker] WARN net.thucydides.core.steps.BaseStepListener - stepStarted: net.thucydides.core.steps.ExecutedStepDescription@6579e756
[Test worker] WARN net.thucydides.core.steps.BaseStepListener - stepFinished: current outcome:successful account creation:Given user enters the UTest platform [Alberto load the page [Alberto opens the U test page], Alberto star registration [Alberto clicks on button to start registration]], When user registers their data and their devices by completing the text boxes
| strName | strLastName | strEmail | strMonth | strDay | strYear | strCity | strState | strZIP | strCountry | strOS | strVersion | strLanguage | strMobile | strModel | strOsMobile | strPassword | strConfirmPassword |
| Bryan | Umaña Gómez | bugh@gmail.com | June | 20 | 1990 | Ottawa | Ontario | Z1R | Canada | Linux | Kali | Spanish | Motorola | W220 | Java ME | Choucair2021* | Choucair2021* | [Alberto register personal data [Alberto enters 'Bryan' into when you write your first name, Alberto enters 'Umaña Gómez' into when you write your last name, Alberto enters 'bugh@gmail.com' into when you write your email, Alberto select June on when you write the month of birthday, Alberto select 20 on when you write the day of birthday]]
[Test worker] WARN net.thucydides.core.steps.BaseStepListener - stepStarted: net.thucydides.core.steps.ExecutedStepDescription@740004ed
[Test worker] WARN net.thucydides.core.steps.BaseStepListener - stepFinished: current outcome:successful account creation:Given user enters the UTest platform [Alberto load the page [Alberto opens the U test page], Alberto star registration [Alberto clicks on button to start registration]], When user registers their data and their devices by completing the text boxes
| strName | strLastName | strEmail | strMonth | strDay | strYear | strCity | strState | strZIP | strCountry | strOS | strVersion | strLanguage | strMobile | strModel | strOsMobile | strPassword | strConfirmPassword |
| Bryan | Umaña Gómez | bugh@gmail.com | June | 20 | 1990 | Ottawa | Ontario | Z1R | Canada | Linux | Kali | Spanish | Motorola | W220 | Java ME | Choucair2021* | Choucair2021* | [Alberto register personal data [Alberto enters 'Bryan' into when you write your first name, Alberto enters 'Umaña Gómez' into when you write your last name, Alberto enters 'bugh@gmail.com' into when you write your email, Alberto select June on when you write the month of birthday, Alberto select 20 on when you write the day of birthday, Alberto select 1990 on when you write the year of birthday]]
[Test worker] WARN net.thucydides.core.steps.BaseStepListener - stepStarted: net.thucydides.core.steps.ExecutedStepDescription@278bcdcf
[Test worker] WARN net.thucydides.core.steps.BaseStepListener - stepFinished: current outcome:successful account creation:Given user enters the UTest platform [Alberto load the page [Alberto opens the U test page], Alberto star registration [Alberto clicks on button to start registration]], When user registers their data and their devices by completing the text boxes
| strName | strLastName | strEmail | strMonth | strDay | strYear | strCity | strState | strZIP | strCountry | strOS | strVersion | strLanguage | strMobile | strModel | strOsMobile | strPassword | strConfirmPassword |
| Bryan | Umaña Gómez | bugh@gmail.com | June | 20 | 1990 | Ottawa | Ontario | Z1R | Canada | Linux | Kali | Spanish | Motorola | W220 | Java ME | Choucair2021* | Choucair2021* | [Alberto register personal data [Alberto enters 'Bryan' into when you write your first name, Alberto enters 'Umaña Gómez' into when you write your last name, Alberto enters 'bugh@gmail.com' into when you write your email, Alberto select June on when you write the month of birthday, Alberto select 20 on when you write the day of birthday, Alberto select 1990 on when you write the year of birthday, Alberto clicks on button to go to the next step]]
[Test worker] WARN net.thucydides.core.steps.BaseStepListener - stepFinished: current outcome:successful account creation:Given user enters the UTest platform [Alberto load the page [Alberto opens the U test page], Alberto star registration [Alberto clicks on button to start registration]], When user registers their data and their devices by completing the text boxes
| strName | strLastName | strEmail | strMonth | strDay | strYear | strCity | strState | strZIP | strCountry | strOS | strVersion | strLanguage | strMobile | strModel | strOsMobile | strPassword | strConfirmPassword |
| Bryan | Umaña Gómez | bugh@gmail.com | June | 20 | 1990 | Ottawa | Ontario | Z1R | Canada | Linux | Kali | Spanish | Motorola | W220 | Java ME | Choucair2021* | Choucair2021* | [Alberto register personal data [Alberto enters 'Bryan' into when you write your first name, Alberto enters 'Umaña Gómez' into when you write your last name, Alberto enters 'bugh@gmail.com' into when you write your email, Alberto select June on when you write the month of birthday, Alberto select 20 on when you write the day of birthday, Alberto select 1990 on when you write the year of birthday, Alberto clicks on button to go to the next step]]
[Test worker] WARN net.thucydides.core.steps.BaseStepListener - stepStarted: net.thucydides.core.steps.ExecutedStepDescription@355c94e7
[Test worker] WARN net.thucydides.core.steps.BaseStepListener - stepStarted: net.thucydides.core.steps.ExecutedStepDescription@34e32550
[Test worker] WARN net.thucydides.core.steps.BaseStepListener - stepFinished: current outcome:successful account creation:Given user enters the UTest platform [Alberto load the page [Alberto opens the U test page], Alberto star registration [Alberto clicks on button to start registration]], When user registers their data and their devices by completing the text boxes
| strName | strLastName | strEmail | strMonth | strDay | strYear | strCity | strState | strZIP | strCountry | strOS | strVersion | strLanguage | strMobile | strModel | strOsMobile | strPassword | strConfirmPassword |
| Bryan | Umaña Gómez | bugh@gmail.com | June | 20 | 1990 | Ottawa | Ontario | Z1R | Canada | Linux | Kali | Spanish | Motorola | W220 | Java ME | Choucair2021* | Choucair2021* | [Alberto register personal data [Alberto enters 'Bryan' into when you write your first name, Alberto enters 'Umaña Gómez' into when you write your last name, Alberto enters 'bugh@gmail.com' into when you write your email, Alberto select June on when you write the month of birthday, Alberto select 20 on when you write the day of birthday, Alberto select 1990 on when you write the year of birthday, Alberto clicks on button to go to the next step], Alberto register address data [Alberto clicks on when you write the city in which you live]]
[Test worker] WARN net.thucydides.core.steps.BaseStepListener - stepStarted: net.thucydides.core.steps.ExecutedStepDescription@28f69e10
[Test worker] WARN net.thucydides.core.steps.BaseStepListener - stepFinished: current outcome:successful account creation:Given user enters the UTest platform [Alberto load the page [Alberto opens the U test page], Alberto star registration [Alberto clicks on button to start registration]], When user registers their data and their devices by completing the text boxes
| strName | strLastName | strEmail | strMonth | strDay | strYear | strCity | strState | strZIP | strCountry | strOS | strVersion | strLanguage | strMobile | strModel | strOsMobile | strPassword | strConfirmPassword |
| Bryan | Umaña Gómez | bugh@gmail.com | June | 20 | 1990 | Ottawa | Ontario | Z1R | Canada | Linux | Kali | Spanish | Motorola | W220 | Java ME | Choucair2021* | Choucair2021* | [Alberto register personal data [Alberto enters 'Bryan' into when you write your first name, Alberto enters 'Umaña Gómez' into when you write your last name, Alberto enters 'bugh@gmail.com' into when you write your email, Alberto select June on when you write the month of birthday, Alberto select 20 on when you write the day of birthday, Alberto select 1990 on when you write the year of birthday, Alberto clicks on button to go to the next step], Alberto register address data [Alberto clicks on when you write the city in which you live, Alberto enters 'Ottawa' into when you write the city in which you live]]
[Test worker] WARN net.thucydides.core.steps.BaseStepListener - stepStarted: net.thucydides.core.steps.ExecutedStepDescription@3068e8dc
[Test worker] WARN net.thucydides.core.steps.BaseStepListener - stepFinished: current outcome:successful account creation:Given user enters the UTest platform [Alberto load the page [Alberto opens the U test page], Alberto star registration [Alberto clicks on button to start registration]], When user registers their data and their devices by completing the text boxes
| strName | strLastName | strEmail | strMonth | strDay | strYear | strCity | strState | strZIP | strCountry | strOS | strVersion | strLanguage | strMobile | strModel | strOsMobile | strPassword | strConfirmPassword |
| Bryan | Umaña Gómez | bugh@gmail.com | June | 20 | 1990 | Ottawa | Ontario | Z1R | Canada | Linux | Kali | Spanish | Motorola | W220 | Java ME | Choucair2021* | Choucair2021* | [Alberto register personal data [Alberto enters 'Bryan' into when you write your first name, Alberto enters 'Umaña Gómez' into when you write your last name, Alberto enters 'bugh@gmail.com' into when you write your email, Alberto select June on when you write the month of birthday, Alberto select 20 on when you write the day of birthday, Alberto select 1990 on when you write the year of birthday, Alberto clicks on button to go to the next step], Alberto register address data [Alberto clicks on when you write the city in which you live, Alberto enters 'Ottawa' into when you write the city in which you live, Alberto enters ARROW_DOWN into when you write the city in which you live]]
[Test worker] WARN net.thucydides.core.steps.BaseStepListener - stepStarted: net.thucydides.core.steps.ExecutedStepDescription@64e7735c
[Test worker] WARN net.thucydides.core.steps.BaseStepListener - stepFinished: current outcome:successful account creation:Given user enters the UTest platform [Alberto load the page [Alberto opens the U test page], Alberto star registration [Alberto clicks on button to start registration]], When user registers their data and their devices by completing the text boxes
| strName | strLastName | strEmail | strMonth | strDay | strYear | strCity | strState | strZIP | strCountry | strOS | strVersion | strLanguage | strMobile | strModel | strOsMobile | strPassword | strConfirmPassword |
| Bryan | Umaña Gómez | bugh@gmail.com | June | 20 | 1990 | Ottawa | Ontario | Z1R | Canada | Linux | Kali | Spanish | Motorola | W220 | Java ME | Choucair2021* | Choucair2021* | [Alberto register personal data [Alberto enters 'Bryan' into when you write your first name, Alberto enters 'Umaña Gómez' into when you write your last name, Alberto enters 'bugh@gmail.com' into when you write your email, Alberto select June on when you write the month of birthday, Alberto select 20 on when you write the day of birthday, Alberto select 1990 on when you write the year of birthday, Alberto clicks on button to go to the next step], Alberto register address data [Alberto clicks on when you write the city in which you live, Alberto enters 'Ottawa' into when you write the city in which you live, Alberto enters ARROW_DOWN into when you write the city in which you live, Alberto enters ENTER into when you write the city in which you live]]
[Test worker] WARN net.thucydides.core.steps.BaseStepListener - stepStarted: net.thucydides.core.steps.ExecutedStepDescription@7b32e842
[Test worker] WARN net.thucydides.core.steps.BaseStepListener - stepFinished: current outcome:successful account creation:Given user enters the UTest platform [Alberto load the page [Alberto opens the U test page], Alberto star registration [Alberto clicks on button to start registration]], When user registers their data and their devices by completing the text boxes
| strName | strLastName | strEmail | strMonth | strDay | strYear | strCity | strState | strZIP | strCountry | strOS | strVersion | strLanguage | strMobile | strModel | strOsMobile | strPassword | strConfirmPassword |
| Bryan | Umaña Gómez | bugh@gmail.com | June | 20 | 1990 | Ottawa | Ontario | Z1R | Canada | Linux | Kali | Spanish | Motorola | W220 | Java ME | Choucair2021* | Choucair2021* | [Alberto register personal data [Alberto enters 'Bryan' into when you write your first name, Alberto enters 'Umaña Gómez' into when you write your last name, Alberto enters 'bugh@gmail.com' into when you write your email, Alberto select June on when you write the month of birthday, Alberto select 20 on when you write the day of birthday, Alberto select 1990 on when you write the year of birthday, Alberto clicks on button to go to the next step], Alberto register address data [Alberto clicks on when you write the city in which you live, Alberto enters 'Ottawa' into when you write the city in which you live, Alberto enters ARROW_DOWN into when you write the city in which you live, Alberto enters ENTER into when you write the city in which you live, Alberto clicks on when you write the zip code of the city]]
[Test worker] WARN net.thucydides.core.steps.BaseStepListener - stepStarted: net.thucydides.core.steps.ExecutedStepDescription@73aca098
[Test worker] WARN net.thucydides.core.steps.BaseStepListener - stepFinished: current outcome:successful account creation:Given user enters the UTest platform [Alberto load the page [Alberto opens the U test page], Alberto star registration [Alberto clicks on button to start registration]], When user registers their data and their devices by completing the text boxes
| strName | strLastName | strEmail | strMonth | strDay | strYear | strCity | strState | strZIP | strCountry | strOS | strVersion | strLanguage | strMobile | strModel | strOsMobile | strPassword | strConfirmPassword |
| Bryan | Umaña Gómez | bugh@gmail.com | June | 20 | 1990 | Ottawa | Ontario | Z1R | Canada | Linux | Kali | Spanish | Motorola | W220 | Java ME | Choucair2021* | Choucair2021* | [Alberto register personal data [Alberto enters 'Bryan' into when you write your first name, Alberto enters 'Umaña Gómez' into when you write your last name, Alberto enters 'bugh@gmail.com' into when you write your email, Alberto select June on when you write the month of birthday, Alberto select 20 on when you write the day of birthday, Alberto select 1990 on when you write the year of birthday, Alberto clicks on button to go to the next step], Alberto register address data [Alberto clicks on when you write the city in which you live, Alberto enters 'Ottawa' into when you write the city in which you live, Alberto enters ARROW_DOWN into when you write the city in which you live, Alberto enters ENTER into when you write the city in which you live, Alberto clicks on when you write the zip code of the city, Alberto enters 'Z1R' into when you write the zip code of the city]]
[Test worker] WARN net.thucydides.core.steps.BaseStepListener - stepStarted: net.thucydides.core.steps.ExecutedStepDescription@f98e5ec
[Test worker] WARN net.thucydides.core.steps.BaseStepListener - stepFinished: current outcome:successful account creation:Given user enters the UTest platform [Alberto load the page [Alberto opens the U test page], Alberto star registration [Alberto clicks on button to start registration]], When user registers their data and their devices by completing the text boxes
| strName | strLastName | strEmail | strMonth | strDay | strYear | strCity | strState | strZIP | strCountry | strOS | strVersion | strLanguage | strMobile | strModel | strOsMobile | strPassword | strConfirmPassword |
| Bryan | Umaña Gómez | bugh@gmail.com | June | 20 | 1990 | Ottawa | Ontario | Z1R | Canada | Linux | Kali | Spanish | Motorola | W220 | Java ME | Choucair2021* | Choucair2021* | [Alberto register personal data [Alberto enters 'Bryan' into when you write your first name, Alberto enters 'Umaña Gómez' into when you write your last name, Alberto enters 'bugh@gmail.com' into when you write your email, Alberto select June on when you write the month of birthday, Alberto select 20 on when you write the day of birthday, Alberto select 1990 on when you write the year of birthday, Alberto clicks on button to go to the next step], Alberto register address data [Alberto clicks on when you write the city in which you live, Alberto enters 'Ottawa' into when you write the city in which you live, Alberto enters ARROW_DOWN into when you write the city in which you live, Alberto enters ENTER into when you write the city in which you live, Alberto clicks on when you write the zip code of the city, Alberto enters 'Z1R' into when you write the zip code of the city, Alberto clicks on when you select the country]]
[Test worker] WARN net.thucydides.core.steps.BaseStepListener - stepStarted: net.thucydides.core.steps.ExecutedStepDescription@370bd1ea
[Test worker] WARN net.thucydides.core.steps.BaseStepListener - stepFinished: current outcome:successful account creation:Given user enters the UTest platform [Alberto load the page [Alberto opens the U test page], Alberto star registration [Alberto clicks on button to start registration]], When user registers their data and their devices by completing the text boxes
| strName | strLastName | strEmail | strMonth | strDay | strYear | strCity | strState | strZIP | strCountry | strOS | strVersion | strLanguage | strMobile | strModel | strOsMobile | strPassword | strConfirmPassword |
| Bryan | Umaña Gómez | bugh@gmail.com | June | 20 | 1990 | Ottawa | Ontario | Z1R | Canada | Linux | Kali | Spanish | Motorola | W220 | Java ME | Choucair2021* | Choucair2021* | [Alberto register personal data [Alberto enters 'Bryan' into when you write your first name, Alberto enters 'Umaña Gómez' into when you write your last name, Alberto enters 'bugh@gmail.com' into when you write your email, Alberto select June on when you write the month of birthday, Alberto select 20 on when you write the day of birthday, Alberto select 1990 on when you write the year of birthday, Alberto clicks on button to go to the next step], Alberto register address data [Alberto clicks on when you write the city in which you live, Alberto enters 'Ottawa' into when you write the city in which you live, Alberto enters ARROW_DOWN into when you write the city in which you live, Alberto enters ENTER into when you write the city in which you live, Alberto clicks on when you write the zip code of the city, Alberto enters 'Z1R' into when you write the zip code of the city, Alberto clicks on when you select the country, Alberto clicks on select your country]]
[Test worker] WARN net.thucydides.core.steps.BaseStepListener - stepStarted: net.thucydides.core.steps.ExecutedStepDescription@38986587
[Test worker] WARN net.thucydides.core.steps.BaseStepListener - stepFinished: current outcome:successful account creation:Given user enters the UTest platform [Alberto load the page [Alberto opens the U test page], Alberto star registration [Alberto clicks on button to start registration]], When user registers their data and their devices by completing the text boxes
| strName | strLastName | strEmail | strMonth | strDay | strYear | strCity | strState | strZIP | strCountry | strOS | strVersion | strLanguage | strMobile | strModel | strOsMobile | strPassword | strConfirmPassword |
| Bryan | Umaña Gómez | bugh@gmail.com | June | 20 | 1990 | Ottawa | Ontario | Z1R | Canada | Linux | Kali | Spanish | Motorola | W220 | Java ME | Choucair2021* | Choucair2021* | [Alberto register personal data [Alberto enters 'Bryan' into when you write your first name, Alberto enters 'Umaña Gómez' into when you write your last name, Alberto enters 'bugh@gmail.com' into when you write your email, Alberto select June on when you write the month of birthday, Alberto select 20 on when you write the day of birthday, Alberto select 1990 on when you write the year of birthday, Alberto clicks on button to go to the next step], Alberto register address data [Alberto clicks on when you write the city in which you live, Alberto enters 'Ottawa' into when you write the city in which you live, Alberto enters ARROW_DOWN into when you write the city in which you live, Alberto enters ENTER into when you write the city in which you live, Alberto clicks on when you write the zip code of the city, Alberto enters 'Z1R' into when you write the zip code of the city, Alberto clicks on when you select the country, Alberto clicks on select your country, Alberto clicks on when you select your state]]
[Test worker] WARN net.thucydides.core.steps.BaseStepListener - stepStarted: net.thucydides.core.steps.ExecutedStepDescription@168b503a
[Test worker] WARN net.thucydides.core.steps.BaseStepListener - stepFinished: current outcome:successful account creation:Given user enters the UTest platform [Alberto load the page [Alberto opens the U test page], Alberto star registration [Alberto clicks on button to start registration]], When user registers their data and their devices by completing the text boxes
| strName | strLastName | strEmail | strMonth | strDay | strYear | strCity | strState | strZIP | strCountry | strOS | strVersion | strLanguage | strMobile | strModel | strOsMobile | strPassword | strConfirmPassword |
| Bryan | Umaña Gómez | bugh@gmail.com | June | 20 | 1990 | Ottawa | Ontario | Z1R | Canada | Linux | Kali | Spanish | Motorola | W220 | Java ME | Choucair2021* | Choucair2021* | [Alberto register personal data [Alberto enters 'Bryan' into when you write your first name, Alberto enters 'Umaña Gómez' into when you write your last name, Alberto enters 'bugh@gmail.com' into when you write your email, Alberto select June on when you write the month of birthday, Alberto select 20 on when you write the day of birthday, Alberto select 1990 on when you write the year of birthday, Alberto clicks on button to go to the next step], Alberto register address data [Alberto clicks on when you write the city in which you live, Alberto enters 'Ottawa' into when you write the city in which you live, Alberto enters ARROW_DOWN into when you write the city in which you live, Alberto enters ENTER into when you write the city in which you live, Alberto clicks on when you write the zip code of the city, Alberto enters 'Z1R' into when you write the zip code of the city, Alberto clicks on when you select the country, Alberto clicks on select your country, Alberto clicks on when you select your state, Alberto clicks on select you state]]
[Test worker] WARN net.thucydides.core.steps.BaseStepListener - stepStarted: net.thucydides.core.steps.ExecutedStepDescription@3366814a
[Test worker] WARN net.thucydides.core.steps.BaseStepListener - stepFinished: current outcome:successful account creation:Given user enters the UTest platform [Alberto load the page [Alberto opens the U test page], Alberto star registration [Alberto clicks on button to start registration]], When user registers their data and their devices by completing the text boxes
| strName | strLastName | strEmail | strMonth | strDay | strYear | strCity | strState | strZIP | strCountry | strOS | strVersion | strLanguage | strMobile | strModel | strOsMobile | strPassword | strConfirmPassword |
| Bryan | Umaña Gómez | bugh@gmail.com | June | 20 | 1990 | Ottawa | Ontario | Z1R | Canada | Linux | Kali | Spanish | Motorola | W220 | Java ME | Choucair2021* | Choucair2021* | [Alberto register personal data [Alberto enters 'Bryan' into when you write your first name, Alberto enters 'Umaña Gómez' into when you write your last name, Alberto enters 'bugh@gmail.com' into when you write your email, Alberto select June on when you write the month of birthday, Alberto select 20 on when you write the day of birthday, Alberto select 1990 on when you write the year of birthday, Alberto clicks on button to go to the next step], Alberto register address data [Alberto clicks on when you write the city in which you live, Alberto enters 'Ottawa' into when you write the city in which you live, Alberto enters ARROW_DOWN into when you write the city in which you live, Alberto enters ENTER into when you write the city in which you live, Alberto clicks on when you write the zip code of the city, Alberto enters 'Z1R' into when you write the zip code of the city, Alberto clicks on when you select the country, Alberto clicks on select your country, Alberto clicks on when you select your state, Alberto clicks on select you state, Alberto clicks on button to go to the next step]]
[Test worker] WARN net.thucydides.core.steps.BaseStepListener - stepFinished: current outcome:successful account creation:Given user enters the UTest platform [Alberto load the page [Alberto opens the U test page], Alberto star registration [Alberto clicks on button to start registration]], When user registers their data and their devices by completing the text boxes
| strName | strLastName | strEmail | strMonth | strDay | strYear | strCity | strState | strZIP | strCountry | strOS | strVersion | strLanguage | strMobile | strModel | strOsMobile | strPassword | strConfirmPassword |
| Bryan | Umaña Gómez | bugh@gmail.com | June | 20 | 1990 | Ottawa | Ontario | Z1R | Canada | Linux | Kali | Spanish | Motorola | W220 | Java ME | Choucair2021* | Choucair2021* | [Alberto register personal data [Alberto enters 'Bryan' into when you write your first name, Alberto enters 'Umaña Gómez' into when you write your last name, Alberto enters 'bugh@gmail.com' into when you write your email, Alberto select June on when you write the month of birthday, Alberto select 20 on when you write the day of birthday, Alberto select 1990 on when you write the year of birthday, Alberto clicks on button to go to the next step], Alberto register address data [Alberto clicks on when you write the city in which you live, Alberto enters 'Ottawa' into when you write the city in which you live, Alberto enters ARROW_DOWN into when you write the city in which you live, Alberto enters ENTER into when you write the city in which you live, Alberto clicks on when you write the zip code of the city, Alberto enters 'Z1R' into when you write the zip code of the city, Alberto clicks on when you select the country, Alberto clicks on select your country, Alberto clicks on when you select your state, Alberto clicks on select you state, Alberto clicks on button to go to the next step]]
[Test worker] WARN net.thucydides.core.steps.BaseStepListener - stepStarted: net.thucydides.core.steps.ExecutedStepDescription@5be30773
[Test worker] WARN net.thucydides.core.steps.BaseStepListener - stepStarted: net.thucydides.core.steps.ExecutedStepDescription@106d82c4
[Test worker] WARN net.thucydides.core.steps.BaseStepListener - stepFinished: current outcome:successful account creation:Given user enters the UTest platform [Alberto load the page [Alberto opens the U test page], Alberto star registration [Alberto clicks on button to start registration]], When user registers their data and their devices by completing the text boxes
| strName | strLastName | strEmail | strMonth | strDay | strYear | strCity | strState | strZIP | strCountry | strOS | strVersion | strLanguage | strMobile | strModel | strOsMobile | strPassword | strConfirmPassword |
| Bryan | Umaña Gómez | bugh@gmail.com | June | 20 | 1990 | Ottawa | Ontario | Z1R | Canada | Linux | Kali | Spanish | Motorola | W220 | Java ME | Choucair2021* | Choucair2021* | [Alberto register personal data [Alberto enters 'Bryan' into when you write your first name, Alberto enters 'Umaña Gómez' into when you write your last name, Alberto enters 'bugh@gmail.com' into when you write your email, Alberto select June on when you write the month of birthday, Alberto select 20 on when you write the day of birthday, Alberto select 1990 on when you write the year of birthday, Alberto clicks on button to go to the next step], Alberto register address data [Alberto clicks on when you write the city in which you live, Alberto enters 'Ottawa' into when you write the city in which you live, Alberto enters ARROW_DOWN into when you write the city in which you live, Alberto enters ENTER into when you write the city in which you live, Alberto clicks on when you write the zip code of the city, Alberto enters 'Z1R' into when you write the zip code of the city, Alberto clicks on when you select the country, Alberto clicks on select your country, Alberto clicks on when you select your state, Alberto clicks on select you state, Alberto clicks on button to go to the next step], Alberto register devices data [Alberto clicks on select your computer's operating system]]
[Test worker] WARN net.thucydides.core.steps.BaseStepListener - stepStarted: net.thucydides.core.steps.ExecutedStepDescription@72b4710a
[Test worker] WARN net.thucydides.core.steps.BaseStepListener - stepFinished: current outcome:successful account creation:Given user enters the UTest platform [Alberto load the page [Alberto opens the U test page], Alberto star registration [Alberto clicks on button to start registration]], When user registers their data and their devices by completing the text boxes
| strName | strLastName | strEmail | strMonth | strDay | strYear | strCity | strState | strZIP | strCountry | strOS | strVersion | strLanguage | strMobile | strModel | strOsMobile | strPassword | strConfirmPassword |
| Bryan | Umaña Gómez | bugh@gmail.com | June | 20 | 1990 | Ottawa | Ontario | Z1R | Canada | Linux | Kali | Spanish | Motorola | W220 | Java ME | Choucair2021* | Choucair2021* | [Alberto register personal data [Alberto enters 'Bryan' into when you write your first name, Alberto enters 'Umaña Gómez' into when you write your last name, Alberto enters 'bugh@gmail.com' into when you write your email, Alberto select June on when you write the month of birthday, Alberto select 20 on when you write the day of birthday, Alberto select 1990 on when you write the year of birthday, Alberto clicks on button to go to the next step], Alberto register address data [Alberto clicks on when you write the city in which you live, Alberto enters 'Ottawa' into when you write the city in which you live, Alberto enters ARROW_DOWN into when you write the city in which you live, Alberto enters ENTER into when you write the city in which you live, Alberto clicks on when you write the zip code of the city, Alberto enters 'Z1R' into when you write the zip code of the city, Alberto clicks on when you select the country, Alberto clicks on select your country, Alberto clicks on when you select your state, Alberto clicks on select you state, Alberto clicks on button to go to the next step], Alberto register devices data [Alberto clicks on select your computer's operating system, Alberto clicks on select your operating system]]
[Test worker] WARN net.thucydides.core.steps.BaseStepListener - stepStarted: net.thucydides.core.steps.ExecutedStepDescription@33413fcb
[Test worker] WARN net.thucydides.core.steps.BaseStepListener - stepFinished: current outcome:successful account creation:Given user enters the UTest platform [Alberto load the page [Alberto opens the U test page], Alberto star registration [Alberto clicks on button to start registration]], When user registers their data and their devices by completing the text boxes
| strName | strLastName | strEmail | strMonth | strDay | strYear | strCity | strState | strZIP | strCountry | strOS | strVersion | strLanguage | strMobile | strModel | strOsMobile | strPassword | strConfirmPassword |
| Bryan | Umaña Gómez | bugh@gmail.com | June | 20 | 1990 | Ottawa | Ontario | Z1R | Canada | Linux | Kali | Spanish | Motorola | W220 | Java ME | Choucair2021* | Choucair2021* | [Alberto register personal data [Alberto enters 'Bryan' into when you write your first name, Alberto enters 'Umaña Gómez' into when you write your last name, Alberto enters 'bugh@gmail.com' into when you write your email, Alberto select June on when you write the month of birthday, Alberto select 20 on when you write the day of birthday, Alberto select 1990 on when you write the year of birthday, Alberto clicks on button to go to the next step], Alberto register address data [Alberto clicks on when you write the city in which you live, Alberto enters 'Ottawa' into when you write the city in which you live, Alberto enters ARROW_DOWN into when you write the city in which you live, Alberto enters ENTER into when you write the city in which you live, Alberto clicks on when you write the zip code of the city, Alberto enters 'Z1R' into when you write the zip code of the city, Alberto clicks on when you select the country, Alberto clicks on select your country, Alberto clicks on when you select your state, Alberto clicks on select you state, Alberto clicks on button to go to the next step], Alberto register devices data [Alberto clicks on select your computer's operating system, Alberto clicks on select your operating system, Alberto clicks on select the version of the operating system]]
[Test worker] WARN net.thucydides.core.steps.BaseStepListener - stepStarted: net.thucydides.core.steps.ExecutedStepDescription@17014de9
[Test worker] WARN net.thucydides.core.steps.BaseStepListener - stepFinished: current outcome:successful account creation:Given user enters the UTest platform [Alberto load the page [Alberto opens the U test page], Alberto star registration [Alberto clicks on button to start registration]], When user registers their data and their devices by completing the text boxes
| strName | strLastName | strEmail | strMonth | strDay | strYear | strCity | strState | strZIP | strCountry | strOS | strVersion | strLanguage | strMobile | strModel | strOsMobile | strPassword | strConfirmPassword |
| Bryan | Umaña Gómez | bugh@gmail.com | June | 20 | 1990 | Ottawa | Ontario | Z1R | Canada | Linux | Kali | Spanish | Motorola | W220 | Java ME | Choucair2021* | Choucair2021* | [Alberto register personal data [Alberto enters 'Bryan' into when you write your first name, Alberto enters 'Umaña Gómez' into when you write your last name, Alberto enters 'bugh@gmail.com' into when you write your email, Alberto select June on when you write the month of birthday, Alberto select 20 on when you write the day of birthday, Alberto select 1990 on when you write the year of birthday, Alberto clicks on button to go to the next step], Alberto register address data [Alberto clicks on when you write the city in which you live, Alberto enters 'Ottawa' into when you write the city in which you live, Alberto enters ARROW_DOWN into when you write the city in which you live, Alberto enters ENTER into when you write the city in which you live, Alberto clicks on when you write the zip code of the city, Alberto enters 'Z1R' into when you write the zip code of the city, Alberto clicks on when you select the country, Alberto clicks on select your country, Alberto clicks on when you select your state, Alberto clicks on select you state, Alberto clicks on button to go to the next step], Alberto register devices data [Alberto clicks on select your computer's operating system, Alberto clicks on select your operating system, Alberto clicks on select the version of the operating system, Alberto clicks on select your version]]
[Test worker] WARN net.thucydides.core.steps.BaseStepListener - stepStarted: net.thucydides.core.steps.ExecutedStepDescription@2af209da
[Test worker] WARN net.thucydides.core.steps.BaseStepListener - stepFinished: current outcome:successful account creation:Given user enters the UTest platform [Alberto load the page [Alberto opens the U test page], Alberto star registration [Alberto clicks on button to start registration]], When user registers their data and their devices by completing the text boxes
| strName | strLastName | strEmail | strMonth | strDay | strYear | strCity | strState | strZIP | strCountry | strOS | strVersion | strLanguage | strMobile | strModel | strOsMobile | strPassword | strConfirmPassword |
| Bryan | Umaña Gómez | bugh@gmail.com | June | 20 | 1990 | Ottawa | Ontario | Z1R | Canada | Linux | Kali | Spanish | Motorola | W220 | Java ME | Choucair2021* | Choucair2021* | [Alberto register personal data [Alberto enters 'Bryan' into when you write your first name, Alberto enters 'Umaña Gómez' into when you write your last name, Alberto enters 'bugh@gmail.com' into when you write your email, Alberto select June on when you write the month of birthday, Alberto select 20 on when you write the day of birthday, Alberto select 1990 on when you write the year of birthday, Alberto clicks on button to go to the next step], Alberto register address data [Alberto clicks on when you write the city in which you live, Alberto enters 'Ottawa' into when you write the city in which you live, Alberto enters ARROW_DOWN into when you write the city in which you live, Alberto enters ENTER into when you write the city in which you live, Alberto clicks on when you write the zip code of the city, Alberto enters 'Z1R' into when you write the zip code of the city, Alberto clicks on when you select the country, Alberto clicks on select your country, Alberto clicks on when you select your state, Alberto clicks on select you state, Alberto clicks on button to go to the next step], Alberto register devices data [Alberto clicks on select your computer's operating system, Alberto clicks on select your operating system, Alberto clicks on select the version of the operating system, Alberto clicks on select your version, Alberto clicks on select your language]]
[Test worker] WARN net.thucydides.core.steps.BaseStepListener - stepStarted: net.thucydides.core.steps.ExecutedStepDescription@46802558
[Test worker] WARN net.thucydides.core.steps.BaseStepListener - stepFinished: current outcome:successful account creation:Given user enters the UTest platform [Alberto load the page [Alberto opens the U test page], Alberto star registration [Alberto clicks on button to start registration]], When user registers their data and their devices by completing the text boxes
| strName | strLastName | strEmail | strMonth | strDay | strYear | strCity | strState | strZIP | strCountry | strOS | strVersion | strLanguage | strMobile | strModel | strOsMobile | strPassword | strConfirmPassword |
| Bryan | Umaña Gómez | bugh@gmail.com | June | 20 | 1990 | Ottawa | Ontario | Z1R | Canada | Linux | Kali | Spanish | Motorola | W220 | Java ME | Choucair2021* | Choucair2021* | [Alberto register personal data [Alberto enters 'Bryan' into when you write your first name, Alberto enters 'Umaña Gómez' into when you write your last name, Alberto enters 'bugh@gmail.com' into when you write your email, Alberto select June on when you write the month of birthday, Alberto select 20 on when you write the day of birthday, Alberto select 1990 on when you write the year of birthday, Alberto clicks on button to go to the next step], Alberto register address data [Alberto clicks on when you write the city in which you live, Alberto enters 'Ottawa' into when you write the city in which you live, Alberto enters ARROW_DOWN into when you write the city in which you live, Alberto enters ENTER into when you write the city in which you live, Alberto clicks on when you write the zip code of the city, Alberto enters 'Z1R' into when you write the zip code of the city, Alberto clicks on when you select the country, Alberto clicks on select your country, Alberto clicks on when you select your state, Alberto clicks on select you state, Alberto clicks on button to go to the next step], Alberto register devices data [Alberto clicks on select your computer's operating system, Alberto clicks on select your operating system, Alberto clicks on select the version of the operating system, Alberto clicks on select your version, Alberto clicks on select your language, Alberto clicks on select your language]]
[Test worker] WARN net.thucydides.core.steps.BaseStepListener - stepStarted: net.thucydides.core.steps.ExecutedStepDescription@1c972022
[Test worker] WARN net.thucydides.core.steps.BaseStepListener - stepFinished: current outcome:successful account creation:Given user enters the UTest platform [Alberto load the page [Alberto opens the U test page], Alberto star registration [Alberto clicks on button to start registration]], When user registers their data and their devices by completing the text boxes
| strName | strLastName | strEmail | strMonth | strDay | strYear | strCity | strState | strZIP | strCountry | strOS | strVersion | strLanguage | strMobile | strModel | strOsMobile | strPassword | strConfirmPassword |
| Bryan | Umaña Gómez | bugh@gmail.com | June | 20 | 1990 | Ottawa | Ontario | Z1R | Canada | Linux | Kali | Spanish | Motorola | W220 | Java ME | Choucair2021* | Choucair2021* | [Alberto register personal data [Alberto enters 'Bryan' into when you write your first name, Alberto enters 'Umaña Gómez' into when you write your last name, Alberto enters 'bugh@gmail.com' into when you write your email, Alberto select June on when you write the month of birthday, Alberto select 20 on when you write the day of birthday, Alberto select 1990 on when you write the year of birthday, Alberto clicks on button to go to the next step], Alberto register address data [Alberto clicks on when you write the city in which you live, Alberto enters 'Ottawa' into when you write the city in which you live, Alberto enters ARROW_DOWN into when you write the city in which you live, Alberto enters ENTER into when you write the city in which you live, Alberto clicks on when you write the zip code of the city, Alberto enters 'Z1R' into when you write the zip code of the city, Alberto clicks on when you select the country, Alberto clicks on select your country, Alberto clicks on when you select your state, Alberto clicks on select you state, Alberto clicks on button to go to the next step], Alberto register devices data [Alberto clicks on select your computer's operating system, Alberto clicks on select your operating system, Alberto clicks on select the version of the operating system, Alberto clicks on select your version, Alberto clicks on select your language, Alberto clicks on select your language, Alberto clicks on select your mobile device]]
[Test worker] WARN net.thucydides.core.steps.BaseStepListener - stepStarted: net.thucydides.core.steps.ExecutedStepDescription@756b620a
[Test worker] WARN net.thucydides.core.steps.BaseStepListener - stepFinished: current outcome:successful account creation:Given user enters the UTest platform [Alberto load the page [Alberto opens the U test page], Alberto star registration [Alberto clicks on button to start registration]], When user registers their data and their devices by completing the text boxes
| strName | strLastName | strEmail | strMonth | strDay | strYear | strCity | strState | strZIP | strCountry | strOS | strVersion | strLanguage | strMobile | strModel | strOsMobile | strPassword | strConfirmPassword |
| Bryan | Umaña Gómez | bugh@gmail.com | June | 20 | 1990 | Ottawa | Ontario | Z1R | Canada | Linux | Kali | Spanish | Motorola | W220 | Java ME | Choucair2021* | Choucair2021* | [Alberto register personal data [Alberto enters 'Bryan' into when you write your first name, Alberto enters 'Umaña Gómez' into when you write your last name, Alberto enters 'bugh@gmail.com' into when you write your email, Alberto select June on when you write the month of birthday, Alberto select 20 on when you write the day of birthday, Alberto select 1990 on when you write the year of birthday, Alberto clicks on button to go to the next step], Alberto register address data [Alberto clicks on when you write the city in which you live, Alberto enters 'Ottawa' into when you write the city in which you live, Alberto enters ARROW_DOWN into when you write the city in which you live, Alberto enters ENTER into when you write the city in which you live, Alberto clicks on when you write the zip code of the city, Alberto enters 'Z1R' into when you write the zip code of the city, Alberto clicks on when you select the country, Alberto clicks on select your country, Alberto clicks on when you select your state, Alberto clicks on select you state, Alberto clicks on button to go to the next step], Alberto register devices data [Alberto clicks on select your computer's operating system, Alberto clicks on select your operating system, Alberto clicks on select the version of the operating system, Alberto clicks on select your version, Alberto clicks on select your language, Alberto clicks on select your language, Alberto clicks on select your mobile device, Alberto clicks on select your mobile device]]
[Test worker] WARN net.thucydides.core.steps.BaseStepListener - stepStarted: net.thucydides.core.steps.ExecutedStepDescription@31f5beba
[Test worker] WARN net.thucydides.core.steps.BaseStepListener - stepFinished: current outcome:successful account creation:Given user enters the UTest platform [Alberto load the page [Alberto opens the U test page], Alberto star registration [Alberto clicks on button to start registration]], When user registers their data and their devices by completing the text boxes
| strName | strLastName | strEmail | strMonth | strDay | strYear | strCity | strState | strZIP | strCountry | strOS | strVersion | strLanguage | strMobile | strModel | strOsMobile | strPassword | strConfirmPassword |
| Bryan | Umaña Gómez | bugh@gmail.com | June | 20 | 1990 | Ottawa | Ontario | Z1R | Canada | Linux | Kali | Spanish | Motorola | W220 | Java ME | Choucair2021* | Choucair2021* | [Alberto register personal data [Alberto enters 'Bryan' into when you write your first name, Alberto enters 'Umaña Gómez' into when you write your last name, Alberto enters 'bugh@gmail.com' into when you write your email, Alberto select June on when you write the month of birthday, Alberto select 20 on when you write the day of birthday, Alberto select 1990 on when you write the year of birthday, Alberto clicks on button to go to the next step], Alberto register address data [Alberto clicks on when you write the city in which you live, Alberto enters 'Ottawa' into when you write the city in which you live, Alberto enters ARROW_DOWN into when you write the city in which you live, Alberto enters ENTER into when you write the city in which you live, Alberto clicks on when you write the zip code of the city, Alberto enters 'Z1R' into when you write the zip code of the city, Alberto clicks on when you select the country, Alberto clicks on select your country, Alberto clicks on when you select your state, Alberto clicks on select you state, Alberto clicks on button to go to the next step], Alberto register devices data [Alberto clicks on select your computer's operating system, Alberto clicks on select your operating system, Alberto clicks on select the version of the operating system, Alberto clicks on select your version, Alberto clicks on select your language, Alberto clicks on select your language, Alberto clicks on select your mobile device, Alberto clicks on select your mobile device, Alberto clicks on select the model of your mobile device]]
[Test worker] WARN net.thucydides.core.steps.BaseStepListener - stepStarted: net.thucydides.core.steps.ExecutedStepDescription@594af9ed
[Test worker] WARN net.thucydides.core.steps.BaseStepListener - stepFinished: current outcome:successful account creation:Given user enters the UTest platform [Alberto load the page [Alberto opens the U test page], Alberto star registration [Alberto clicks on button to start registration]], When user registers their data and their devices by completing the text boxes
| strName | strLastName | strEmail | strMonth | strDay | strYear | strCity | strState | strZIP | strCountry | strOS | strVersion | strLanguage | strMobile | strModel | strOsMobile | strPassword | strConfirmPassword |
| Bryan | Umaña Gómez | bugh@gmail.com | June | 20 | 1990 | Ottawa | Ontario | Z1R | Canada | Linux | Kali | Spanish | Motorola | W220 | Java ME | Choucair2021* | Choucair2021* | [Alberto register personal data [Alberto enters 'Bryan' into when you write your first name, Alberto enters 'Umaña Gómez' into when you write your last name, Alberto enters 'bugh@gmail.com' into when you write your email, Alberto select June on when you write the month of birthday, Alberto select 20 on when you write the day of birthday, Alberto select 1990 on when you write the year of birthday, Alberto clicks on button to go to the next step], Alberto register address data [Alberto clicks on when you write the city in which you live, Alberto enters 'Ottawa' into when you write the city in which you live, Alberto enters ARROW_DOWN into when you write the city in which you live, Alberto enters ENTER into when you write the city in which you live, Alberto clicks on when you write the zip code of the city, Alberto enters 'Z1R' into when you write the zip code of the city, Alberto clicks on when you select the country, Alberto clicks on select your country, Alberto clicks on when you select your state, Alberto clicks on select you state, Alberto clicks on button to go to the next step], Alberto register devices data [Alberto clicks on select your computer's operating system, Alberto clicks on select your operating system, Alberto clicks on select the version of the operating system, Alberto clicks on select your version, Alberto clicks on select your language, Alberto clicks on select your language, Alberto clicks on select your mobile device, Alberto clicks on select your mobile device, Alberto clicks on select the model of your mobile device, Alberto clicks on the model is E5]]
[Test worker] WARN net.thucydides.core.steps.BaseStepListener - stepStarted: net.thucydides.core.steps.ExecutedStepDescription@265f64e5
[Test worker] WARN net.thucydides.core.steps.BaseStepListener - stepFinished: current outcome:successful account creation:Given user enters the UTest platform [Alberto load the page [Alberto opens the U test page], Alberto star registration [Alberto clicks on button to start registration]], When user registers their data and their devices by completing the text boxes
| strName | strLastName | strEmail | strMonth | strDay | strYear | strCity | strState | strZIP | strCountry | strOS | strVersion | strLanguage | strMobile | strModel | strOsMobile | strPassword | strConfirmPassword |
| Bryan | Umaña Gómez | bugh@gmail.com | June | 20 | 1990 | Ottawa | Ontario | Z1R | Canada | Linux | Kali | Spanish | Motorola | W220 | Java ME | Choucair2021* | Choucair2021* | [Alberto register personal data [Alberto enters 'Bryan' into when you write your first name, Alberto enters 'Umaña Gómez' into when you write your last name, Alberto enters 'bugh@gmail.com' into when you write your email, Alberto select June on when you write the month of birthday, Alberto select 20 on when you write the day of birthday, Alberto select 1990 on when you write the year of birthday, Alberto clicks on button to go to the next step], Alberto register address data [Alberto clicks on when you write the city in which you live, Alberto enters 'Ottawa' into when you write the city in which you live, Alberto enters ARROW_DOWN into when you write the city in which you live, Alberto enters ENTER into when you write the city in which you live, Alberto clicks on when you write the zip code of the city, Alberto enters 'Z1R' into when you write the zip code of the city, Alberto clicks on when you select the country, Alberto clicks on select your country, Alberto clicks on when you select your state, Alberto clicks on select you state, Alberto clicks on button to go to the next step], Alberto register devices data [Alberto clicks on select your computer's operating system, Alberto clicks on select your operating system, Alberto clicks on select the version of the operating system, Alberto clicks on select your version, Alberto clicks on select your language, Alberto clicks on select your language, Alberto clicks on select your mobile device, Alberto clicks on select your mobile device, Alberto clicks on select the model of your mobile device, Alberto clicks on the model is E5, Alberto clicks on select the operative system of your mobile device]]
[Test worker] WARN net.thucydides.core.steps.BaseStepListener - stepStarted: net.thucydides.core.steps.ExecutedStepDescription@23e9e54a
[Test worker] WARN net.thucydides.core.steps.BaseStepListener - stepFinished: current outcome:successful account creation:Given user enters the UTest platform [Alberto load the page [Alberto opens the U test page], Alberto star registration [Alberto clicks on button to start registration]], When user registers their data and their devices by completing the text boxes
| strName | strLastName | strEmail | strMonth | strDay | strYear | strCity | strState | strZIP | strCountry | strOS | strVersion | strLanguage | strMobile | strModel | strOsMobile | strPassword | strConfirmPassword |
| Bryan | Umaña Gómez | bugh@gmail.com | June | 20 | 1990 | Ottawa | Ontario | Z1R | Canada | Linux | Kali | Spanish | Motorola | W220 | Java ME | Choucair2021* | Choucair2021* | [Alberto register personal data [Alberto enters 'Bryan' into when you write your first name, Alberto enters 'Umaña Gómez' into when you write your last name, Alberto enters 'bugh@gmail.com' into when you write your email, Alberto select June on when you write the month of birthday, Alberto select 20 on when you write the day of birthday, Alberto select 1990 on when you write the year of birthday, Alberto clicks on button to go to the next step], Alberto register address data [Alberto clicks on when you write the city in which you live, Alberto enters 'Ottawa' into when you write the city in which you live, Alberto enters ARROW_DOWN into when you write the city in which you live, Alberto enters ENTER into when you write the city in which you live, Alberto clicks on when you write the zip code of the city, Alberto enters 'Z1R' into when you write the zip code of the city, Alberto clicks on when you select the country, Alberto clicks on select your country, Alberto clicks on when you select your state, Alberto clicks on select you state, Alberto clicks on button to go to the next step], Alberto register devices data [Alberto clicks on select your computer's operating system, Alberto clicks on select your operating system, Alberto clicks on select the version of the operating system, Alberto clicks on select your version, Alberto clicks on select your language, Alberto clicks on select your language, Alberto clicks on select your mobile device, Alberto clicks on select your mobile device, Alberto clicks on select the model of your mobile device, Alberto clicks on the model is E5, Alberto clicks on select the operative system of your mobile device, Alberto clicks on select the operative system]]
[Test worker] WARN net.thucydides.core.steps.BaseStepListener - stepStarted: net.thucydides.core.steps.ExecutedStepDescription@356203c8
[Test worker] WARN net.thucydides.core.steps.BaseStepListener - stepFinished: current outcome:successful account creation:Given user enters the UTest platform [Alberto load the page [Alberto opens the U test page], Alberto star registration [Alberto clicks on button to start registration]], When user registers their data and their devices by completing the text boxes
| strName | strLastName | strEmail | strMonth | strDay | strYear | strCity | strState | strZIP | strCountry | strOS | strVersion | strLanguage | strMobile | strModel | strOsMobile | strPassword | strConfirmPassword |
| Bryan | Umaña Gómez | bugh@gmail.com | June | 20 | 1990 | Ottawa | Ontario | Z1R | Canada | Linux | Kali | Spanish | Motorola | W220 | Java ME | Choucair2021* | Choucair2021* | [Alberto register personal data [Alberto enters 'Bryan' into when you write your first name, Alberto enters 'Umaña Gómez' into when you write your last name, Alberto enters 'bugh@gmail.com' into when you write your email, Alberto select June on when you write the month of birthday, Alberto select 20 on when you write the day of birthday, Alberto select 1990 on when you write the year of birthday, Alberto clicks on button to go to the next step], Alberto register address data [Alberto clicks on when you write the city in which you live, Alberto enters 'Ottawa' into when you write the city in which you live, Alberto enters ARROW_DOWN into when you write the city in which you live, Alberto enters ENTER into when you write the city in which you live, Alberto clicks on when you write the zip code of the city, Alberto enters 'Z1R' into when you write the zip code of the city, Alberto clicks on when you select the country, Alberto clicks on select your country, Alberto clicks on when you select your state, Alberto clicks on select you state, Alberto clicks on button to go to the next step], Alberto register devices data [Alberto clicks on select your computer's operating system, Alberto clicks on select your operating system, Alberto clicks on select the version of the operating system, Alberto clicks on select your version, Alberto clicks on select your language, Alberto clicks on select your language, Alberto clicks on select your mobile device, Alberto clicks on select your mobile device, Alberto clicks on select the model of your mobile device, Alberto clicks on the model is E5, Alberto clicks on select the operative system of your mobile device, Alberto clicks on select the operative system, Alberto clicks on button to go to the next step]]
[Test worker] WARN net.thucydides.core.steps.BaseStepListener - stepFinished: current outcome:successful account creation:Given user enters the UTest platform [Alberto load the page [Alberto opens the U test page], Alberto star registration [Alberto clicks on button to start registration]], When user registers their data and their devices by completing the text boxes
| strName | strLastName | strEmail | strMonth | strDay | strYear | strCity | strState | strZIP | strCountry | strOS | strVersion | strLanguage | strMobile | strModel | strOsMobile | strPassword | strConfirmPassword |
| Bryan | Umaña Gómez | bugh@gmail.com | June | 20 | 1990 | Ottawa | Ontario | Z1R | Canada | Linux | Kali | Spanish | Motorola | W220 | Java ME | Choucair2021* | Choucair2021* | [Alberto register personal data [Alberto enters 'Bryan' into when you write your first name, Alberto enters 'Umaña Gómez' into when you write your last name, Alberto enters 'bugh@gmail.com' into when you write your email, Alberto select June on when you write the month of birthday, Alberto select 20 on when you write the day of birthday, Alberto select 1990 on when you write the year of birthday, Alberto clicks on button to go to the next step], Alberto register address data [Alberto clicks on when you write the city in which you live, Alberto enters 'Ottawa' into when you write the city in which you live, Alberto enters ARROW_DOWN into when you write the city in which you live, Alberto enters ENTER into when you write the city in which you live, Alberto clicks on when you write the zip code of the city, Alberto enters 'Z1R' into when you write the zip code of the city, Alberto clicks on when you select the country, Alberto clicks on select your country, Alberto clicks on when you select your state, Alberto clicks on select you state, Alberto clicks on button to go to the next step], Alberto register devices data [Alberto clicks on select your computer's operating system, Alberto clicks on select your operating system, Alberto clicks on select the version of the operating system, Alberto clicks on select your version, Alberto clicks on select your language, Alberto clicks on select your language, Alberto clicks on select your mobile device, Alberto clicks on select your mobile device, Alberto clicks on select the model of your mobile device, Alberto clicks on the model is E5, Alberto clicks on select the operative system of your mobile device, Alberto clicks on select the operative system, Alberto clicks on button to go to the next step]]
[Test worker] WARN net.thucydides.core.steps.BaseStepListener - stepStarted: net.thucydides.core.steps.ExecutedStepDescription@19067344
[Test worker] WARN net.thucydides.core.steps.BaseStepListener - stepStarted: net.thucydides.core.steps.ExecutedStepDescription@64c003ab
[Test worker] WARN net.thucydides.core.steps.BaseStepListener - stepFinished: current outcome:successful account creation:Given user enters the UTest platform [Alberto load the page [Alberto opens the U test page], Alberto star registration [Alberto clicks on button to start registration]], When user registers their data and their devices by completing the text boxes
| strName | strLastName | strEmail | strMonth | strDay | strYear | strCity | strState | strZIP | strCountry | strOS | strVersion | strLanguage | strMobile | strModel | strOsMobile | strPassword | strConfirmPassword |
| Bryan | Umaña Gómez | bugh@gmail.com | June | 20 | 1990 | Ottawa | Ontario | Z1R | Canada | Linux | Kali | Spanish | Motorola | W220 | Java ME | Choucair2021* | Choucair2021* | [Alberto register personal data [Alberto enters 'Bryan' into when you write your first name, Alberto enters 'Umaña Gómez' into when you write your last name, Alberto enters 'bugh@gmail.com' into when you write your email, Alberto select June on when you write the month of birthday, Alberto select 20 on when you write the day of birthday, Alberto select 1990 on when you write the year of birthday, Alberto clicks on button to go to the next step], Alberto register address data [Alberto clicks on when you write the city in which you live, Alberto enters 'Ottawa' into when you write the city in which you live, Alberto enters ARROW_DOWN into when you write the city in which you live, Alberto enters ENTER into when you write the city in which you live, Alberto clicks on when you write the zip code of the city, Alberto enters 'Z1R' into when you write the zip code of the city, Alberto clicks on when you select the country, Alberto clicks on select your country, Alberto clicks on when you select your state, Alberto clicks on select you state, Alberto clicks on button to go to the next step], Alberto register devices data [Alberto clicks on select your computer's operating system, Alberto clicks on select your operating system, Alberto clicks on select the version of the operating system, Alberto clicks on select your version, Alberto clicks on select your language, Alberto clicks on select your language, Alberto clicks on select your mobile device, Alberto clicks on select your mobile device, Alberto clicks on select the model of your mobile device, Alberto clicks on the model is E5, Alberto clicks on select the operative system of your mobile device, Alberto clicks on select the operative system, Alberto clicks on button to go to the next step], Alberto register password data [Alberto enters 'Choucair2021*' into when you write your password]]
[Test worker] WARN net.thucydides.core.steps.BaseStepListener - stepStarted: net.thucydides.core.steps.ExecutedStepDescription@1277996e
[Test worker] WARN net.thucydides.core.steps.BaseStepListener - stepFinished: current outcome:successful account creation:Given user enters the UTest platform [Alberto load the page [Alberto opens the U test page], Alberto star registration [Alberto clicks on button to start registration]], When user registers their data and their devices by completing the text boxes
| strName | strLastName | strEmail | strMonth | strDay | strYear | strCity | strState | strZIP | strCountry | strOS | strVersion | strLanguage | strMobile | strModel | strOsMobile | strPassword | strConfirmPassword |
| Bryan | Umaña Gómez | bugh@gmail.com | June | 20 | 1990 | Ottawa | Ontario | Z1R | Canada | Linux | Kali | Spanish | Motorola | W220 | Java ME | Choucair2021* | Choucair2021* | [Alberto register personal data [Alberto enters 'Bryan' into when you write your first name, Alberto enters 'Umaña Gómez' into when you write your last name, Alberto enters 'bugh@gmail.com' into when you write your email, Alberto select June on when you write the month of birthday, Alberto select 20 on when you write the day of birthday, Alberto select 1990 on when you write the year of birthday, Alberto clicks on button to go to the next step], Alberto register address data [Alberto clicks on when you write the city in which you live, Alberto enters 'Ottawa' into when you write the city in which you live, Alberto enters ARROW_DOWN into when you write the city in which you live, Alberto enters ENTER into when you write the city in which you live, Alberto clicks on when you write the zip code of the city, Alberto enters 'Z1R' into when you write the zip code of the city, Alberto clicks on when you select the country, Alberto clicks on select your country, Alberto clicks on when you select your state, Alberto clicks on select you state, Alberto clicks on button to go to the next step], Alberto register devices data [Alberto clicks on select your computer's operating system, Alberto clicks on select your operating system, Alberto clicks on select the version of the operating system, Alberto clicks on select your version, Alberto clicks on select your language, Alberto clicks on select your language, Alberto clicks on select your mobile device, Alberto clicks on select your mobile device, Alberto clicks on select the model of your mobile device, Alberto clicks on the model is E5, Alberto clicks on select the operative system of your mobile device, Alberto clicks on select the operative system, Alberto clicks on button to go to the next step], Alberto register password data [Alberto enters 'Choucair2021*' into when you write your password, Alberto enters 'Choucair2021*' into when you to confirm your password]]
[Test worker] WARN net.thucydides.core.steps.BaseStepListener - stepStarted: net.thucydides.core.steps.ExecutedStepDescription@76895b5
[Test worker] WARN net.thucydides.core.steps.BaseStepListener - stepFinished: current outcome:successful account creation:Given user enters the UTest platform [Alberto load the page [Alberto opens the U test page], Alberto star registration [Alberto clicks on button to start registration]], When user registers their data and their devices by completing the text boxes
| strName | strLastName | strEmail | strMonth | strDay | strYear | strCity | strState | strZIP | strCountry | strOS | strVersion | strLanguage | strMobile | strModel | strOsMobile | strPassword | strConfirmPassword |
| Bryan | Umaña Gómez | bugh@gmail.com | June | 20 | 1990 | Ottawa | Ontario | Z1R | Canada | Linux | Kali | Spanish | Motorola | W220 | Java ME | Choucair2021* | Choucair2021* | [Alberto register personal data [Alberto enters 'Bryan' into when you write your first name, Alberto enters 'Umaña Gómez' into when you write your last name, Alberto enters 'bugh@gmail.com' into when you write your email, Alberto select June on when you write the month of birthday, Alberto select 20 on when you write the day of birthday, Alberto select 1990 on when you write the year of birthday, Alberto clicks on button to go to the next step], Alberto register address data [Alberto clicks on when you write the city in which you live, Alberto enters 'Ottawa' into when you write the city in which you live, Alberto enters ARROW_DOWN into when you write the city in which you live, Alberto enters ENTER into when you write the city in which you live, Alberto clicks on when you write the zip code of the city, Alberto enters 'Z1R' into when you write the zip code of the city, Alberto clicks on when you select the country, Alberto clicks on select your country, Alberto clicks on when you select your state, Alberto clicks on select you state, Alberto clicks on button to go to the next step], Alberto register devices data [Alberto clicks on select your computer's operating system, Alberto clicks on select your operating system, Alberto clicks on select the version of the operating system, Alberto clicks on select your version, Alberto clicks on select your language, Alberto clicks on select your language, Alberto clicks on select your mobile device, Alberto clicks on select your mobile device, Alberto clicks on select the model of your mobile device, Alberto clicks on the model is E5, Alberto clicks on select the operative system of your mobile device, Alberto clicks on select the operative system, Alberto clicks on button to go to the next step], Alberto register password data [Alberto enters 'Choucair2021*' into when you write your password, Alberto enters 'Choucair2021*' into when you to confirm your password, Alberto clicks on when you accept stay informed]]
[Test worker] WARN net.thucydides.core.steps.BaseStepListener - stepStarted: net.thucydides.core.steps.ExecutedStepDescription@6d88d373
[Test worker] WARN net.thucydides.core.steps.BaseStepListener - stepFinished: current outcome:successful account creation:Given user enters the UTest platform [Alberto load the page [Alberto opens the U test page], Alberto star registration [Alberto clicks on button to start registration]], When user registers their data and their devices by completing the text boxes
| strName | strLastName | strEmail | strMonth | strDay | strYear | strCity | strState | strZIP | strCountry | strOS | strVersion | strLanguage | strMobile | strModel | strOsMobile | strPassword | strConfirmPassword |
| Bryan | Umaña Gómez | bugh@gmail.com | June | 20 | 1990 | Ottawa | Ontario | Z1R | Canada | Linux | Kali | Spanish | Motorola | W220 | Java ME | Choucair2021* | Choucair2021* | [Alberto register personal data [Alberto enters 'Bryan' into when you write your first name, Alberto enters 'Umaña Gómez' into when you write your last name, Alberto enters 'bugh@gmail.com' into when you write your email, Alberto select June on when you write the month of birthday, Alberto select 20 on when you write the day of birthday, Alberto select 1990 on when you write the year of birthday, Alberto clicks on button to go to the next step], Alberto register address data [Alberto clicks on when you write the city in which you live, Alberto enters 'Ottawa' into when you write the city in which you live, Alberto enters ARROW_DOWN into when you write the city in which you live, Alberto enters ENTER into when you write the city in which you live, Alberto clicks on when you write the zip code of the city, Alberto enters 'Z1R' into when you write the zip code of the city, Alberto clicks on when you select the country, Alberto clicks on select your country, Alberto clicks on when you select your state, Alberto clicks on select you state, Alberto clicks on button to go to the next step], Alberto register devices data [Alberto clicks on select your computer's operating system, Alberto clicks on select your operating system, Alberto clicks on select the version of the operating system, Alberto clicks on select your version, Alberto clicks on select your language, Alberto clicks on select your language, Alberto clicks on select your mobile device, Alberto clicks on select your mobile device, Alberto clicks on select the model of your mobile device, Alberto clicks on the model is E5, Alberto clicks on select the operative system of your mobile device, Alberto clicks on select the operative system, Alberto clicks on button to go to the next step], Alberto register password data [Alberto enters 'Choucair2021*' into when you write your password, Alberto enters 'Choucair2021*' into when you to confirm your password, Alberto clicks on when you accept stay informed, Alberto clicks on when you accept the terms of use]]
[Test worker] WARN net.thucydides.core.steps.BaseStepListener - stepStarted: net.thucydides.core.steps.ExecutedStepDescription@5082c472
[...]
[Test worker] WARN net.thucydides.core.steps.BaseStepListener - stepFinished: current outcome:successful account creation:Given user enters the UTest platform [Alberto load the page [Alberto opens the U test page], Alberto star registration [Alberto clicks on button to start registration]], When user registers their data and their devices by completing the text boxes
| strName | strLastName | strEmail | strMonth | strDay | strYear | strCity | strState | strZIP | strCountry | strOS | strVersion | strLanguage | strMobile | strModel | strOsMobile | strPassword | strConfirmPassword |
| Bryan | Umaña Gómez | bugh@gmail.com | June | 20 | 1990 | Ottawa | Ontario | Z1R | Canada | Linux | Kali | Spanish | Motorola | W220 | Java ME | Choucair2021* | Choucair2021* | [Alberto register personal data [Alberto enters 'Bryan' into when you write your first name, Alberto enters 'Umaña Gómez' into when you write your last name, Alberto enters 'bugh@gmail.com' into when you write your email, Alberto select June on when you write the month of birthday, Alberto select 20 on when you write the day of birthday, Alberto select 1990 on when you write the year of birthday, Alberto clicks on button to go to the next step], Alberto register address data [Alberto clicks on when you write the city in which you live, Alberto enters 'Ottawa' into when you write the city in which you live, Alberto enters ARROW_DOWN into when you write the city in which you live, Alberto enters ENTER into when you write the city in which you live, Alberto clicks on when you write the zip code of the city, Alberto enters 'Z1R' into when you write the zip code of the city, Alberto clicks on when you select the country, Alberto clicks on select your country, Alberto clicks on when you select your state, Alberto clicks on select you state, Alberto clicks on button to go to the next step], Alberto register devices data [Alberto clicks on select your computer's operating system, Alberto clicks on select your operating system, Alberto clicks on select the version of the operating system, Alberto clicks on select your version, Alberto clicks on select your language, Alberto clicks on select your language, Alberto clicks on select your mobile device, Alberto clicks on select your mobile device, Alberto clicks on select the model of your mobile device, Alberto clicks on the model is E5, Alberto clicks on select the operative system of your mobile device, Alberto clicks on select the operative system, Alberto clicks on button to go to the next step], Alberto register password data [Alberto enters 'Choucair2021*' into when you write your password, Alberto enters 'Choucair2021*' into when you to confirm your password, Alberto clicks on when you accept stay informed, Alberto clicks on when you accept the terms of use, Alberto clicks on when you accept privacy and security policy]]
[Test worker] WARN net.thucydides.core.steps.BaseStepListener - stepStarted: net.thucydides.core.steps.ExecutedStepDescription@160a46ff
[Test worker] WARN net.thucydides.core.steps.BaseStepListener - stepStarted: net.thucydides.core.steps.ExecutedStepDescription@36c8a90a
[Test worker] WARN net.thucydides.core.steps.BaseStepListener - stepFinished: current outcome:successful account creation:Given user enters the UTest platform [Alberto load the page [Alberto opens the U test page], Alberto star registration [Alberto clicks on button to start registration]], When user registers their data and their devices by completing the text boxes
| strName | strLastName | strEmail | strMonth | strDay | strYear | strCity | strState | strZIP | strCountry | strOS | strVersion | strLanguage | strMobile | strModel | strOsMobile | strPassword | strConfirmPassword |
| Bryan | Umaña Gómez | bugh@gmail.com | June | 20 | 1990 | Ottawa | Ontario | Z1R | Canada | Linux | Kali | Spanish | Motorola | W220 | Java ME | Choucair2021* | Choucair2021* | [Alberto register personal data [Alberto enters 'Bryan' into when you write your first name, Alberto enters 'Umaña Gómez' into when you write your last name, Alberto enters 'bugh@gmail.com' into when you write your email, Alberto select June on when you write the month of birthday, Alberto select 20 on when you write the day of birthday, Alberto select 1990 on when you write the year of birthday, Alberto clicks on button to go to the next step], Alberto register address data [Alberto clicks on when you write the city in which you live, Alberto enters 'Ottawa' into when you write the city in which you live, Alberto enters ARROW_DOWN into when you write the city in which you live, Alberto enters ENTER into when you write the city in which you live, Alberto clicks on when you write the zip code of the city, Alberto enters 'Z1R' into when you write the zip code of the city, Alberto clicks on when you select the country, Alberto clicks on select your country, Alberto clicks on when you select your state, Alberto clicks on select you state, Alberto clicks on button to go to the next step], Alberto register devices data [Alberto clicks on select your computer's operating system, Alberto clicks on select your operating system, Alberto clicks on select the version of the operating system, Alberto clicks on select your version, Alberto clicks on select your language, Alberto clicks on select your language, Alberto clicks on select your mobile device, Alberto clicks on select your mobile device, Alberto clicks on select the model of your mobile device, Alberto clicks on the model is E5, Alberto clicks on select the operative system of your mobile device, Alberto clicks on select the operative system, Alberto clicks on button to go to the next step], Alberto register password data [Alberto enters 'Choucair2021*' into when you write your password, Alberto enters 'Choucair2021*' into when you to confirm your password, Alberto clicks on when you accept stay informed, Alberto clicks on when you accept the terms of use, Alberto clicks on when you accept privacy and security policy]], Then user sees the button called
| strNameButton |
| Complete Setup | [Then last step]
[Test worker] WARN net.thucydides.core.steps.BaseStepListener - stepFinished: current outcome:successful account creation:Given user enters the UTest platform [Alberto load the page [Alberto opens the U test page], Alberto star registration [Alberto clicks on button to start registration]], When user registers their data and their devices by completing the text boxes
| strName | strLastName | strEmail | strMonth | strDay | strYear | strCity | strState | strZIP | strCountry | strOS | strVersion | strLanguage | strMobile | strModel | strOsMobile | strPassword | strConfirmPassword |
| Bryan | Umaña Gómez | bugh@gmail.com | June | 20 | 1990 | Ottawa | Ontario | Z1R | Canada | Linux | Kali | Spanish | Motorola | W220 | Java ME | Choucair2021* | Choucair2021* | [Alberto register personal data [Alberto enters 'Bryan' into when you write your first name, Alberto enters 'Umaña Gómez' into when you write your last name, Alberto enters 'bugh@gmail.com' into when you write your email, Alberto select June on when you write the month of birthday, Alberto select 20 on when you write the day of birthday, Alberto select 1990 on when you write the year of birthday, Alberto clicks on button to go to the next step], Alberto register address data [Alberto clicks on when you write the city in which you live, Alberto enters 'Ottawa' into when you write the city in which you live, Alberto enters ARROW_DOWN into when you write the city in which you live, Alberto enters ENTER into when you write the city in which you live, Alberto clicks on when you write the zip code of the city, Alberto enters 'Z1R' into when you write the zip code of the city, Alberto clicks on when you select the country, Alberto clicks on select your country, Alberto clicks on when you select your state, Alberto clicks on select you state, Alberto clicks on button to go to the next step], Alberto register devices data [Alberto clicks on select your computer's operating system, Alberto clicks on select your operating system, Alberto clicks on select the version of the operating system, Alberto clicks on select your version, Alberto clicks on select your language, Alberto clicks on select your language, Alberto clicks on select your mobile device, Alberto clicks on select your mobile device, Alberto clicks on select the model of your mobile device, Alberto clicks on the model is E5, Alberto clicks on select the operative system of your mobile device, Alberto clicks on select the operative system, Alberto clicks on button to go to the next step], Alberto register password data [Alberto enters 'Choucair2021*' into when you write your password, Alberto enters 'Choucair2021*' into when you to confirm your password, Alberto clicks on when you accept stay informed, Alberto clicks on when you accept the terms of use, Alberto clicks on when you accept privacy and security policy]], Then user sees the button called
| strNameButton |
| Complete Setup | [Then last step]
[Test worker] WARN net.thucydides.core.steps.BaseStepListener - testFinished: successful account creation:Given user enters the UTest platform [Alberto load the page [Alberto opens the U test page], Alberto star registration [Alberto clicks on button to start registration]], When user registers their data and their devices by completing the text boxes
| strName | strLastName | strEmail | strMonth | strDay | strYear | strCity | strState | strZIP | strCountry | strOS | strVersion | strLanguage | strMobile | strModel | strOsMobile | strPassword | strConfirmPassword |
| Bryan | Umaña Gómez | bugh@gmail.com | June | 20 | 1990 | Ottawa | Ontario | Z1R | Canada | Linux | Kali | Spanish | Motorola | W220 | Java ME | Choucair2021* | Choucair2021* | [Alberto register personal data [Alberto enters 'Bryan' into when you write your first name, Alberto enters 'Umaña Gómez' into when you write your last name, Alberto enters 'bugh@gmail.com' into when you write your email, Alberto select June on when you write the month of birthday, Alberto select 20 on when you write the day of birthday, Alberto select 1990 on when you write the year of birthday, Alberto clicks on button to go to the next step], Alberto register address data [Alberto clicks on when you write the city in which you live, Alberto enters 'Ottawa' into when you write the city in which you live, Alberto enters ARROW_DOWN into when you write the city in which you live, Alberto enters ENTER into when you write the city in which you live, Alberto clicks on when you write the zip code of the city, Alberto enters 'Z1R' into when you write the zip code of the city, Alberto clicks on when you select the country, Alberto clicks on select your country, Alberto clicks on when you select your state, Alberto clicks on select you state, Alberto clicks on button to go to the next step], Alberto register devices data [Alberto clicks on select your computer's operating system, Alberto clicks on select your operating system, Alberto clicks on select the version of the operating system, Alberto clicks on select your version, Alberto clicks on select your language, Alberto clicks on select your language, Alberto clicks on select your mobile device, Alberto clicks on select your mobile device, Alberto clicks on select the model of your mobile device, Alberto clicks on the model is E5, Alberto clicks on select the operative system of your mobile device, Alberto clicks on select the operative system, Alberto clicks on button to go to the next step], Alberto register password data [Alberto enters 'Choucair2021*' into when you write your password, Alberto enters 'Choucair2021*' into when you to confirm your password, Alberto clicks on when you accept stay informed, Alberto clicks on when you accept the terms of use, Alberto clicks on when you accept privacy and security policy]], Then user sees the button called
| strNameButton |
| Complete Setup | [Then last step]
[Test worker] WARN net.thucydides.core.steps.BaseStepListener - TestOutcomes: [successful account creation:Given user enters the UTest platform [Alberto load the page [Alberto opens the U test page], Alberto star registration [Alberto clicks on button to start registration]], When user registers their data and their devices by completing the text boxes
| strName | strLastName | strEmail | strMonth | strDay | strYear | strCity | strState | strZIP | strCountry | strOS | strVersion | strLanguage | strMobile | strModel | strOsMobile | strPassword | strConfirmPassword |
| Bryan | Umaña Gómez | bugh@gmail.com | June | 20 | 1990 | Ottawa | Ontario | Z1R | Canada | Linux | Kali | Spanish | Motorola | W220 | Java ME | Choucair2021* | Choucair2021* | [Alberto register personal data [Alberto enters 'Bryan' into when you write your first name, Alberto enters 'Umaña Gómez' into when you write your last name, Alberto enters 'bugh@gmail.com' into when you write your email, Alberto select June on when you write the month of birthday, Alberto select 20 on when you write the day of birthday, Alberto select 1990 on when you write the year of birthday, Alberto clicks on button to go to the next step], Alberto register address data [Alberto clicks on when you write the city in which you live, Alberto enters 'Ottawa' into when you write the city in which you live, Alberto enters ARROW_DOWN into when you write the city in which you live, Alberto enters ENTER into when you write the city in which you live, Alberto clicks on when you write the zip code of the city, Alberto enters 'Z1R' into when you write the zip code of the city, Alberto clicks on when you select the country, Alberto clicks on select your country, Alberto clicks on when you select your state, Alberto clicks on select you state, Alberto clicks on button to go to the next step], Alberto register devices data [Alberto clicks on select your computer's operating system, Alberto clicks on select your operating system, Alberto clicks on select the version of the operating system, Alberto clicks on select your version, Alberto clicks on select your language, Alberto clicks on select your language, Alberto clicks on select your mobile device, Alberto clicks on select your mobile device, Alberto clicks on select the model of your mobile device, Alberto clicks on the model is E5, Alberto clicks on select the operative system of your mobile device, Alberto clicks on select the operative system, Alberto clicks on button to go to the next step], Alberto register password data [Alberto enters 'Choucair2021*' into when you write your password, Alberto enters 'Choucair2021*' into when you to confirm your password, Alberto clicks on when you accept stay informed, Alberto clicks on when you accept the terms of use, Alberto clicks on when you accept privacy and security policy]], Then user sees the button called
| strNameButton |
| Complete Setup | [Then last step]]
[Test worker] WARN net.thucydides.core.steps.BaseStepListener - Final testOutcomes: [successful account creation:Given user enters the UTest platform [Alberto load the page [Alberto opens the U test page], Alberto star registration [Alberto clicks on button to start registration]], When user registers their data and their devices by completing the text boxes
| strName | strLastName | strEmail | strMonth | strDay | strYear | strCity | strState | strZIP | strCountry | strOS | strVersion | strLanguage | strMobile | strModel | strOsMobile | strPassword | strConfirmPassword |
| Bryan | Umaña Gómez | bugh@gmail.com | June | 20 | 1990 | Ottawa | Ontario | Z1R | Canada | Linux | Kali | Spanish | Motorola | W220 | Java ME | Choucair2021* | Choucair2021* | [Alberto register personal data [Alberto enters 'Bryan' into when you write your first name, Alberto enters 'Umaña Gómez' into when you write your last name, Alberto enters 'bugh@gmail.com' into when you write your email, Alberto select June on when you write the month of birthday, Alberto select 20 on when you write the day of birthday, Alberto select 1990 on when you write the year of birthday, Alberto clicks on button to go to the next step], Alberto register address data [Alberto clicks on when you write the city in which you live, Alberto enters 'Ottawa' into when you write the city in which you live, Alberto enters ARROW_DOWN into when you write the city in which you live, Alberto enters ENTER into when you write the city in which you live, Alberto clicks on when you write the zip code of the city, Alberto enters 'Z1R' into when you write the zip code of the city, Alberto clicks on when you select the country, Alberto clicks on select your country, Alberto clicks on when you select your state, Alberto clicks on select you state, Alberto clicks on button to go to the next step], Alberto register devices data [Alberto clicks on select your computer's operating system, Alberto clicks on select your operating system, Alberto clicks on select the version of the operating system, Alberto clicks on select your version, Alberto clicks on select your language, Alberto clicks on select your language, Alberto clicks on select your mobile device, Alberto clicks on select your mobile device, Alberto clicks on select the model of your mobile device, Alberto clicks on the model is E5, Alberto clicks on select the operative system of your mobile device, Alberto clicks on select the operative system, Alberto clicks on button to go to the next step], Alberto register password data [Alberto enters 'Choucair2021*' into when you write your password, Alberto enters 'Choucair2021*' into when you to confirm your password, Alberto clicks on when you accept stay informed, Alberto clicks on when you accept the terms of use, Alberto clicks on when you accept privacy and security policy]], Then user sees the button called
| strNameButton |
| Complete Setup | [Then last step]]
[Test worker] INFO net.thucydides.core.steps.ConsoleLoggingListener - 
        __    _____ _____ ____ _____   ____   _    ____  ____  _____ ____  
  _     \ \  |_   _| ____/ ___|_   _| |  _ \ / \  / ___|/ ___|| ____|  _ \ 
 (_)_____| |   | | |  _| \___ \ | |   | |_) / _ \ \___ \\___ \|  _| | | | |
  _|_____| |   | | | |___ ___) || |   |  __/ ___ \ ___) |___) | |___| |_| |
 (_)     | |   |_| |_____|____/ |_|   |_| /_/   \_\____/|____/|_____|____/ 
        /_/                                                                

TEST PASSED: successful account creation
----------------------------------------------------------------------------
]]></system-err>
</testsuite>
