<?xml version="1.0" encoding="UTF-8"?>
<testsuite name="New Account On UTest" tests="1" skipped="0" failures="0" errors="0" timestamp="2022-02-03T16:45:55" hostname="DESKTOP-OSH9F67" time="59.107">
  <properties/>
  <testcase name="successful account creation" classname="New Account On UTest" time="59.107"/>
  <system-out><![CDATA[]]></system-out>
  <system-err><![CDATA[[Test worker] WARN net.thucydides.core.steps.BaseStepListener - stepStarted: net.thucydides.core.steps.ExecutedStepDescription@3624da92
[Test worker] WARN net.thucydides.core.steps.BaseStepListener - stepStarted: net.thucydides.core.steps.ExecutedStepDescription@58d63b16
[Test worker] WARN net.thucydides.core.steps.BaseStepListener - stepStarted: net.thucydides.core.steps.ExecutedStepDescription@1549bba7
feb 03, 2022 11:45:57 AM org.openqa.selenium.remote.DesiredCapabilities chrome
INFORMACIÓN: Using `new ChromeOptions()` is preferred to `DesiredCapabilities.chrome()`
[Test worker] INFO net.serenitybdd.core.webdriver.driverproviders.ProvideNewDriver - Instantiating driver
[Test worker] INFO net.serenitybdd.core.webdriver.driverproviders.ProvideNewDriver - Driver capabilities: Capabilities {acceptInsecureCerts: false, browserName: chrome, chrome.switches: --start-maximized, goog:chromeOptions: {args: [--start-maximized], extensions: []}, loggingPrefs: org.openqa.selenium.logging..., platform: ANY, version: }
Starting ChromeDriver 96.0.4664.45 (76e4c1bb2ab4671b8beba3444e61c0f17584b2fc-refs/branch-heads/4664@{#947}) on port 13260
Only local connections are allowed.
Please see https://chromedriver.chromium.org/security-considerations for suggestions on keeping ChromeDriver safe.
ChromeDriver was started successfully.
[1643906760.881][WARNING]: This version of ChromeDriver has not been tested with Chrome version 97.
feb 03, 2022 11:46:01 AM org.openqa.selenium.remote.ProtocolHandshake createSession
INFORMACIÓN: Detected dialect: W3C
[Test worker] WARN net.thucydides.core.steps.BaseStepListener - stepFinished: current outcome:successful account creation:Given user enters the UTest platform [Alberto load the page [Alberto opens the U test page]]
[Test worker] WARN net.thucydides.core.steps.BaseStepListener - stepFinished: current outcome:successful account creation:Given user enters the UTest platform [Alberto load the page [Alberto opens the U test page]]
[Test worker] WARN net.thucydides.core.steps.BaseStepListener - stepStarted: net.thucydides.core.steps.ExecutedStepDescription@1c3259fa
[Test worker] WARN net.thucydides.core.steps.BaseStepListener - stepStarted: net.thucydides.core.steps.ExecutedStepDescription@7327a447
[Test worker] WARN net.thucydides.core.steps.BaseStepListener - stepFinished: current outcome:successful account creation:Given user enters the UTest platform [Alberto load the page [Alberto opens the U test page], Alberto star registration [Alberto clicks on button to start registration]]
[Test worker] WARN net.thucydides.core.steps.BaseStepListener - stepFinished: current outcome:successful account creation:Given user enters the UTest platform [Alberto load the page [Alberto opens the U test page], Alberto star registration [Alberto clicks on button to start registration]]
[Test worker] WARN net.thucydides.core.steps.BaseStepListener - stepFinished: current outcome:successful account creation:Given user enters the UTest platform [Alberto load the page [Alberto opens the U test page], Alberto star registration [Alberto clicks on button to start registration]]
[Test worker] WARN net.thucydides.core.steps.BaseStepListener - stepStarted: net.thucydides.core.steps.ExecutedStepDescription@92d1782
[Test worker] WARN net.thucydides.core.steps.BaseStepListener - stepStarted: net.thucydides.core.steps.ExecutedStepDescription@5d94a2dc
[Test worker] WARN net.thucydides.core.steps.BaseStepListener - stepStarted: net.thucydides.core.steps.ExecutedStepDescription@35b17c06
[Test worker] WARN net.thucydides.core.steps.BaseStepListener - stepFinished: current outcome:successful account creation:Given user enters the UTest platform [Alberto load the page [Alberto opens the U test page], Alberto star registration [Alberto clicks on button to start registration]], When user registers their data and their devices by completing the text boxes
| strName | strLastName | strEmail | strMonth | strDay | strYear | strCity | strState | strZIP | strCountry | strOS | strVersion | strLanguage | strMobile | strModel | strOsMobile | strPassword | strConfirmPassword |
| Bryan | Umaña Gómez | bugh@gmail.com | June | 20 | 1990 | Ottawa | Ontario | Z1R | Canada | Linux | Kali | Spanish | Motorola | W220 | Java ME | Choucair2021* | Choucair2021* | [Alberto register personal data [Alberto enters 'Bryan' into when you write your first name]]
[Test worker] WARN net.thucydides.core.steps.BaseStepListener - stepStarted: net.thucydides.core.steps.ExecutedStepDescription@7161457
[Test worker] WARN net.thucydides.core.steps.BaseStepListener - stepFinished: current outcome:successful account creation:Given user enters the UTest platform [Alberto load the page [Alberto opens the U test page], Alberto star registration [Alberto clicks on button to start registration]], When user registers their data and their devices by completing the text boxes
| strName | strLastName | strEmail | strMonth | strDay | strYear | strCity | strState | strZIP | strCountry | strOS | strVersion | strLanguage | strMobile | strModel | strOsMobile | strPassword | strConfirmPassword |
| Bryan | Umaña Gómez | bugh@gmail.com | June | 20 | 1990 | Ottawa | Ontario | Z1R | Canada | Linux | Kali | Spanish | Motorola | W220 | Java ME | Choucair2021* | Choucair2021* | [Alberto register personal data [Alberto enters 'Bryan' into when you write your first name, Alberto enters 'Umaña Gómez' into when you write your last name]]
[Test worker] WARN net.thucydides.core.steps.BaseStepListener - stepStarted: net.thucydides.core.steps.ExecutedStepDescription@5dc769f9
[Test worker] WARN net.thucydides.core.steps.BaseStepListener - stepFinished: current outcome:successful account creation:Given user enters the UTest platform [Alberto load the page [Alberto opens the U test page], Alberto star registration [Alberto clicks on button to start registration]], When user registers their data and their devices by completing the text boxes
| strName | strLastName | strEmail | strMonth | strDay | strYear | strCity | strState | strZIP | strCountry | strOS | strVersion | strLanguage | strMobile | strModel | strOsMobile | strPassword | strConfirmPassword |
| Bryan | Umaña Gómez | bugh@gmail.com | June | 20 | 1990 | Ottawa | Ontario | Z1R | Canada | Linux | Kali | Spanish | Motorola | W220 | Java ME | Choucair2021* | Choucair2021* | [Alberto register personal data [Alberto enters 'Bryan' into when you write your first name, Alberto enters 'Umaña Gómez' into when you write your last name, Alberto enters 'bugh@gmail.com' into when you write your email]]
[Test worker] WARN net.thucydides.core.steps.BaseStepListener - stepStarted: net.thucydides.core.steps.ExecutedStepDescription@86d6bf7
[Test worker] WARN net.thucydides.core.steps.BaseStepListener - stepFinished: current outcome:successful account creation:Given user enters the UTest platform [Alberto load the page [Alberto opens the U test page], Alberto star registration [Alberto clicks on button to start registration]], When user registers their data and their devices by completing the text boxes
| strName | strLastName | strEmail | strMonth | strDay | strYear | strCity | strState | strZIP | strCountry | strOS | strVersion | strLanguage | strMobile | strModel | strOsMobile | strPassword | strConfirmPassword |
| Bryan | Umaña Gómez | bugh@gmail.com | June | 20 | 1990 | Ottawa | Ontario | Z1R | Canada | Linux | Kali | Spanish | Motorola | W220 | Java ME | Choucair2021* | Choucair2021* | [Alberto register personal data [Alberto enters 'Bryan' into when you write your first name, Alberto enters 'Umaña Gómez' into when you write your last name, Alberto enters 'bugh@gmail.com' into when you write your email, Alberto select June on when you write the month of birthday]]
[Test worker] WARN net.thucydides.core.steps.BaseStepListener - stepStarted: net.thucydides.core.steps.ExecutedStepDescription@7792d851
[Test worker] WARN net.thucydides.core.steps.BaseStepListener - stepFinished: current outcome:successful account creation:Given user enters the UTest platform [Alberto load the page [Alberto opens the U test page], Alberto star registration [Alberto clicks on button to start registration]], When user registers their data and their devices by completing the text boxes
| strName | strLastName | strEmail | strMonth | strDay | strYear | strCity | strState | strZIP | strCountry | strOS | strVersion | strLanguage | strMobile | strModel | strOsMobile | strPassword | strConfirmPassword |
| Bryan | Umaña Gómez | bugh@gmail.com | June | 20 | 1990 | Ottawa | Ontario | Z1R | Canada | Linux | Kali | Spanish | Motorola | W220 | Java ME | Choucair2021* | Choucair2021* | [Alberto register personal data [Alberto enters 'Bryan' into when you write your first name, Alberto enters 'Umaña Gómez' into when you write your last name, Alberto enters 'bugh@gmail.com' into when you write your email, Alberto select June on when you write the month of birthday, Alberto select 20 on when you write the day of birthday]]
[Test worker] WARN net.thucydides.core.steps.BaseStepListener - stepStarted: net.thucydides.core.steps.ExecutedStepDescription@526e8108
[Test worker] WARN net.thucydides.core.steps.BaseStepListener - stepFinished: current outcome:successful account creation:Given user enters the UTest platform [Alberto load the page [Alberto opens the U test page], Alberto star registration [Alberto clicks on button to start registration]], When user registers their data and their devices by completing the text boxes
| strName | strLastName | strEmail | strMonth | strDay | strYear | strCity | strState | strZIP | strCountry | strOS | strVersion | strLanguage | strMobile | strModel | strOsMobile | strPassword | strConfirmPassword |
| Bryan | Umaña Gómez | bugh@gmail.com | June | 20 | 1990 | Ottawa | Ontario | Z1R | Canada | Linux | Kali | Spanish | Motorola | W220 | Java ME | Choucair2021* | Choucair2021* | [Alberto register personal data [Alberto enters 'Bryan' into when you write your first name, Alberto enters 'Umaña Gómez' into when you write your last name, Alberto enters 'bugh@gmail.com' into when you write your email, Alberto select June on when you write the month of birthday, Alberto select 20 on when you write the day of birthday, Alberto select 1990 on when you write the year of birthday]]
[Test worker] WARN net.thucydides.core.steps.BaseStepListener - stepStarted: net.thucydides.core.steps.ExecutedStepDescription@67fa5045
[Test worker] WARN net.thucydides.core.steps.BaseStepListener - stepFinished: current outcome:successful account creation:Given user enters the UTest platform [Alberto load the page [Alberto opens the U test page], Alberto star registration [Alberto clicks on button to start registration]], When user registers their data and their devices by completing the text boxes
| strName | strLastName | strEmail | strMonth | strDay | strYear | strCity | strState | strZIP | strCountry | strOS | strVersion | strLanguage | strMobile | strModel | strOsMobile | strPassword | strConfirmPassword |
| Bryan | Umaña Gómez | bugh@gmail.com | June | 20 | 1990 | Ottawa | Ontario | Z1R | Canada | Linux | Kali | Spanish | Motorola | W220 | Java ME | Choucair2021* | Choucair2021* | [Alberto register personal data [Alberto enters 'Bryan' into when you write your first name, Alberto enters 'Umaña Gómez' into when you write your last name, Alberto enters 'bugh@gmail.com' into when you write your email, Alberto select June on when you write the month of birthday, Alberto select 20 on when you write the day of birthday, Alberto select 1990 on when you write the year of birthday, Alberto clicks on button to go to the next step]]
[Test worker] WARN net.thucydides.core.steps.BaseStepListener - stepFinished: current outcome:successful account creation:Given user enters the UTest platform [Alberto load the page [Alberto opens the U test page], Alberto star registration [Alberto clicks on button to start registration]], When user registers their data and their devices by completing the text boxes
| strName | strLastName | strEmail | strMonth | strDay | strYear | strCity | strState | strZIP | strCountry | strOS | strVersion | strLanguage | strMobile | strModel | strOsMobile | strPassword | strConfirmPassword |
| Bryan | Umaña Gómez | bugh@gmail.com | June | 20 | 1990 | Ottawa | Ontario | Z1R | Canada | Linux | Kali | Spanish | Motorola | W220 | Java ME | Choucair2021* | Choucair2021* | [Alberto register personal data [Alberto enters 'Bryan' into when you write your first name, Alberto enters 'Umaña Gómez' into when you write your last name, Alberto enters 'bugh@gmail.com' into when you write your email, Alberto select June on when you write the month of birthday, Alberto select 20 on when you write the day of birthday, Alberto select 1990 on when you write the year of birthday, Alberto clicks on button to go to the next step]]
[Test worker] WARN net.thucydides.core.steps.BaseStepListener - stepStarted: net.thucydides.core.steps.ExecutedStepDescription@73894c5a
[Test worker] WARN net.thucydides.core.steps.BaseStepListener - stepStarted: net.thucydides.core.steps.ExecutedStepDescription@637791d
[Test worker] WARN net.thucydides.core.steps.BaseStepListener - stepFinished: current outcome:successful account creation:Given user enters the UTest platform [Alberto load the page [Alberto opens the U test page], Alberto star registration [Alberto clicks on button to start registration]], When user registers their data and their devices by completing the text boxes
| strName | strLastName | strEmail | strMonth | strDay | strYear | strCity | strState | strZIP | strCountry | strOS | strVersion | strLanguage | strMobile | strModel | strOsMobile | strPassword | strConfirmPassword |
| Bryan | Umaña Gómez | bugh@gmail.com | June | 20 | 1990 | Ottawa | Ontario | Z1R | Canada | Linux | Kali | Spanish | Motorola | W220 | Java ME | Choucair2021* | Choucair2021* | [Alberto register personal data [Alberto enters 'Bryan' into when you write your first name, Alberto enters 'Umaña Gómez' into when you write your last name, Alberto enters 'bugh@gmail.com' into when you write your email, Alberto select June on when you write the month of birthday, Alberto select 20 on when you write the day of birthday, Alberto select 1990 on when you write the year of birthday, Alberto clicks on button to go to the next step], Alberto register address data [Alberto clicks on when you write the city in which you live]]
[Test worker] WARN net.thucydides.core.steps.BaseStepListener - stepStarted: net.thucydides.core.steps.ExecutedStepDescription@581b1c08
[Test worker] WARN net.thucydides.core.steps.BaseStepListener - stepFinished: current outcome:successful account creation:Given user enters the UTest platform [Alberto load the page [Alberto opens the U test page], Alberto star registration [Alberto clicks on button to start registration]], When user registers their data and their devices by completing the text boxes
| strName | strLastName | strEmail | strMonth | strDay | strYear | strCity | strState | strZIP | strCountry | strOS | strVersion | strLanguage | strMobile | strModel | strOsMobile | strPassword | strConfirmPassword |
| Bryan | Umaña Gómez | bugh@gmail.com | June | 20 | 1990 | Ottawa | Ontario | Z1R | Canada | Linux | Kali | Spanish | Motorola | W220 | Java ME | Choucair2021* | Choucair2021* | [Alberto register personal data [Alberto enters 'Bryan' into when you write your first name, Alberto enters 'Umaña Gómez' into when you write your last name, Alberto enters 'bugh@gmail.com' into when you write your email, Alberto select June on when you write the month of birthday, Alberto select 20 on when you write the day of birthday, Alberto select 1990 on when you write the year of birthday, Alberto clicks on button to go to the next step], Alberto register address data [Alberto clicks on when you write the city in which you live, Alberto enters 'Ottawa' into when you write the city in which you live]]
[Test worker] WARN net.thucydides.core.steps.BaseStepListener - stepStarted: net.thucydides.core.steps.ExecutedStepDescription@3e046e39
[Test worker] WARN net.thucydides.core.steps.BaseStepListener - stepFinished: current outcome:successful account creation:Given user enters the UTest platform [Alberto load the page [Alberto opens the U test page], Alberto star registration [Alberto clicks on button to start registration]], When user registers their data and their devices by completing the text boxes
| strName | strLastName | strEmail | strMonth | strDay | strYear | strCity | strState | strZIP | strCountry | strOS | strVersion | strLanguage | strMobile | strModel | strOsMobile | strPassword | strConfirmPassword |
| Bryan | Umaña Gómez | bugh@gmail.com | June | 20 | 1990 | Ottawa | Ontario | Z1R | Canada | Linux | Kali | Spanish | Motorola | W220 | Java ME | Choucair2021* | Choucair2021* | [Alberto register personal data [Alberto enters 'Bryan' into when you write your first name, Alberto enters 'Umaña Gómez' into when you write your last name, Alberto enters 'bugh@gmail.com' into when you write your email, Alberto select June on when you write the month of birthday, Alberto select 20 on when you write the day of birthday, Alberto select 1990 on when you write the year of birthday, Alberto clicks on button to go to the next step], Alberto register address data [Alberto clicks on when you write the city in which you live, Alberto enters 'Ottawa' into when you write the city in which you live, Alberto enters ARROW_DOWN,ENTER into when you write the city in which you live]]
[Test worker] WARN net.thucydides.core.steps.BaseStepListener - stepStarted: net.thucydides.core.steps.ExecutedStepDescription@7c90b7b7
[Test worker] WARN net.thucydides.core.steps.BaseStepListener - stepFinished: current outcome:successful account creation:Given user enters the UTest platform [Alberto load the page [Alberto opens the U test page], Alberto star registration [Alberto clicks on button to start registration]], When user registers their data and their devices by completing the text boxes
| strName | strLastName | strEmail | strMonth | strDay | strYear | strCity | strState | strZIP | strCountry | strOS | strVersion | strLanguage | strMobile | strModel | strOsMobile | strPassword | strConfirmPassword |
| Bryan | Umaña Gómez | bugh@gmail.com | June | 20 | 1990 | Ottawa | Ontario | Z1R | Canada | Linux | Kali | Spanish | Motorola | W220 | Java ME | Choucair2021* | Choucair2021* | [Alberto register personal data [Alberto enters 'Bryan' into when you write your first name, Alberto enters 'Umaña Gómez' into when you write your last name, Alberto enters 'bugh@gmail.com' into when you write your email, Alberto select June on when you write the month of birthday, Alberto select 20 on when you write the day of birthday, Alberto select 1990 on when you write the year of birthday, Alberto clicks on button to go to the next step], Alberto register address data [Alberto clicks on when you write the city in which you live, Alberto enters 'Ottawa' into when you write the city in which you live, Alberto enters ARROW_DOWN,ENTER into when you write the city in which you live, Alberto enters ENTER into when you write the city in which you live]]
[Test worker] WARN net.thucydides.core.steps.BaseStepListener - stepStarted: net.thucydides.core.steps.ExecutedStepDescription@4db77402
[Test worker] WARN net.thucydides.core.steps.BaseStepListener - stepFinished: current outcome:successful account creation:Given user enters the UTest platform [Alberto load the page [Alberto opens the U test page], Alberto star registration [Alberto clicks on button to start registration]], When user registers their data and their devices by completing the text boxes
| strName | strLastName | strEmail | strMonth | strDay | strYear | strCity | strState | strZIP | strCountry | strOS | strVersion | strLanguage | strMobile | strModel | strOsMobile | strPassword | strConfirmPassword |
| Bryan | Umaña Gómez | bugh@gmail.com | June | 20 | 1990 | Ottawa | Ontario | Z1R | Canada | Linux | Kali | Spanish | Motorola | W220 | Java ME | Choucair2021* | Choucair2021* | [Alberto register personal data [Alberto enters 'Bryan' into when you write your first name, Alberto enters 'Umaña Gómez' into when you write your last name, Alberto enters 'bugh@gmail.com' into when you write your email, Alberto select June on when you write the month of birthday, Alberto select 20 on when you write the day of birthday, Alberto select 1990 on when you write the year of birthday, Alberto clicks on button to go to the next step], Alberto register address data [Alberto clicks on when you write the city in which you live, Alberto enters 'Ottawa' into when you write the city in which you live, Alberto enters ARROW_DOWN,ENTER into when you write the city in which you live, Alberto enters ENTER into when you write the city in which you live, Alberto clicks on when you write the zip code of the city]]
[Test worker] WARN net.thucydides.core.steps.BaseStepListener - stepStarted: net.thucydides.core.steps.ExecutedStepDescription@6b321262
[Test worker] WARN net.thucydides.core.steps.BaseStepListener - stepFinished: current outcome:successful account creation:Given user enters the UTest platform [Alberto load the page [Alberto opens the U test page], Alberto star registration [Alberto clicks on button to start registration]], When user registers their data and their devices by completing the text boxes
| strName | strLastName | strEmail | strMonth | strDay | strYear | strCity | strState | strZIP | strCountry | strOS | strVersion | strLanguage | strMobile | strModel | strOsMobile | strPassword | strConfirmPassword |
| Bryan | Umaña Gómez | bugh@gmail.com | June | 20 | 1990 | Ottawa | Ontario | Z1R | Canada | Linux | Kali | Spanish | Motorola | W220 | Java ME | Choucair2021* | Choucair2021* | [Alberto register personal data [Alberto enters 'Bryan' into when you write your first name, Alberto enters 'Umaña Gómez' into when you write your last name, Alberto enters 'bugh@gmail.com' into when you write your email, Alberto select June on when you write the month of birthday, Alberto select 20 on when you write the day of birthday, Alberto select 1990 on when you write the year of birthday, Alberto clicks on button to go to the next step], Alberto register address data [Alberto clicks on when you write the city in which you live, Alberto enters 'Ottawa' into when you write the city in which you live, Alberto enters ARROW_DOWN,ENTER into when you write the city in which you live, Alberto enters ENTER into when you write the city in which you live, Alberto clicks on when you write the zip code of the city, Alberto enters 'Z1R' into when you write the zip code of the city]]
[Test worker] WARN net.thucydides.core.steps.BaseStepListener - stepStarted: net.thucydides.core.steps.ExecutedStepDescription@4d93f75b
[Test worker] WARN net.thucydides.core.steps.BaseStepListener - stepFinished: current outcome:successful account creation:Given user enters the UTest platform [Alberto load the page [Alberto opens the U test page], Alberto star registration [Alberto clicks on button to start registration]], When user registers their data and their devices by completing the text boxes
| strName | strLastName | strEmail | strMonth | strDay | strYear | strCity | strState | strZIP | strCountry | strOS | strVersion | strLanguage | strMobile | strModel | strOsMobile | strPassword | strConfirmPassword |
| Bryan | Umaña Gómez | bugh@gmail.com | June | 20 | 1990 | Ottawa | Ontario | Z1R | Canada | Linux | Kali | Spanish | Motorola | W220 | Java ME | Choucair2021* | Choucair2021* | [Alberto register personal data [Alberto enters 'Bryan' into when you write your first name, Alberto enters 'Umaña Gómez' into when you write your last name, Alberto enters 'bugh@gmail.com' into when you write your email, Alberto select June on when you write the month of birthday, Alberto select 20 on when you write the day of birthday, Alberto select 1990 on when you write the year of birthday, Alberto clicks on button to go to the next step], Alberto register address data [Alberto clicks on when you write the city in which you live, Alberto enters 'Ottawa' into when you write the city in which you live, Alberto enters ARROW_DOWN,ENTER into when you write the city in which you live, Alberto enters ENTER into when you write the city in which you live, Alberto clicks on when you write the zip code of the city, Alberto enters 'Z1R' into when you write the zip code of the city, Alberto clicks on when you select the country in the drop down list]]
[Test worker] WARN net.thucydides.core.steps.BaseStepListener - stepStarted: net.thucydides.core.steps.ExecutedStepDescription@623e0631
[Test worker] WARN net.thucydides.core.steps.BaseStepListener - stepFinished: current outcome:successful account creation:Given user enters the UTest platform [Alberto load the page [Alberto opens the U test page], Alberto star registration [Alberto clicks on button to start registration]], When user registers their data and their devices by completing the text boxes
| strName | strLastName | strEmail | strMonth | strDay | strYear | strCity | strState | strZIP | strCountry | strOS | strVersion | strLanguage | strMobile | strModel | strOsMobile | strPassword | strConfirmPassword |
| Bryan | Umaña Gómez | bugh@gmail.com | June | 20 | 1990 | Ottawa | Ontario | Z1R | Canada | Linux | Kali | Spanish | Motorola | W220 | Java ME | Choucair2021* | Choucair2021* | [Alberto register personal data [Alberto enters 'Bryan' into when you write your first name, Alberto enters 'Umaña Gómez' into when you write your last name, Alberto enters 'bugh@gmail.com' into when you write your email, Alberto select June on when you write the month of birthday, Alberto select 20 on when you write the day of birthday, Alberto select 1990 on when you write the year of birthday, Alberto clicks on button to go to the next step], Alberto register address data [Alberto clicks on when you write the city in which you live, Alberto enters 'Ottawa' into when you write the city in which you live, Alberto enters ARROW_DOWN,ENTER into when you write the city in which you live, Alberto enters ENTER into when you write the city in which you live, Alberto clicks on when you write the zip code of the city, Alberto enters 'Z1R' into when you write the zip code of the city, Alberto clicks on when you select the country in the drop down list, Alberto enters 'Canada',ENTER into select your country]]
[Test worker] WARN net.thucydides.core.steps.BaseStepListener - stepStarted: net.thucydides.core.steps.ExecutedStepDescription@6d6f6860
[Test worker] WARN net.thucydides.core.steps.BaseStepListener - stepFinished: current outcome:successful account creation:Given user enters the UTest platform [Alberto load the page [Alberto opens the U test page], Alberto star registration [Alberto clicks on button to start registration]], When user registers their data and their devices by completing the text boxes
| strName | strLastName | strEmail | strMonth | strDay | strYear | strCity | strState | strZIP | strCountry | strOS | strVersion | strLanguage | strMobile | strModel | strOsMobile | strPassword | strConfirmPassword |
| Bryan | Umaña Gómez | bugh@gmail.com | June | 20 | 1990 | Ottawa | Ontario | Z1R | Canada | Linux | Kali | Spanish | Motorola | W220 | Java ME | Choucair2021* | Choucair2021* | [Alberto register personal data [Alberto enters 'Bryan' into when you write your first name, Alberto enters 'Umaña Gómez' into when you write your last name, Alberto enters 'bugh@gmail.com' into when you write your email, Alberto select June on when you write the month of birthday, Alberto select 20 on when you write the day of birthday, Alberto select 1990 on when you write the year of birthday, Alberto clicks on button to go to the next step], Alberto register address data [Alberto clicks on when you write the city in which you live, Alberto enters 'Ottawa' into when you write the city in which you live, Alberto enters ARROW_DOWN,ENTER into when you write the city in which you live, Alberto enters ENTER into when you write the city in which you live, Alberto clicks on when you write the zip code of the city, Alberto enters 'Z1R' into when you write the zip code of the city, Alberto clicks on when you select the country in the drop down list, Alberto enters 'Canada',ENTER into select your country, Alberto clicks on when you select the state in the drop down list]]
[Test worker] WARN net.thucydides.core.steps.BaseStepListener - stepStarted: net.thucydides.core.steps.ExecutedStepDescription@5bde57ab
[Test worker] WARN net.thucydides.core.steps.BaseStepListener - stepFinished: current outcome:successful account creation:Given user enters the UTest platform [Alberto load the page [Alberto opens the U test page], Alberto star registration [Alberto clicks on button to start registration]], When user registers their data and their devices by completing the text boxes
| strName | strLastName | strEmail | strMonth | strDay | strYear | strCity | strState | strZIP | strCountry | strOS | strVersion | strLanguage | strMobile | strModel | strOsMobile | strPassword | strConfirmPassword |
| Bryan | Umaña Gómez | bugh@gmail.com | June | 20 | 1990 | Ottawa | Ontario | Z1R | Canada | Linux | Kali | Spanish | Motorola | W220 | Java ME | Choucair2021* | Choucair2021* | [Alberto register personal data [Alberto enters 'Bryan' into when you write your first name, Alberto enters 'Umaña Gómez' into when you write your last name, Alberto enters 'bugh@gmail.com' into when you write your email, Alberto select June on when you write the month of birthday, Alberto select 20 on when you write the day of birthday, Alberto select 1990 on when you write the year of birthday, Alberto clicks on button to go to the next step], Alberto register address data [Alberto clicks on when you write the city in which you live, Alberto enters 'Ottawa' into when you write the city in which you live, Alberto enters ARROW_DOWN,ENTER into when you write the city in which you live, Alberto enters ENTER into when you write the city in which you live, Alberto clicks on when you write the zip code of the city, Alberto enters 'Z1R' into when you write the zip code of the city, Alberto clicks on when you select the country in the drop down list, Alberto enters 'Canada',ENTER into select your country, Alberto clicks on when you select the state in the drop down list, Alberto enters 'Ontario',ENTER into select your country]]
[Test worker] WARN net.thucydides.core.steps.BaseStepListener - stepStarted: net.thucydides.core.steps.ExecutedStepDescription@7fe07361
[Test worker] WARN net.thucydides.core.steps.BaseStepListener - stepFinished: current outcome:successful account creation:Given user enters the UTest platform [Alberto load the page [Alberto opens the U test page], Alberto star registration [Alberto clicks on button to start registration]], When user registers their data and their devices by completing the text boxes
| strName | strLastName | strEmail | strMonth | strDay | strYear | strCity | strState | strZIP | strCountry | strOS | strVersion | strLanguage | strMobile | strModel | strOsMobile | strPassword | strConfirmPassword |
| Bryan | Umaña Gómez | bugh@gmail.com | June | 20 | 1990 | Ottawa | Ontario | Z1R | Canada | Linux | Kali | Spanish | Motorola | W220 | Java ME | Choucair2021* | Choucair2021* | [Alberto register personal data [Alberto enters 'Bryan' into when you write your first name, Alberto enters 'Umaña Gómez' into when you write your last name, Alberto enters 'bugh@gmail.com' into when you write your email, Alberto select June on when you write the month of birthday, Alberto select 20 on when you write the day of birthday, Alberto select 1990 on when you write the year of birthday, Alberto clicks on button to go to the next step], Alberto register address data [Alberto clicks on when you write the city in which you live, Alberto enters 'Ottawa' into when you write the city in which you live, Alberto enters ARROW_DOWN,ENTER into when you write the city in which you live, Alberto enters ENTER into when you write the city in which you live, Alberto clicks on when you write the zip code of the city, Alberto enters 'Z1R' into when you write the zip code of the city, Alberto clicks on when you select the country in the drop down list, Alberto enters 'Canada',ENTER into select your country, Alberto clicks on when you select the state in the drop down list, Alberto enters 'Ontario',ENTER into select your country, Alberto clicks on button to go to the next step]]
[Test worker] WARN net.thucydides.core.steps.BaseStepListener - stepFinished: current outcome:successful account creation:Given user enters the UTest platform [Alberto load the page [Alberto opens the U test page], Alberto star registration [Alberto clicks on button to start registration]], When user registers their data and their devices by completing the text boxes
| strName | strLastName | strEmail | strMonth | strDay | strYear | strCity | strState | strZIP | strCountry | strOS | strVersion | strLanguage | strMobile | strModel | strOsMobile | strPassword | strConfirmPassword |
| Bryan | Umaña Gómez | bugh@gmail.com | June | 20 | 1990 | Ottawa | Ontario | Z1R | Canada | Linux | Kali | Spanish | Motorola | W220 | Java ME | Choucair2021* | Choucair2021* | [Alberto register personal data [Alberto enters 'Bryan' into when you write your first name, Alberto enters 'Umaña Gómez' into when you write your last name, Alberto enters 'bugh@gmail.com' into when you write your email, Alberto select June on when you write the month of birthday, Alberto select 20 on when you write the day of birthday, Alberto select 1990 on when you write the year of birthday, Alberto clicks on button to go to the next step], Alberto register address data [Alberto clicks on when you write the city in which you live, Alberto enters 'Ottawa' into when you write the city in which you live, Alberto enters ARROW_DOWN,ENTER into when you write the city in which you live, Alberto enters ENTER into when you write the city in which you live, Alberto clicks on when you write the zip code of the city, Alberto enters 'Z1R' into when you write the zip code of the city, Alberto clicks on when you select the country in the drop down list, Alberto enters 'Canada',ENTER into select your country, Alberto clicks on when you select the state in the drop down list, Alberto enters 'Ontario',ENTER into select your country, Alberto clicks on button to go to the next step]]
[Test worker] WARN net.thucydides.core.steps.BaseStepListener - stepStarted: net.thucydides.core.steps.ExecutedStepDescription@1d15c0a1
[Test worker] WARN net.thucydides.core.steps.BaseStepListener - stepStarted: net.thucydides.core.steps.ExecutedStepDescription@59303963
[Test worker] WARN net.thucydides.core.steps.BaseStepListener - stepFinished: current outcome:successful account creation:Given user enters the UTest platform [Alberto load the page [Alberto opens the U test page], Alberto star registration [Alberto clicks on button to start registration]], When user registers their data and their devices by completing the text boxes
| strName | strLastName | strEmail | strMonth | strDay | strYear | strCity | strState | strZIP | strCountry | strOS | strVersion | strLanguage | strMobile | strModel | strOsMobile | strPassword | strConfirmPassword |
| Bryan | Umaña Gómez | bugh@gmail.com | June | 20 | 1990 | Ottawa | Ontario | Z1R | Canada | Linux | Kali | Spanish | Motorola | W220 | Java ME | Choucair2021* | Choucair2021* | [Alberto register personal data [Alberto enters 'Bryan' into when you write your first name, Alberto enters 'Umaña Gómez' into when you write your last name, Alberto enters 'bugh@gmail.com' into when you write your email, Alberto select June on when you write the month of birthday, Alberto select 20 on when you write the day of birthday, Alberto select 1990 on when you write the year of birthday, Alberto clicks on button to go to the next step], Alberto register address data [Alberto clicks on when you write the city in which you live, Alberto enters 'Ottawa' into when you write the city in which you live, Alberto enters ARROW_DOWN,ENTER into when you write the city in which you live, Alberto enters ENTER into when you write the city in which you live, Alberto clicks on when you write the zip code of the city, Alberto enters 'Z1R' into when you write the zip code of the city, Alberto clicks on when you select the country in the drop down list, Alberto enters 'Canada',ENTER into select your country, Alberto clicks on when you select the state in the drop down list, Alberto enters 'Ontario',ENTER into select your country, Alberto clicks on button to go to the next step], Alberto register devices data [Alberto clicks on when you select the computer's operating system in the drop down list ]]
[Test worker] WARN net.thucydides.core.steps.BaseStepListener - stepStarted: net.thucydides.core.steps.ExecutedStepDescription@69aabcb0
[Test worker] WARN net.thucydides.core.steps.BaseStepListener - stepFinished: current outcome:successful account creation:Given user enters the UTest platform [Alberto load the page [Alberto opens the U test page], Alberto star registration [Alberto clicks on button to start registration]], When user registers their data and their devices by completing the text boxes
| strName | strLastName | strEmail | strMonth | strDay | strYear | strCity | strState | strZIP | strCountry | strOS | strVersion | strLanguage | strMobile | strModel | strOsMobile | strPassword | strConfirmPassword |
| Bryan | Umaña Gómez | bugh@gmail.com | June | 20 | 1990 | Ottawa | Ontario | Z1R | Canada | Linux | Kali | Spanish | Motorola | W220 | Java ME | Choucair2021* | Choucair2021* | [Alberto register personal data [Alberto enters 'Bryan' into when you write your first name, Alberto enters 'Umaña Gómez' into when you write your last name, Alberto enters 'bugh@gmail.com' into when you write your email, Alberto select June on when you write the month of birthday, Alberto select 20 on when you write the day of birthday, Alberto select 1990 on when you write the year of birthday, Alberto clicks on button to go to the next step], Alberto register address data [Alberto clicks on when you write the city in which you live, Alberto enters 'Ottawa' into when you write the city in which you live, Alberto enters ARROW_DOWN,ENTER into when you write the city in which you live, Alberto enters ENTER into when you write the city in which you live, Alberto clicks on when you write the zip code of the city, Alberto enters 'Z1R' into when you write the zip code of the city, Alberto clicks on when you select the country in the drop down list, Alberto enters 'Canada',ENTER into select your country, Alberto clicks on when you select the state in the drop down list, Alberto enters 'Ontario',ENTER into select your country, Alberto clicks on button to go to the next step], Alberto register devices data [Alberto clicks on when you select the computer's operating system in the drop down list , Alberto enters 'Linux',ENTER into select your operating system]]
[Test worker] WARN net.thucydides.core.steps.BaseStepListener - stepStarted: net.thucydides.core.steps.ExecutedStepDescription@617449dd
[Test worker] WARN net.thucydides.core.steps.BaseStepListener - stepFinished: current outcome:successful account creation:Given user enters the UTest platform [Alberto load the page [Alberto opens the U test page], Alberto star registration [Alberto clicks on button to start registration]], When user registers their data and their devices by completing the text boxes
| strName | strLastName | strEmail | strMonth | strDay | strYear | strCity | strState | strZIP | strCountry | strOS | strVersion | strLanguage | strMobile | strModel | strOsMobile | strPassword | strConfirmPassword |
| Bryan | Umaña Gómez | bugh@gmail.com | June | 20 | 1990 | Ottawa | Ontario | Z1R | Canada | Linux | Kali | Spanish | Motorola | W220 | Java ME | Choucair2021* | Choucair2021* | [Alberto register personal data [Alberto enters 'Bryan' into when you write your first name, Alberto enters 'Umaña Gómez' into when you write your last name, Alberto enters 'bugh@gmail.com' into when you write your email, Alberto select June on when you write the month of birthday, Alberto select 20 on when you write the day of birthday, Alberto select 1990 on when you write the year of birthday, Alberto clicks on button to go to the next step], Alberto register address data [Alberto clicks on when you write the city in which you live, Alberto enters 'Ottawa' into when you write the city in which you live, Alberto enters ARROW_DOWN,ENTER into when you write the city in which you live, Alberto enters ENTER into when you write the city in which you live, Alberto clicks on when you write the zip code of the city, Alberto enters 'Z1R' into when you write the zip code of the city, Alberto clicks on when you select the country in the drop down list, Alberto enters 'Canada',ENTER into select your country, Alberto clicks on when you select the state in the drop down list, Alberto enters 'Ontario',ENTER into select your country, Alberto clicks on button to go to the next step], Alberto register devices data [Alberto clicks on when you select the computer's operating system in the drop down list , Alberto enters 'Linux',ENTER into select your operating system, Alberto clicks on when you select the computer's version in the drop down list]]
[Test worker] WARN net.thucydides.core.steps.BaseStepListener - stepStarted: net.thucydides.core.steps.ExecutedStepDescription@27b337bb
[Test worker] WARN net.thucydides.core.steps.BaseStepListener - stepFinished: current outcome:successful account creation:Given user enters the UTest platform [Alberto load the page [Alberto opens the U test page], Alberto star registration [Alberto clicks on button to start registration]], When user registers their data and their devices by completing the text boxes
| strName | strLastName | strEmail | strMonth | strDay | strYear | strCity | strState | strZIP | strCountry | strOS | strVersion | strLanguage | strMobile | strModel | strOsMobile | strPassword | strConfirmPassword |
| Bryan | Umaña Gómez | bugh@gmail.com | June | 20 | 1990 | Ottawa | Ontario | Z1R | Canada | Linux | Kali | Spanish | Motorola | W220 | Java ME | Choucair2021* | Choucair2021* | [Alberto register personal data [Alberto enters 'Bryan' into when you write your first name, Alberto enters 'Umaña Gómez' into when you write your last name, Alberto enters 'bugh@gmail.com' into when you write your email, Alberto select June on when you write the month of birthday, Alberto select 20 on when you write the day of birthday, Alberto select 1990 on when you write the year of birthday, Alberto clicks on button to go to the next step], Alberto register address data [Alberto clicks on when you write the city in which you live, Alberto enters 'Ottawa' into when you write the city in which you live, Alberto enters ARROW_DOWN,ENTER into when you write the city in which you live, Alberto enters ENTER into when you write the city in which you live, Alberto clicks on when you write the zip code of the city, Alberto enters 'Z1R' into when you write the zip code of the city, Alberto clicks on when you select the country in the drop down list, Alberto enters 'Canada',ENTER into select your country, Alberto clicks on when you select the state in the drop down list, Alberto enters 'Ontario',ENTER into select your country, Alberto clicks on button to go to the next step], Alberto register devices data [Alberto clicks on when you select the computer's operating system in the drop down list , Alberto enters 'Linux',ENTER into select your operating system, Alberto clicks on when you select the computer's version in the drop down list, Alberto enters 'Kali',ENTER into select your version]]
[Test worker] WARN net.thucydides.core.steps.BaseStepListener - stepStarted: net.thucydides.core.steps.ExecutedStepDescription@61608e1a
[Test worker] WARN net.thucydides.core.steps.BaseStepListener - stepFinished: current outcome:successful account creation:Given user enters the UTest platform [Alberto load the page [Alberto opens the U test page], Alberto star registration [Alberto clicks on button to start registration]], When user registers their data and their devices by completing the text boxes
| strName | strLastName | strEmail | strMonth | strDay | strYear | strCity | strState | strZIP | strCountry | strOS | strVersion | strLanguage | strMobile | strModel | strOsMobile | strPassword | strConfirmPassword |
| Bryan | Umaña Gómez | bugh@gmail.com | June | 20 | 1990 | Ottawa | Ontario | Z1R | Canada | Linux | Kali | Spanish | Motorola | W220 | Java ME | Choucair2021* | Choucair2021* | [Alberto register personal data [Alberto enters 'Bryan' into when you write your first name, Alberto enters 'Umaña Gómez' into when you write your last name, Alberto enters 'bugh@gmail.com' into when you write your email, Alberto select June on when you write the month of birthday, Alberto select 20 on when you write the day of birthday, Alberto select 1990 on when you write the year of birthday, Alberto clicks on button to go to the next step], Alberto register address data [Alberto clicks on when you write the city in which you live, Alberto enters 'Ottawa' into when you write the city in which you live, Alberto enters ARROW_DOWN,ENTER into when you write the city in which you live, Alberto enters ENTER into when you write the city in which you live, Alberto clicks on when you write the zip code of the city, Alberto enters 'Z1R' into when you write the zip code of the city, Alberto clicks on when you select the country in the drop down list, Alberto enters 'Canada',ENTER into select your country, Alberto clicks on when you select the state in the drop down list, Alberto enters 'Ontario',ENTER into select your country, Alberto clicks on button to go to the next step], Alberto register devices data [Alberto clicks on when you select the computer's operating system in the drop down list , Alberto enters 'Linux',ENTER into select your operating system, Alberto clicks on when you select the computer's version in the drop down list, Alberto enters 'Kali',ENTER into select your version, Alberto clicks on when you select the language in the drop down list]]
[Test worker] WARN net.thucydides.core.steps.BaseStepListener - stepStarted: net.thucydides.core.steps.ExecutedStepDescription@1ef31f71
[Test worker] WARN net.thucydides.core.steps.BaseStepListener - stepFinished: current outcome:successful account creation:Given user enters the UTest platform [Alberto load the page [Alberto opens the U test page], Alberto star registration [Alberto clicks on button to start registration]], When user registers their data and their devices by completing the text boxes
| strName | strLastName | strEmail | strMonth | strDay | strYear | strCity | strState | strZIP | strCountry | strOS | strVersion | strLanguage | strMobile | strModel | strOsMobile | strPassword | strConfirmPassword |
| Bryan | Umaña Gómez | bugh@gmail.com | June | 20 | 1990 | Ottawa | Ontario | Z1R | Canada | Linux | Kali | Spanish | Motorola | W220 | Java ME | Choucair2021* | Choucair2021* | [Alberto register personal data [Alberto enters 'Bryan' into when you write your first name, Alberto enters 'Umaña Gómez' into when you write your last name, Alberto enters 'bugh@gmail.com' into when you write your email, Alberto select June on when you write the month of birthday, Alberto select 20 on when you write the day of birthday, Alberto select 1990 on when you write the year of birthday, Alberto clicks on button to go to the next step], Alberto register address data [Alberto clicks on when you write the city in which you live, Alberto enters 'Ottawa' into when you write the city in which you live, Alberto enters ARROW_DOWN,ENTER into when you write the city in which you live, Alberto enters ENTER into when you write the city in which you live, Alberto clicks on when you write the zip code of the city, Alberto enters 'Z1R' into when you write the zip code of the city, Alberto clicks on when you select the country in the drop down list, Alberto enters 'Canada',ENTER into select your country, Alberto clicks on when you select the state in the drop down list, Alberto enters 'Ontario',ENTER into select your country, Alberto clicks on button to go to the next step], Alberto register devices data [Alberto clicks on when you select the computer's operating system in the drop down list , Alberto enters 'Linux',ENTER into select your operating system, Alberto clicks on when you select the computer's version in the drop down list, Alberto enters 'Kali',ENTER into select your version, Alberto clicks on when you select the language in the drop down list, Alberto enters 'Spanish',ENTER into select your language]]
[Test worker] WARN net.thucydides.core.steps.BaseStepListener - stepStarted: net.thucydides.core.steps.ExecutedStepDescription@39549f33
[Test worker] WARN net.thucydides.core.steps.BaseStepListener - stepFinished: current outcome:successful account creation:Given user enters the UTest platform [Alberto load the page [Alberto opens the U test page], Alberto star registration [Alberto clicks on button to start registration]], When user registers their data and their devices by completing the text boxes
| strName | strLastName | strEmail | strMonth | strDay | strYear | strCity | strState | strZIP | strCountry | strOS | strVersion | strLanguage | strMobile | strModel | strOsMobile | strPassword | strConfirmPassword |
| Bryan | Umaña Gómez | bugh@gmail.com | June | 20 | 1990 | Ottawa | Ontario | Z1R | Canada | Linux | Kali | Spanish | Motorola | W220 | Java ME | Choucair2021* | Choucair2021* | [Alberto register personal data [Alberto enters 'Bryan' into when you write your first name, Alberto enters 'Umaña Gómez' into when you write your last name, Alberto enters 'bugh@gmail.com' into when you write your email, Alberto select June on when you write the month of birthday, Alberto select 20 on when you write the day of birthday, Alberto select 1990 on when you write the year of birthday, Alberto clicks on button to go to the next step], Alberto register address data [Alberto clicks on when you write the city in which you live, Alberto enters 'Ottawa' into when you write the city in which you live, Alberto enters ARROW_DOWN,ENTER into when you write the city in which you live, Alberto enters ENTER into when you write the city in which you live, Alberto clicks on when you write the zip code of the city, Alberto enters 'Z1R' into when you write the zip code of the city, Alberto clicks on when you select the country in the drop down list, Alberto enters 'Canada',ENTER into select your country, Alberto clicks on when you select the state in the drop down list, Alberto enters 'Ontario',ENTER into select your country, Alberto clicks on button to go to the next step], Alberto register devices data [Alberto clicks on when you select the computer's operating system in the drop down list , Alberto enters 'Linux',ENTER into select your operating system, Alberto clicks on when you select the computer's version in the drop down list, Alberto enters 'Kali',ENTER into select your version, Alberto clicks on when you select the language in the drop down list, Alberto enters 'Spanish',ENTER into select your language, Alberto clicks on when you select the mobile device in the drop down list]]
[Test worker] WARN net.thucydides.core.steps.BaseStepListener - stepStarted: net.thucydides.core.steps.ExecutedStepDescription@1a7cb3a4
[Test worker] WARN net.thucydides.core.steps.BaseStepListener - stepFinished: current outcome:successful account creation:Given user enters the UTest platform [Alberto load the page [Alberto opens the U test page], Alberto star registration [Alberto clicks on button to start registration]], When user registers their data and their devices by completing the text boxes
| strName | strLastName | strEmail | strMonth | strDay | strYear | strCity | strState | strZIP | strCountry | strOS | strVersion | strLanguage | strMobile | strModel | strOsMobile | strPassword | strConfirmPassword |
| Bryan | Umaña Gómez | bugh@gmail.com | June | 20 | 1990 | Ottawa | Ontario | Z1R | Canada | Linux | Kali | Spanish | Motorola | W220 | Java ME | Choucair2021* | Choucair2021* | [Alberto register personal data [Alberto enters 'Bryan' into when you write your first name, Alberto enters 'Umaña Gómez' into when you write your last name, Alberto enters 'bugh@gmail.com' into when you write your email, Alberto select June on when you write the month of birthday, Alberto select 20 on when you write the day of birthday, Alberto select 1990 on when you write the year of birthday, Alberto clicks on button to go to the next step], Alberto register address data [Alberto clicks on when you write the city in which you live, Alberto enters 'Ottawa' into when you write the city in which you live, Alberto enters ARROW_DOWN,ENTER into when you write the city in which you live, Alberto enters ENTER into when you write the city in which you live, Alberto clicks on when you write the zip code of the city, Alberto enters 'Z1R' into when you write the zip code of the city, Alberto clicks on when you select the country in the drop down list, Alberto enters 'Canada',ENTER into select your country, Alberto clicks on when you select the state in the drop down list, Alberto enters 'Ontario',ENTER into select your country, Alberto clicks on button to go to the next step], Alberto register devices data [Alberto clicks on when you select the computer's operating system in the drop down list , Alberto enters 'Linux',ENTER into select your operating system, Alberto clicks on when you select the computer's version in the drop down list, Alberto enters 'Kali',ENTER into select your version, Alberto clicks on when you select the language in the drop down list, Alberto enters 'Spanish',ENTER into select your language, Alberto clicks on when you select the mobile device in the drop down list, Alberto enters 'Motorola',ENTER into select your mobile device]]
[Test worker] WARN net.thucydides.core.steps.BaseStepListener - stepStarted: net.thucydides.core.steps.ExecutedStepDescription@14c99bf6
[Test worker] WARN net.thucydides.core.steps.BaseStepListener - stepFinished: current outcome:successful account creation:Given user enters the UTest platform [Alberto load the page [Alberto opens the U test page], Alberto star registration [Alberto clicks on button to start registration]], When user registers their data and their devices by completing the text boxes
| strName | strLastName | strEmail | strMonth | strDay | strYear | strCity | strState | strZIP | strCountry | strOS | strVersion | strLanguage | strMobile | strModel | strOsMobile | strPassword | strConfirmPassword |
| Bryan | Umaña Gómez | bugh@gmail.com | June | 20 | 1990 | Ottawa | Ontario | Z1R | Canada | Linux | Kali | Spanish | Motorola | W220 | Java ME | Choucair2021* | Choucair2021* | [Alberto register personal data [Alberto enters 'Bryan' into when you write your first name, Alberto enters 'Umaña Gómez' into when you write your last name, Alberto enters 'bugh@gmail.com' into when you write your email, Alberto select June on when you write the month of birthday, Alberto select 20 on when you write the day of birthday, Alberto select 1990 on when you write the year of birthday, Alberto clicks on button to go to the next step], Alberto register address data [Alberto clicks on when you write the city in which you live, Alberto enters 'Ottawa' into when you write the city in which you live, Alberto enters ARROW_DOWN,ENTER into when you write the city in which you live, Alberto enters ENTER into when you write the city in which you live, Alberto clicks on when you write the zip code of the city, Alberto enters 'Z1R' into when you write the zip code of the city, Alberto clicks on when you select the country in the drop down list, Alberto enters 'Canada',ENTER into select your country, Alberto clicks on when you select the state in the drop down list, Alberto enters 'Ontario',ENTER into select your country, Alberto clicks on button to go to the next step], Alberto register devices data [Alberto clicks on when you select the computer's operating system in the drop down list , Alberto enters 'Linux',ENTER into select your operating system, Alberto clicks on when you select the computer's version in the drop down list, Alberto enters 'Kali',ENTER into select your version, Alberto clicks on when you select the language in the drop down list, Alberto enters 'Spanish',ENTER into select your language, Alberto clicks on when you select the mobile device in the drop down list, Alberto enters 'Motorola',ENTER into select your mobile device, Alberto clicks on when you select the mobile device's model in the drop down list]]
[Test worker] WARN net.thucydides.core.steps.BaseStepListener - stepStarted: net.thucydides.core.steps.ExecutedStepDescription@d5e575c
[Test worker] WARN net.thucydides.core.steps.BaseStepListener - stepFinished: current outcome:successful account creation:Given user enters the UTest platform [Alberto load the page [Alberto opens the U test page], Alberto star registration [Alberto clicks on button to start registration]], When user registers their data and their devices by completing the text boxes
| strName | strLastName | strEmail | strMonth | strDay | strYear | strCity | strState | strZIP | strCountry | strOS | strVersion | strLanguage | strMobile | strModel | strOsMobile | strPassword | strConfirmPassword |
| Bryan | Umaña Gómez | bugh@gmail.com | June | 20 | 1990 | Ottawa | Ontario | Z1R | Canada | Linux | Kali | Spanish | Motorola | W220 | Java ME | Choucair2021* | Choucair2021* | [Alberto register personal data [Alberto enters 'Bryan' into when you write your first name, Alberto enters 'Umaña Gómez' into when you write your last name, Alberto enters 'bugh@gmail.com' into when you write your email, Alberto select June on when you write the month of birthday, Alberto select 20 on when you write the day of birthday, Alberto select 1990 on when you write the year of birthday, Alberto clicks on button to go to the next step], Alberto register address data [Alberto clicks on when you write the city in which you live, Alberto enters 'Ottawa' into when you write the city in which you live, Alberto enters ARROW_DOWN,ENTER into when you write the city in which you live, Alberto enters ENTER into when you write the city in which you live, Alberto clicks on when you write the zip code of the city, Alberto enters 'Z1R' into when you write the zip code of the city, Alberto clicks on when you select the country in the drop down list, Alberto enters 'Canada',ENTER into select your country, Alberto clicks on when you select the state in the drop down list, Alberto enters 'Ontario',ENTER into select your country, Alberto clicks on button to go to the next step], Alberto register devices data [Alberto clicks on when you select the computer's operating system in the drop down list , Alberto enters 'Linux',ENTER into select your operating system, Alberto clicks on when you select the computer's version in the drop down list, Alberto enters 'Kali',ENTER into select your version, Alberto clicks on when you select the language in the drop down list, Alberto enters 'Spanish',ENTER into select your language, Alberto clicks on when you select the mobile device in the drop down list, Alberto enters 'Motorola',ENTER into select your mobile device, Alberto clicks on when you select the mobile device's model in the drop down list, Alberto enters 'W220',ENTER into select your mobile]]
[Test worker] WARN net.thucydides.core.steps.BaseStepListener - stepStarted: net.thucydides.core.steps.ExecutedStepDescription@70b6db83
[Test worker] WARN net.thucydides.core.steps.BaseStepListener - stepFinished: current outcome:successful account creation:Given user enters the UTest platform [Alberto load the page [Alberto opens the U test page], Alberto star registration [Alberto clicks on button to start registration]], When user registers their data and their devices by completing the text boxes
| strName | strLastName | strEmail | strMonth | strDay | strYear | strCity | strState | strZIP | strCountry | strOS | strVersion | strLanguage | strMobile | strModel | strOsMobile | strPassword | strConfirmPassword |
| Bryan | Umaña Gómez | bugh@gmail.com | June | 20 | 1990 | Ottawa | Ontario | Z1R | Canada | Linux | Kali | Spanish | Motorola | W220 | Java ME | Choucair2021* | Choucair2021* | [Alberto register personal data [Alberto enters 'Bryan' into when you write your first name, Alberto enters 'Umaña Gómez' into when you write your last name, Alberto enters 'bugh@gmail.com' into when you write your email, Alberto select June on when you write the month of birthday, Alberto select 20 on when you write the day of birthday, Alberto select 1990 on when you write the year of birthday, Alberto clicks on button to go to the next step], Alberto register address data [Alberto clicks on when you write the city in which you live, Alberto enters 'Ottawa' into when you write the city in which you live, Alberto enters ARROW_DOWN,ENTER into when you write the city in which you live, Alberto enters ENTER into when you write the city in which you live, Alberto clicks on when you write the zip code of the city, Alberto enters 'Z1R' into when you write the zip code of the city, Alberto clicks on when you select the country in the drop down list, Alberto enters 'Canada',ENTER into select your country, Alberto clicks on when you select the state in the drop down list, Alberto enters 'Ontario',ENTER into select your country, Alberto clicks on button to go to the next step], Alberto register devices data [Alberto clicks on when you select the computer's operating system in the drop down list , Alberto enters 'Linux',ENTER into select your operating system, Alberto clicks on when you select the computer's version in the drop down list, Alberto enters 'Kali',ENTER into select your version, Alberto clicks on when you select the language in the drop down list, Alberto enters 'Spanish',ENTER into select your language, Alberto clicks on when you select the mobile device in the drop down list, Alberto enters 'Motorola',ENTER into select your mobile device, Alberto clicks on when you select the mobile device's model in the drop down list, Alberto enters 'W220',ENTER into select your mobile, Alberto clicks on when you select the mobile device's operating system in the drop down list]]
[Test worker] WARN net.thucydides.core.steps.BaseStepListener - stepStarted: net.thucydides.core.steps.ExecutedStepDescription@4b195203
[Test worker] WARN net.thucydides.core.steps.BaseStepListener - stepFinished: current outcome:successful account creation:Given user enters the UTest platform [Alberto load the page [Alberto opens the U test page], Alberto star registration [Alberto clicks on button to start registration]], When user registers their data and their devices by completing the text boxes
| strName | strLastName | strEmail | strMonth | strDay | strYear | strCity | strState | strZIP | strCountry | strOS | strVersion | strLanguage | strMobile | strModel | strOsMobile | strPassword | strConfirmPassword |
| Bryan | Umaña Gómez | bugh@gmail.com | June | 20 | 1990 | Ottawa | Ontario | Z1R | Canada | Linux | Kali | Spanish | Motorola | W220 | Java ME | Choucair2021* | Choucair2021* | [Alberto register personal data [Alberto enters 'Bryan' into when you write your first name, Alberto enters 'Umaña Gómez' into when you write your last name, Alberto enters 'bugh@gmail.com' into when you write your email, Alberto select June on when you write the month of birthday, Alberto select 20 on when you write the day of birthday, Alberto select 1990 on when you write the year of birthday, Alberto clicks on button to go to the next step], Alberto register address data [Alberto clicks on when you write the city in which you live, Alberto enters 'Ottawa' into when you write the city in which you live, Alberto enters ARROW_DOWN,ENTER into when you write the city in which you live, Alberto enters ENTER into when you write the city in which you live, Alberto clicks on when you write the zip code of the city, Alberto enters 'Z1R' into when you write the zip code of the city, Alberto clicks on when you select the country in the drop down list, Alberto enters 'Canada',ENTER into select your country, Alberto clicks on when you select the state in the drop down list, Alberto enters 'Ontario',ENTER into select your country, Alberto clicks on button to go to the next step], Alberto register devices data [Alberto clicks on when you select the computer's operating system in the drop down list , Alberto enters 'Linux',ENTER into select your operating system, Alberto clicks on when you select the computer's version in the drop down list, Alberto enters 'Kali',ENTER into select your version, Alberto clicks on when you select the language in the drop down list, Alberto enters 'Spanish',ENTER into select your language, Alberto clicks on when you select the mobile device in the drop down list, Alberto enters 'Motorola',ENTER into select your mobile device, Alberto clicks on when you select the mobile device's model in the drop down list, Alberto enters 'W220',ENTER into select your mobile, Alberto clicks on when you select the mobile device's operating system in the drop down list, Alberto enters 'Java ME',ENTER into select the operative system]]
[Test worker] WARN net.thucydides.core.steps.BaseStepListener - stepStarted: net.thucydides.core.steps.ExecutedStepDescription@6d0290d8
[Test worker] WARN net.thucydides.core.steps.BaseStepListener - stepFinished: current outcome:successful account creation:Given user enters the UTest platform [Alberto load the page [Alberto opens the U test page], Alberto star registration [Alberto clicks on button to start registration]], When user registers their data and their devices by completing the text boxes
| strName | strLastName | strEmail | strMonth | strDay | strYear | strCity | strState | strZIP | strCountry | strOS | strVersion | strLanguage | strMobile | strModel | strOsMobile | strPassword | strConfirmPassword |
| Bryan | Umaña Gómez | bugh@gmail.com | June | 20 | 1990 | Ottawa | Ontario | Z1R | Canada | Linux | Kali | Spanish | Motorola | W220 | Java ME | Choucair2021* | Choucair2021* | [Alberto register personal data [Alberto enters 'Bryan' into when you write your first name, Alberto enters 'Umaña Gómez' into when you write your last name, Alberto enters 'bugh@gmail.com' into when you write your email, Alberto select June on when you write the month of birthday, Alberto select 20 on when you write the day of birthday, Alberto select 1990 on when you write the year of birthday, Alberto clicks on button to go to the next step], Alberto register address data [Alberto clicks on when you write the city in which you live, Alberto enters 'Ottawa' into when you write the city in which you live, Alberto enters ARROW_DOWN,ENTER into when you write the city in which you live, Alberto enters ENTER into when you write the city in which you live, Alberto clicks on when you write the zip code of the city, Alberto enters 'Z1R' into when you write the zip code of the city, Alberto clicks on when you select the country in the drop down list, Alberto enters 'Canada',ENTER into select your country, Alberto clicks on when you select the state in the drop down list, Alberto enters 'Ontario',ENTER into select your country, Alberto clicks on button to go to the next step], Alberto register devices data [Alberto clicks on when you select the computer's operating system in the drop down list , Alberto enters 'Linux',ENTER into select your operating system, Alberto clicks on when you select the computer's version in the drop down list, Alberto enters 'Kali',ENTER into select your version, Alberto clicks on when you select the language in the drop down list, Alberto enters 'Spanish',ENTER into select your language, Alberto clicks on when you select the mobile device in the drop down list, Alberto enters 'Motorola',ENTER into select your mobile device, Alberto clicks on when you select the mobile device's model in the drop down list, Alberto enters 'W220',ENTER into select your mobile, Alberto clicks on when you select the mobile device's operating system in the drop down list, Alberto enters 'Java ME',ENTER into select the operative system, Alberto clicks on button to go to the next step]]
[Test worker] WARN net.thucydides.core.steps.BaseStepListener - stepFinished: current outcome:successful account creation:Given user enters the UTest platform [Alberto load the page [Alberto opens the U test page], Alberto star registration [Alberto clicks on button to start registration]], When user registers their data and their devices by completing the text boxes
| strName | strLastName | strEmail | strMonth | strDay | strYear | strCity | strState | strZIP | strCountry | strOS | strVersion | strLanguage | strMobile | strModel | strOsMobile | strPassword | strConfirmPassword |
| Bryan | Umaña Gómez | bugh@gmail.com | June | 20 | 1990 | Ottawa | Ontario | Z1R | Canada | Linux | Kali | Spanish | Motorola | W220 | Java ME | Choucair2021* | Choucair2021* | [Alberto register personal data [Alberto enters 'Bryan' into when you write your first name, Alberto enters 'Umaña Gómez' into when you write your last name, Alberto enters 'bugh@gmail.com' into when you write your email, Alberto select June on when you write the month of birthday, Alberto select 20 on when you write the day of birthday, Alberto select 1990 on when you write the year of birthday, Alberto clicks on button to go to the next step], Alberto register address data [Alberto clicks on when you write the city in which you live, Alberto enters 'Ottawa' into when you write the city in which you live, Alberto enters ARROW_DOWN,ENTER into when you write the city in which you live, Alberto enters ENTER into when you write the city in which you live, Alberto clicks on when you write the zip code of the city, Alberto enters 'Z1R' into when you write the zip code of the city, Alberto clicks on when you select the country in the drop down list, Alberto enters 'Canada',ENTER into select your country, Alberto clicks on when you select the state in the drop down list, Alberto enters 'Ontario',ENTER into select your country, Alberto clicks on button to go to the next step], Alberto register devices data [Alberto clicks on when you select the computer's operating system in the drop down list , Alberto enters 'Linux',ENTER into select your operating system, Alberto clicks on when you select the computer's version in the drop down list, Alberto enters 'Kali',ENTER into select your version, Alberto clicks on when you select the language in the drop down list, Alberto enters 'Spanish',ENTER into select your language, Alberto clicks on when you select the mobile device in the drop down list, Alberto enters 'Motorola',ENTER into select your mobile device, Alberto clicks on when you select the mobile device's model in the drop down list, Alberto enters 'W220',ENTER into select your mobile, Alberto clicks on when you select the mobile device's operating system in the drop down list, Alberto enters 'Java ME',ENTER into select the operative system, Alberto clicks on button to go to the next step]]
[Test worker] WARN net.thucydides.core.steps.BaseStepListener - stepStarted: net.thucydides.core.steps.ExecutedStepDescription@8840c98
[Test worker] WARN net.thucydides.core.steps.BaseStepListener - stepStarted: net.thucydides.core.steps.ExecutedStepDescription@f882465
[Test worker] WARN net.thucydides.core.steps.BaseStepListener - stepFinished: current outcome:successful account creation:Given user enters the UTest platform [Alberto load the page [Alberto opens the U test page], Alberto star registration [Alberto clicks on button to start registration]], When user registers their data and their devices by completing the text boxes
| strName | strLastName | strEmail | strMonth | strDay | strYear | strCity | strState | strZIP | strCountry | strOS | strVersion | strLanguage | strMobile | strModel | strOsMobile | strPassword | strConfirmPassword |
| Bryan | Umaña Gómez | bugh@gmail.com | June | 20 | 1990 | Ottawa | Ontario | Z1R | Canada | Linux | Kali | Spanish | Motorola | W220 | Java ME | Choucair2021* | Choucair2021* | [Alberto register personal data [Alberto enters 'Bryan' into when you write your first name, Alberto enters 'Umaña Gómez' into when you write your last name, Alberto enters 'bugh@gmail.com' into when you write your email, Alberto select June on when you write the month of birthday, Alberto select 20 on when you write the day of birthday, Alberto select 1990 on when you write the year of birthday, Alberto clicks on button to go to the next step], Alberto register address data [Alberto clicks on when you write the city in which you live, Alberto enters 'Ottawa' into when you write the city in which you live, Alberto enters ARROW_DOWN,ENTER into when you write the city in which you live, Alberto enters ENTER into when you write the city in which you live, Alberto clicks on when you write the zip code of the city, Alberto enters 'Z1R' into when you write the zip code of the city, Alberto clicks on when you select the country in the drop down list, Alberto enters 'Canada',ENTER into select your country, Alberto clicks on when you select the state in the drop down list, Alberto enters 'Ontario',ENTER into select your country, Alberto clicks on button to go to the next step], Alberto register devices data [Alberto clicks on when you select the computer's operating system in the drop down list , Alberto enters 'Linux',ENTER into select your operating system, Alberto clicks on when you select the computer's version in the drop down list, Alberto enters 'Kali',ENTER into select your version, Alberto clicks on when you select the language in the drop down list, Alberto enters 'Spanish',ENTER into select your language, Alberto clicks on when you select the mobile device in the drop down list, Alberto enters 'Motorola',ENTER into select your mobile device, Alberto clicks on when you select the mobile device's model in the drop down list, Alberto enters 'W220',ENTER into select your mobile, Alberto clicks on when you select the mobile device's operating system in the drop down list, Alberto enters 'Java ME',ENTER into select the operative system, Alberto clicks on button to go to the next step], Alberto register password data [Alberto enters 'Choucair2021*' into when you write your password]]
[Test worker] WARN net.thucydides.core.steps.BaseStepListener - stepStarted: net.thucydides.core.steps.ExecutedStepDescription@11a3a45f
[Test worker] WARN net.thucydides.core.steps.BaseStepListener - stepFinished: current outcome:successful account creation:Given user enters the UTest platform [Alberto load the page [Alberto opens the U test page], Alberto star registration [Alberto clicks on button to start registration]], When user registers their data and their devices by completing the text boxes
| strName | strLastName | strEmail | strMonth | strDay | strYear | strCity | strState | strZIP | strCountry | strOS | strVersion | strLanguage | strMobile | strModel | strOsMobile | strPassword | strConfirmPassword |
| Bryan | Umaña Gómez | bugh@gmail.com | June | 20 | 1990 | Ottawa | Ontario | Z1R | Canada | Linux | Kali | Spanish | Motorola | W220 | Java ME | Choucair2021* | Choucair2021* | [Alberto register personal data [Alberto enters 'Bryan' into when you write your first name, Alberto enters 'Umaña Gómez' into when you write your last name, Alberto enters 'bugh@gmail.com' into when you write your email, Alberto select June on when you write the month of birthday, Alberto select 20 on when you write the day of birthday, Alberto select 1990 on when you write the year of birthday, Alberto clicks on button to go to the next step], Alberto register address data [Alberto clicks on when you write the city in which you live, Alberto enters 'Ottawa' into when you write the city in which you live, Alberto enters ARROW_DOWN,ENTER into when you write the city in which you live, Alberto enters ENTER into when you write the city in which you live, Alberto clicks on when you write the zip code of the city, Alberto enters 'Z1R' into when you write the zip code of the city, Alberto clicks on when you select the country in the drop down list, Alberto enters 'Canada',ENTER into select your country, Alberto clicks on when you select the state in the drop down list, Alberto enters 'Ontario',ENTER into select your country, Alberto clicks on button to go to the next step], Alberto register devices data [Alberto clicks on when you select the computer's operating system in the drop down list , Alberto enters 'Linux',ENTER into select your operating system, Alberto clicks on when you select the computer's version in the drop down list, Alberto enters 'Kali',ENTER into select your version, Alberto clicks on when you select the language in the drop down list, Alberto enters 'Spanish',ENTER into select your language, Alberto clicks on when you select the mobile device in the drop down list, Alberto enters 'Motorola',ENTER into select your mobile device, Alberto clicks on when you select the mobile device's model in the drop down list, Alberto enters 'W220',ENTER into select your mobile, Alberto clicks on when you select the mobile device's operating system in the drop down list, Alberto enters 'Java ME',ENTER into select the operative system, Alberto clicks on button to go to the next step], Alberto register password data [Alberto enters 'Choucair2021*' into when you write your password, Alberto enters 'Choucair2021*' into when you to confirm your password]]
[Test worker] WARN net.thucydides.core.steps.BaseStepListener - stepStarted: net.thucydides.core.steps.ExecutedStepDescription@60b5e80d
[Test worker] WARN net.thucydides.core.steps.BaseStepListener - stepFinished: current outcome:successful account creation:Given user enters the UTest platform [Alberto load the page [Alberto opens the U test page], Alberto star registration [Alberto clicks on button to start registration]], When user registers their data and their devices by completing the text boxes
| strName | strLastName | strEmail | strMonth | strDay | strYear | strCity | strState | strZIP | strCountry | strOS | strVersion | strLanguage | strMobile | strModel | strOsMobile | strPassword | strConfirmPassword |
[...]
| Z1R | Canada | Linux | Kali | Spanish | Motorola | W220 | Java ME | Choucair2021* | Choucair2021* | [Alberto register personal data [Alberto enters 'Bryan' into when you write your first name, Alberto enters 'Umaña Gómez' into when you write your last name, Alberto enters 'bugh@gmail.com' into when you write your email, Alberto select June on when you write the month of birthday, Alberto select 20 on when you write the day of birthday, Alberto select 1990 on when you write the year of birthday, Alberto clicks on button to go to the next step], Alberto register address data [Alberto clicks on when you write the city in which you live, Alberto enters 'Ottawa' into when you write the city in which you live, Alberto enters ARROW_DOWN,ENTER into when you write the city in which you live, Alberto enters ENTER into when you write the city in which you live, Alberto clicks on when you write the zip code of the city, Alberto enters 'Z1R' into when you write the zip code of the city, Alberto clicks on when you select the country in the drop down list, Alberto enters 'Canada',ENTER into select your country, Alberto clicks on when you select the state in the drop down list, Alberto enters 'Ontario',ENTER into select your country, Alberto clicks on button to go to the next step], Alberto register devices data [Alberto clicks on when you select the computer's operating system in the drop down list , Alberto enters 'Linux',ENTER into select your operating system, Alberto clicks on when you select the computer's version in the drop down list, Alberto enters 'Kali',ENTER into select your version, Alberto clicks on when you select the language in the drop down list, Alberto enters 'Spanish',ENTER into select your language, Alberto clicks on when you select the mobile device in the drop down list, Alberto enters 'Motorola',ENTER into select your mobile device, Alberto clicks on when you select the mobile device's model in the drop down list, Alberto enters 'W220',ENTER into select your mobile, Alberto clicks on when you select the mobile device's operating system in the drop down list, Alberto enters 'Java ME',ENTER into select the operative system, Alberto clicks on button to go to the next step], Alberto register password data [Alberto enters 'Choucair2021*' into when you write your password, Alberto enters 'Choucair2021*' into when you to confirm your password, Alberto clicks on when you accept stay informed, Alberto clicks on when you accept the terms of use, Alberto clicks on when you accept privacy and security policy]]
[Test worker] WARN net.thucydides.core.steps.BaseStepListener - stepStarted: net.thucydides.core.steps.ExecutedStepDescription@1f916219
[Test worker] WARN net.thucydides.core.steps.BaseStepListener - stepStarted: net.thucydides.core.steps.ExecutedStepDescription@50e5032c
[Test worker] WARN net.thucydides.core.steps.BaseStepListener - stepFinished: current outcome:successful account creation:Given user enters the UTest platform [Alberto load the page [Alberto opens the U test page], Alberto star registration [Alberto clicks on button to start registration]], When user registers their data and their devices by completing the text boxes
| strName | strLastName | strEmail | strMonth | strDay | strYear | strCity | strState | strZIP | strCountry | strOS | strVersion | strLanguage | strMobile | strModel | strOsMobile | strPassword | strConfirmPassword |
| Bryan | Umaña Gómez | bugh@gmail.com | June | 20 | 1990 | Ottawa | Ontario | Z1R | Canada | Linux | Kali | Spanish | Motorola | W220 | Java ME | Choucair2021* | Choucair2021* | [Alberto register personal data [Alberto enters 'Bryan' into when you write your first name, Alberto enters 'Umaña Gómez' into when you write your last name, Alberto enters 'bugh@gmail.com' into when you write your email, Alberto select June on when you write the month of birthday, Alberto select 20 on when you write the day of birthday, Alberto select 1990 on when you write the year of birthday, Alberto clicks on button to go to the next step], Alberto register address data [Alberto clicks on when you write the city in which you live, Alberto enters 'Ottawa' into when you write the city in which you live, Alberto enters ARROW_DOWN,ENTER into when you write the city in which you live, Alberto enters ENTER into when you write the city in which you live, Alberto clicks on when you write the zip code of the city, Alberto enters 'Z1R' into when you write the zip code of the city, Alberto clicks on when you select the country in the drop down list, Alberto enters 'Canada',ENTER into select your country, Alberto clicks on when you select the state in the drop down list, Alberto enters 'Ontario',ENTER into select your country, Alberto clicks on button to go to the next step], Alberto register devices data [Alberto clicks on when you select the computer's operating system in the drop down list , Alberto enters 'Linux',ENTER into select your operating system, Alberto clicks on when you select the computer's version in the drop down list, Alberto enters 'Kali',ENTER into select your version, Alberto clicks on when you select the language in the drop down list, Alberto enters 'Spanish',ENTER into select your language, Alberto clicks on when you select the mobile device in the drop down list, Alberto enters 'Motorola',ENTER into select your mobile device, Alberto clicks on when you select the mobile device's model in the drop down list, Alberto enters 'W220',ENTER into select your mobile, Alberto clicks on when you select the mobile device's operating system in the drop down list, Alberto enters 'Java ME',ENTER into select the operative system, Alberto clicks on button to go to the next step], Alberto register password data [Alberto enters 'Choucair2021*' into when you write your password, Alberto enters 'Choucair2021*' into when you to confirm your password, Alberto clicks on when you accept stay informed, Alberto clicks on when you accept the terms of use, Alberto clicks on when you accept privacy and security policy]], Then user sees the button called
| strNameButton |
| Complete Setup | [Then last step]
[Test worker] WARN net.thucydides.core.steps.BaseStepListener - stepFinished: current outcome:successful account creation:Given user enters the UTest platform [Alberto load the page [Alberto opens the U test page], Alberto star registration [Alberto clicks on button to start registration]], When user registers their data and their devices by completing the text boxes
| strName | strLastName | strEmail | strMonth | strDay | strYear | strCity | strState | strZIP | strCountry | strOS | strVersion | strLanguage | strMobile | strModel | strOsMobile | strPassword | strConfirmPassword |
| Bryan | Umaña Gómez | bugh@gmail.com | June | 20 | 1990 | Ottawa | Ontario | Z1R | Canada | Linux | Kali | Spanish | Motorola | W220 | Java ME | Choucair2021* | Choucair2021* | [Alberto register personal data [Alberto enters 'Bryan' into when you write your first name, Alberto enters 'Umaña Gómez' into when you write your last name, Alberto enters 'bugh@gmail.com' into when you write your email, Alberto select June on when you write the month of birthday, Alberto select 20 on when you write the day of birthday, Alberto select 1990 on when you write the year of birthday, Alberto clicks on button to go to the next step], Alberto register address data [Alberto clicks on when you write the city in which you live, Alberto enters 'Ottawa' into when you write the city in which you live, Alberto enters ARROW_DOWN,ENTER into when you write the city in which you live, Alberto enters ENTER into when you write the city in which you live, Alberto clicks on when you write the zip code of the city, Alberto enters 'Z1R' into when you write the zip code of the city, Alberto clicks on when you select the country in the drop down list, Alberto enters 'Canada',ENTER into select your country, Alberto clicks on when you select the state in the drop down list, Alberto enters 'Ontario',ENTER into select your country, Alberto clicks on button to go to the next step], Alberto register devices data [Alberto clicks on when you select the computer's operating system in the drop down list , Alberto enters 'Linux',ENTER into select your operating system, Alberto clicks on when you select the computer's version in the drop down list, Alberto enters 'Kali',ENTER into select your version, Alberto clicks on when you select the language in the drop down list, Alberto enters 'Spanish',ENTER into select your language, Alberto clicks on when you select the mobile device in the drop down list, Alberto enters 'Motorola',ENTER into select your mobile device, Alberto clicks on when you select the mobile device's model in the drop down list, Alberto enters 'W220',ENTER into select your mobile, Alberto clicks on when you select the mobile device's operating system in the drop down list, Alberto enters 'Java ME',ENTER into select the operative system, Alberto clicks on button to go to the next step], Alberto register password data [Alberto enters 'Choucair2021*' into when you write your password, Alberto enters 'Choucair2021*' into when you to confirm your password, Alberto clicks on when you accept stay informed, Alberto clicks on when you accept the terms of use, Alberto clicks on when you accept privacy and security policy]], Then user sees the button called
| strNameButton |
| Complete Setup | [Then last step]
[Test worker] WARN net.thucydides.core.steps.BaseStepListener - testFinished: successful account creation:Given user enters the UTest platform [Alberto load the page [Alberto opens the U test page], Alberto star registration [Alberto clicks on button to start registration]], When user registers their data and their devices by completing the text boxes
| strName | strLastName | strEmail | strMonth | strDay | strYear | strCity | strState | strZIP | strCountry | strOS | strVersion | strLanguage | strMobile | strModel | strOsMobile | strPassword | strConfirmPassword |
| Bryan | Umaña Gómez | bugh@gmail.com | June | 20 | 1990 | Ottawa | Ontario | Z1R | Canada | Linux | Kali | Spanish | Motorola | W220 | Java ME | Choucair2021* | Choucair2021* | [Alberto register personal data [Alberto enters 'Bryan' into when you write your first name, Alberto enters 'Umaña Gómez' into when you write your last name, Alberto enters 'bugh@gmail.com' into when you write your email, Alberto select June on when you write the month of birthday, Alberto select 20 on when you write the day of birthday, Alberto select 1990 on when you write the year of birthday, Alberto clicks on button to go to the next step], Alberto register address data [Alberto clicks on when you write the city in which you live, Alberto enters 'Ottawa' into when you write the city in which you live, Alberto enters ARROW_DOWN,ENTER into when you write the city in which you live, Alberto enters ENTER into when you write the city in which you live, Alberto clicks on when you write the zip code of the city, Alberto enters 'Z1R' into when you write the zip code of the city, Alberto clicks on when you select the country in the drop down list, Alberto enters 'Canada',ENTER into select your country, Alberto clicks on when you select the state in the drop down list, Alberto enters 'Ontario',ENTER into select your country, Alberto clicks on button to go to the next step], Alberto register devices data [Alberto clicks on when you select the computer's operating system in the drop down list , Alberto enters 'Linux',ENTER into select your operating system, Alberto clicks on when you select the computer's version in the drop down list, Alberto enters 'Kali',ENTER into select your version, Alberto clicks on when you select the language in the drop down list, Alberto enters 'Spanish',ENTER into select your language, Alberto clicks on when you select the mobile device in the drop down list, Alberto enters 'Motorola',ENTER into select your mobile device, Alberto clicks on when you select the mobile device's model in the drop down list, Alberto enters 'W220',ENTER into select your mobile, Alberto clicks on when you select the mobile device's operating system in the drop down list, Alberto enters 'Java ME',ENTER into select the operative system, Alberto clicks on button to go to the next step], Alberto register password data [Alberto enters 'Choucair2021*' into when you write your password, Alberto enters 'Choucair2021*' into when you to confirm your password, Alberto clicks on when you accept stay informed, Alberto clicks on when you accept the terms of use, Alberto clicks on when you accept privacy and security policy]], Then user sees the button called
| strNameButton |
| Complete Setup | [Then last step]
[Test worker] WARN net.thucydides.core.steps.BaseStepListener - TestOutcomes: [successful account creation:Given user enters the UTest platform [Alberto load the page [Alberto opens the U test page], Alberto star registration [Alberto clicks on button to start registration]], When user registers their data and their devices by completing the text boxes
| strName | strLastName | strEmail | strMonth | strDay | strYear | strCity | strState | strZIP | strCountry | strOS | strVersion | strLanguage | strMobile | strModel | strOsMobile | strPassword | strConfirmPassword |
| Bryan | Umaña Gómez | bugh@gmail.com | June | 20 | 1990 | Ottawa | Ontario | Z1R | Canada | Linux | Kali | Spanish | Motorola | W220 | Java ME | Choucair2021* | Choucair2021* | [Alberto register personal data [Alberto enters 'Bryan' into when you write your first name, Alberto enters 'Umaña Gómez' into when you write your last name, Alberto enters 'bugh@gmail.com' into when you write your email, Alberto select June on when you write the month of birthday, Alberto select 20 on when you write the day of birthday, Alberto select 1990 on when you write the year of birthday, Alberto clicks on button to go to the next step], Alberto register address data [Alberto clicks on when you write the city in which you live, Alberto enters 'Ottawa' into when you write the city in which you live, Alberto enters ARROW_DOWN,ENTER into when you write the city in which you live, Alberto enters ENTER into when you write the city in which you live, Alberto clicks on when you write the zip code of the city, Alberto enters 'Z1R' into when you write the zip code of the city, Alberto clicks on when you select the country in the drop down list, Alberto enters 'Canada',ENTER into select your country, Alberto clicks on when you select the state in the drop down list, Alberto enters 'Ontario',ENTER into select your country, Alberto clicks on button to go to the next step], Alberto register devices data [Alberto clicks on when you select the computer's operating system in the drop down list , Alberto enters 'Linux',ENTER into select your operating system, Alberto clicks on when you select the computer's version in the drop down list, Alberto enters 'Kali',ENTER into select your version, Alberto clicks on when you select the language in the drop down list, Alberto enters 'Spanish',ENTER into select your language, Alberto clicks on when you select the mobile device in the drop down list, Alberto enters 'Motorola',ENTER into select your mobile device, Alberto clicks on when you select the mobile device's model in the drop down list, Alberto enters 'W220',ENTER into select your mobile, Alberto clicks on when you select the mobile device's operating system in the drop down list, Alberto enters 'Java ME',ENTER into select the operative system, Alberto clicks on button to go to the next step], Alberto register password data [Alberto enters 'Choucair2021*' into when you write your password, Alberto enters 'Choucair2021*' into when you to confirm your password, Alberto clicks on when you accept stay informed, Alberto clicks on when you accept the terms of use, Alberto clicks on when you accept privacy and security policy]], Then user sees the button called
| strNameButton |
| Complete Setup | [Then last step]]
[Test worker] WARN net.thucydides.core.steps.BaseStepListener - Final testOutcomes: [successful account creation:Given user enters the UTest platform [Alberto load the page [Alberto opens the U test page], Alberto star registration [Alberto clicks on button to start registration]], When user registers their data and their devices by completing the text boxes
| strName | strLastName | strEmail | strMonth | strDay | strYear | strCity | strState | strZIP | strCountry | strOS | strVersion | strLanguage | strMobile | strModel | strOsMobile | strPassword | strConfirmPassword |
| Bryan | Umaña Gómez | bugh@gmail.com | June | 20 | 1990 | Ottawa | Ontario | Z1R | Canada | Linux | Kali | Spanish | Motorola | W220 | Java ME | Choucair2021* | Choucair2021* | [Alberto register personal data [Alberto enters 'Bryan' into when you write your first name, Alberto enters 'Umaña Gómez' into when you write your last name, Alberto enters 'bugh@gmail.com' into when you write your email, Alberto select June on when you write the month of birthday, Alberto select 20 on when you write the day of birthday, Alberto select 1990 on when you write the year of birthday, Alberto clicks on button to go to the next step], Alberto register address data [Alberto clicks on when you write the city in which you live, Alberto enters 'Ottawa' into when you write the city in which you live, Alberto enters ARROW_DOWN,ENTER into when you write the city in which you live, Alberto enters ENTER into when you write the city in which you live, Alberto clicks on when you write the zip code of the city, Alberto enters 'Z1R' into when you write the zip code of the city, Alberto clicks on when you select the country in the drop down list, Alberto enters 'Canada',ENTER into select your country, Alberto clicks on when you select the state in the drop down list, Alberto enters 'Ontario',ENTER into select your country, Alberto clicks on button to go to the next step], Alberto register devices data [Alberto clicks on when you select the computer's operating system in the drop down list , Alberto enters 'Linux',ENTER into select your operating system, Alberto clicks on when you select the computer's version in the drop down list, Alberto enters 'Kali',ENTER into select your version, Alberto clicks on when you select the language in the drop down list, Alberto enters 'Spanish',ENTER into select your language, Alberto clicks on when you select the mobile device in the drop down list, Alberto enters 'Motorola',ENTER into select your mobile device, Alberto clicks on when you select the mobile device's model in the drop down list, Alberto enters 'W220',ENTER into select your mobile, Alberto clicks on when you select the mobile device's operating system in the drop down list, Alberto enters 'Java ME',ENTER into select the operative system, Alberto clicks on button to go to the next step], Alberto register password data [Alberto enters 'Choucair2021*' into when you write your password, Alberto enters 'Choucair2021*' into when you to confirm your password, Alberto clicks on when you accept stay informed, Alberto clicks on when you accept the terms of use, Alberto clicks on when you accept privacy and security policy]], Then user sees the button called
| strNameButton |
| Complete Setup | [Then last step]]
[Test worker] INFO net.thucydides.core.steps.ConsoleLoggingListener - 
        __    _____ _____ ____ _____   ____   _    ____  ____  _____ ____  
  _     \ \  |_   _| ____/ ___|_   _| |  _ \ / \  / ___|/ ___|| ____|  _ \ 
 (_)_____| |   | | |  _| \___ \ | |   | |_) / _ \ \___ \\___ \|  _| | | | |
  _|_____| |   | | | |___ ___) || |   |  __/ ___ \ ___) |___) | |___| |_| |
 (_)     | |   |_| |_____|____/ |_|   |_| /_/   \_\____/|____/|_____|____/ 
        /_/                                                                

TEST PASSED: successful account creation
----------------------------------------------------------------------------
]]></system-err>
</testsuite>
