<?xml version="1.0" encoding="UTF-8"?>
<testsuite name="New Account On UTest" tests="1" skipped="0" failures="0" errors="0" timestamp="2023-10-15T02:11:28" hostname="LizethM" time="50.668">
  <properties/>
  <testcase name="successful account creation" classname="New Account On UTest" time="50.668"/>
  <system-out><![CDATA[]]></system-out>
  <system-err><![CDATA[[Test worker] WARN net.thucydides.core.steps.BaseStepListener - stepStarted: net.thucydides.core.steps.ExecutedStepDescription@7bfc0c26
[Test worker] WARN net.thucydides.core.steps.BaseStepListener - stepStarted: net.thucydides.core.steps.ExecutedStepDescription@4635b100
[Test worker] WARN net.thucydides.core.steps.BaseStepListener - stepStarted: net.thucydides.core.steps.ExecutedStepDescription@27fd914d
oct 14, 2023 9:11:29 PM org.openqa.selenium.remote.DesiredCapabilities chrome
INFORMACIÓN: Using `new ChromeOptions()` is preferred to `DesiredCapabilities.chrome()`
[Test worker] INFO net.serenitybdd.core.webdriver.driverproviders.ProvideNewDriver - Instantiating driver
[Test worker] INFO net.serenitybdd.core.webdriver.driverproviders.ProvideNewDriver - Driver capabilities: Capabilities {acceptInsecureCerts: false, browserName: chrome, chrome.switches: --start-maximized, goog:chromeOptions: {args: [--start-maximized], extensions: []}, loggingPrefs: org.openqa.selenium.logging..., platform: ANY, version: }
Starting ChromeDriver 118.0.5993.70 (e52f33f30b91b4ddfad649acddc39ab570473b86-refs/branch-heads/5993@{#1216}) on port 28121
Only local connections are allowed.
Please see https://chromedriver.chromium.org/security-considerations for suggestions on keeping ChromeDriver safe.
ChromeDriver was started successfully.
oct 14, 2023 9:11:32 PM org.openqa.selenium.remote.ProtocolHandshake createSession
INFORMACIÓN: Detected dialect: W3C
[Test worker] WARN net.thucydides.core.steps.BaseStepListener - stepFinished: current outcome:successful account creation:Given user enters the UTest platform [Alberto load [Alberto opens the U test page]]
[Test worker] WARN net.thucydides.core.steps.BaseStepListener - stepFinished: current outcome:successful account creation:Given user enters the UTest platform [Alberto load [Alberto opens the U test page]]
[Test worker] WARN net.thucydides.core.steps.BaseStepListener - stepFinished: current outcome:successful account creation:Given user enters the UTest platform [Alberto load [Alberto opens the U test page]]
[Test worker] WARN net.thucydides.core.steps.BaseStepListener - stepStarted: net.thucydides.core.steps.ExecutedStepDescription@41145348
[Test worker] WARN net.thucydides.core.steps.BaseStepListener - stepStarted: net.thucydides.core.steps.ExecutedStepDescription@58f27571
[Test worker] WARN net.thucydides.core.steps.BaseStepListener - stepStarted: net.thucydides.core.steps.ExecutedStepDescription@16763d7f
[Test worker] WARN net.thucydides.core.steps.BaseStepListener - stepFinished: current outcome:successful account creation:Given user enters the UTest platform [Alberto load [Alberto opens the U test page]], When user registers their data and their devices
| strName | strLastName | strEmail | strMonth | strDay | strYear | strCity | strState | strZIP | strCountry | strOS | strVersion | strLanguage | strMobile | strModel | strOsMobile | strPassword | strConfirmPassword |
| Lizeth | Munevar Rojas | bugh@gmail.com | June | 20 | 1990 | Ottawa | Ontario | Z1R | Canada | Linux | Kali | Spanish | Motorola | W220 | Java ME | Choucair2021* | Choucair2021* | [Alberto star registration [Alberto clicks on button to start registration]]
[Test worker] WARN net.thucydides.core.steps.BaseStepListener - stepFinished: current outcome:successful account creation:Given user enters the UTest platform [Alberto load [Alberto opens the U test page]], When user registers their data and their devices
| strName | strLastName | strEmail | strMonth | strDay | strYear | strCity | strState | strZIP | strCountry | strOS | strVersion | strLanguage | strMobile | strModel | strOsMobile | strPassword | strConfirmPassword |
| Lizeth | Munevar Rojas | bugh@gmail.com | June | 20 | 1990 | Ottawa | Ontario | Z1R | Canada | Linux | Kali | Spanish | Motorola | W220 | Java ME | Choucair2021* | Choucair2021* | [Alberto star registration [Alberto clicks on button to start registration]]
[Test worker] WARN net.thucydides.core.steps.BaseStepListener - stepStarted: net.thucydides.core.steps.ExecutedStepDescription@68a25f2a
[Test worker] WARN net.thucydides.core.steps.BaseStepListener - stepStarted: net.thucydides.core.steps.ExecutedStepDescription@77aad63c
[Test worker] WARN net.thucydides.core.steps.BaseStepListener - stepFinished: current outcome:successful account creation:Given user enters the UTest platform [Alberto load [Alberto opens the U test page]], When user registers their data and their devices
| strName | strLastName | strEmail | strMonth | strDay | strYear | strCity | strState | strZIP | strCountry | strOS | strVersion | strLanguage | strMobile | strModel | strOsMobile | strPassword | strConfirmPassword |
| Lizeth | Munevar Rojas | bugh@gmail.com | June | 20 | 1990 | Ottawa | Ontario | Z1R | Canada | Linux | Kali | Spanish | Motorola | W220 | Java ME | Choucair2021* | Choucair2021* | [Alberto star registration [Alberto clicks on button to start registration], Alberto tell about your [Alberto enters 'Lizeth' into when you write your first name]]
[Test worker] WARN net.thucydides.core.steps.BaseStepListener - stepStarted: net.thucydides.core.steps.ExecutedStepDescription@32cb750
[Test worker] WARN net.thucydides.core.steps.BaseStepListener - stepFinished: current outcome:successful account creation:Given user enters the UTest platform [Alberto load [Alberto opens the U test page]], When user registers their data and their devices
| strName | strLastName | strEmail | strMonth | strDay | strYear | strCity | strState | strZIP | strCountry | strOS | strVersion | strLanguage | strMobile | strModel | strOsMobile | strPassword | strConfirmPassword |
| Lizeth | Munevar Rojas | bugh@gmail.com | June | 20 | 1990 | Ottawa | Ontario | Z1R | Canada | Linux | Kali | Spanish | Motorola | W220 | Java ME | Choucair2021* | Choucair2021* | [Alberto star registration [Alberto clicks on button to start registration], Alberto tell about your [Alberto enters 'Lizeth' into when you write your first name, Alberto enters 'Munevar Rojas' into when you write your last name]]
[Test worker] WARN net.thucydides.core.steps.BaseStepListener - stepStarted: net.thucydides.core.steps.ExecutedStepDescription@41ed0322
[Test worker] WARN net.thucydides.core.steps.BaseStepListener - stepFinished: current outcome:successful account creation:Given user enters the UTest platform [Alberto load [Alberto opens the U test page]], When user registers their data and their devices
| strName | strLastName | strEmail | strMonth | strDay | strYear | strCity | strState | strZIP | strCountry | strOS | strVersion | strLanguage | strMobile | strModel | strOsMobile | strPassword | strConfirmPassword |
| Lizeth | Munevar Rojas | bugh@gmail.com | June | 20 | 1990 | Ottawa | Ontario | Z1R | Canada | Linux | Kali | Spanish | Motorola | W220 | Java ME | Choucair2021* | Choucair2021* | [Alberto star registration [Alberto clicks on button to start registration], Alberto tell about your [Alberto enters 'Lizeth' into when you write your first name, Alberto enters 'Munevar Rojas' into when you write your last name, Alberto enters 'bugh@gmail.com' into when you write your email]]
[Test worker] WARN net.thucydides.core.steps.BaseStepListener - stepStarted: net.thucydides.core.steps.ExecutedStepDescription@478d9093
[Test worker] WARN net.thucydides.core.steps.BaseStepListener - stepFinished: current outcome:successful account creation:Given user enters the UTest platform [Alberto load [Alberto opens the U test page]], When user registers their data and their devices
| strName | strLastName | strEmail | strMonth | strDay | strYear | strCity | strState | strZIP | strCountry | strOS | strVersion | strLanguage | strMobile | strModel | strOsMobile | strPassword | strConfirmPassword |
| Lizeth | Munevar Rojas | bugh@gmail.com | June | 20 | 1990 | Ottawa | Ontario | Z1R | Canada | Linux | Kali | Spanish | Motorola | W220 | Java ME | Choucair2021* | Choucair2021* | [Alberto star registration [Alberto clicks on button to start registration], Alberto tell about your [Alberto enters 'Lizeth' into when you write your first name, Alberto enters 'Munevar Rojas' into when you write your last name, Alberto enters 'bugh@gmail.com' into when you write your email, Alberto select June on when you write the month of birthday]]
[Test worker] WARN net.thucydides.core.steps.BaseStepListener - stepStarted: net.thucydides.core.steps.ExecutedStepDescription@2de49c0f
[Test worker] WARN net.thucydides.core.steps.BaseStepListener - stepFinished: current outcome:successful account creation:Given user enters the UTest platform [Alberto load [Alberto opens the U test page]], When user registers their data and their devices
| strName | strLastName | strEmail | strMonth | strDay | strYear | strCity | strState | strZIP | strCountry | strOS | strVersion | strLanguage | strMobile | strModel | strOsMobile | strPassword | strConfirmPassword |
| Lizeth | Munevar Rojas | bugh@gmail.com | June | 20 | 1990 | Ottawa | Ontario | Z1R | Canada | Linux | Kali | Spanish | Motorola | W220 | Java ME | Choucair2021* | Choucair2021* | [Alberto star registration [Alberto clicks on button to start registration], Alberto tell about your [Alberto enters 'Lizeth' into when you write your first name, Alberto enters 'Munevar Rojas' into when you write your last name, Alberto enters 'bugh@gmail.com' into when you write your email, Alberto select June on when you write the month of birthday, Alberto select 20 on when you write the day of birthday]]
[Test worker] WARN net.thucydides.core.steps.BaseStepListener - stepStarted: net.thucydides.core.steps.ExecutedStepDescription@45f47471
[Test worker] WARN net.thucydides.core.steps.BaseStepListener - stepFinished: current outcome:successful account creation:Given user enters the UTest platform [Alberto load [Alberto opens the U test page]], When user registers their data and their devices
| strName | strLastName | strEmail | strMonth | strDay | strYear | strCity | strState | strZIP | strCountry | strOS | strVersion | strLanguage | strMobile | strModel | strOsMobile | strPassword | strConfirmPassword |
| Lizeth | Munevar Rojas | bugh@gmail.com | June | 20 | 1990 | Ottawa | Ontario | Z1R | Canada | Linux | Kali | Spanish | Motorola | W220 | Java ME | Choucair2021* | Choucair2021* | [Alberto star registration [Alberto clicks on button to start registration], Alberto tell about your [Alberto enters 'Lizeth' into when you write your first name, Alberto enters 'Munevar Rojas' into when you write your last name, Alberto enters 'bugh@gmail.com' into when you write your email, Alberto select June on when you write the month of birthday, Alberto select 20 on when you write the day of birthday, Alberto select 1990 on when you write the year of birthday]]
[Test worker] WARN net.thucydides.core.steps.BaseStepListener - stepStarted: net.thucydides.core.steps.ExecutedStepDescription@b9f2b
[Test worker] WARN net.thucydides.core.steps.BaseStepListener - stepFinished: current outcome:successful account creation:Given user enters the UTest platform [Alberto load [Alberto opens the U test page]], When user registers their data and their devices
| strName | strLastName | strEmail | strMonth | strDay | strYear | strCity | strState | strZIP | strCountry | strOS | strVersion | strLanguage | strMobile | strModel | strOsMobile | strPassword | strConfirmPassword |
| Lizeth | Munevar Rojas | bugh@gmail.com | June | 20 | 1990 | Ottawa | Ontario | Z1R | Canada | Linux | Kali | Spanish | Motorola | W220 | Java ME | Choucair2021* | Choucair2021* | [Alberto star registration [Alberto clicks on button to start registration], Alberto tell about your [Alberto enters 'Lizeth' into when you write your first name, Alberto enters 'Munevar Rojas' into when you write your last name, Alberto enters 'bugh@gmail.com' into when you write your email, Alberto select June on when you write the month of birthday, Alberto select 20 on when you write the day of birthday, Alberto select 1990 on when you write the year of birthday, Alberto clicks on button to go to the next step]]
[Test worker] WARN net.thucydides.core.steps.BaseStepListener - stepFinished: current outcome:successful account creation:Given user enters the UTest platform [Alberto load [Alberto opens the U test page]], When user registers their data and their devices
| strName | strLastName | strEmail | strMonth | strDay | strYear | strCity | strState | strZIP | strCountry | strOS | strVersion | strLanguage | strMobile | strModel | strOsMobile | strPassword | strConfirmPassword |
| Lizeth | Munevar Rojas | bugh@gmail.com | June | 20 | 1990 | Ottawa | Ontario | Z1R | Canada | Linux | Kali | Spanish | Motorola | W220 | Java ME | Choucair2021* | Choucair2021* | [Alberto star registration [Alberto clicks on button to start registration], Alberto tell about your [Alberto enters 'Lizeth' into when you write your first name, Alberto enters 'Munevar Rojas' into when you write your last name, Alberto enters 'bugh@gmail.com' into when you write your email, Alberto select June on when you write the month of birthday, Alberto select 20 on when you write the day of birthday, Alberto select 1990 on when you write the year of birthday, Alberto clicks on button to go to the next step]]
[Test worker] WARN net.thucydides.core.steps.BaseStepListener - stepStarted: net.thucydides.core.steps.ExecutedStepDescription@1c06fdc5
[Test worker] WARN net.thucydides.core.steps.BaseStepListener - stepStarted: net.thucydides.core.steps.ExecutedStepDescription@6059d8c8
[Test worker] WARN net.thucydides.core.steps.BaseStepListener - stepFinished: current outcome:successful account creation:Given user enters the UTest platform [Alberto load [Alberto opens the U test page]], When user registers their data and their devices
| strName | strLastName | strEmail | strMonth | strDay | strYear | strCity | strState | strZIP | strCountry | strOS | strVersion | strLanguage | strMobile | strModel | strOsMobile | strPassword | strConfirmPassword |
| Lizeth | Munevar Rojas | bugh@gmail.com | June | 20 | 1990 | Ottawa | Ontario | Z1R | Canada | Linux | Kali | Spanish | Motorola | W220 | Java ME | Choucair2021* | Choucair2021* | [Alberto star registration [Alberto clicks on button to start registration], Alberto tell about your [Alberto enters 'Lizeth' into when you write your first name, Alberto enters 'Munevar Rojas' into when you write your last name, Alberto enters 'bugh@gmail.com' into when you write your email, Alberto select June on when you write the month of birthday, Alberto select 20 on when you write the day of birthday, Alberto select 1990 on when you write the year of birthday, Alberto clicks on button to go to the next step], Alberto add your [Alberto clicks on when you write the city in which you live]]
[Test worker] WARN net.thucydides.core.steps.BaseStepListener - stepStarted: net.thucydides.core.steps.ExecutedStepDescription@67aa0bb9
[Test worker] WARN net.thucydides.core.steps.BaseStepListener - stepFinished: current outcome:successful account creation:Given user enters the UTest platform [Alberto load [Alberto opens the U test page]], When user registers their data and their devices
| strName | strLastName | strEmail | strMonth | strDay | strYear | strCity | strState | strZIP | strCountry | strOS | strVersion | strLanguage | strMobile | strModel | strOsMobile | strPassword | strConfirmPassword |
| Lizeth | Munevar Rojas | bugh@gmail.com | June | 20 | 1990 | Ottawa | Ontario | Z1R | Canada | Linux | Kali | Spanish | Motorola | W220 | Java ME | Choucair2021* | Choucair2021* | [Alberto star registration [Alberto clicks on button to start registration], Alberto tell about your [Alberto enters 'Lizeth' into when you write your first name, Alberto enters 'Munevar Rojas' into when you write your last name, Alberto enters 'bugh@gmail.com' into when you write your email, Alberto select June on when you write the month of birthday, Alberto select 20 on when you write the day of birthday, Alberto select 1990 on when you write the year of birthday, Alberto clicks on button to go to the next step], Alberto add your [Alberto clicks on when you write the city in which you live, Alberto enters 'Ottawa' into when you write the city in which you live]]
[Test worker] WARN net.thucydides.core.steps.BaseStepListener - stepStarted: net.thucydides.core.steps.ExecutedStepDescription@783fb15a
[Test worker] WARN net.thucydides.core.steps.BaseStepListener - stepFinished: current outcome:successful account creation:Given user enters the UTest platform [Alberto load [Alberto opens the U test page]], When user registers their data and their devices
| strName | strLastName | strEmail | strMonth | strDay | strYear | strCity | strState | strZIP | strCountry | strOS | strVersion | strLanguage | strMobile | strModel | strOsMobile | strPassword | strConfirmPassword |
| Lizeth | Munevar Rojas | bugh@gmail.com | June | 20 | 1990 | Ottawa | Ontario | Z1R | Canada | Linux | Kali | Spanish | Motorola | W220 | Java ME | Choucair2021* | Choucair2021* | [Alberto star registration [Alberto clicks on button to start registration], Alberto tell about your [Alberto enters 'Lizeth' into when you write your first name, Alberto enters 'Munevar Rojas' into when you write your last name, Alberto enters 'bugh@gmail.com' into when you write your email, Alberto select June on when you write the month of birthday, Alberto select 20 on when you write the day of birthday, Alberto select 1990 on when you write the year of birthday, Alberto clicks on button to go to the next step], Alberto add your [Alberto clicks on when you write the city in which you live, Alberto enters 'Ottawa' into when you write the city in which you live, Alberto enters ARROW_DOWN,ENTER into when you write the city in which you live]]
[Test worker] WARN net.thucydides.core.steps.BaseStepListener - stepStarted: net.thucydides.core.steps.ExecutedStepDescription@5f60a135
[Test worker] WARN net.thucydides.core.steps.BaseStepListener - stepFinished: current outcome:successful account creation:Given user enters the UTest platform [Alberto load [Alberto opens the U test page]], When user registers their data and their devices
| strName | strLastName | strEmail | strMonth | strDay | strYear | strCity | strState | strZIP | strCountry | strOS | strVersion | strLanguage | strMobile | strModel | strOsMobile | strPassword | strConfirmPassword |
| Lizeth | Munevar Rojas | bugh@gmail.com | June | 20 | 1990 | Ottawa | Ontario | Z1R | Canada | Linux | Kali | Spanish | Motorola | W220 | Java ME | Choucair2021* | Choucair2021* | [Alberto star registration [Alberto clicks on button to start registration], Alberto tell about your [Alberto enters 'Lizeth' into when you write your first name, Alberto enters 'Munevar Rojas' into when you write your last name, Alberto enters 'bugh@gmail.com' into when you write your email, Alberto select June on when you write the month of birthday, Alberto select 20 on when you write the day of birthday, Alberto select 1990 on when you write the year of birthday, Alberto clicks on button to go to the next step], Alberto add your [Alberto clicks on when you write the city in which you live, Alberto enters 'Ottawa' into when you write the city in which you live, Alberto enters ARROW_DOWN,ENTER into when you write the city in which you live, Alberto enters ENTER into when you write the city in which you live]]
[Test worker] WARN net.thucydides.core.steps.BaseStepListener - stepStarted: net.thucydides.core.steps.ExecutedStepDescription@6bcfd374
[Test worker] WARN net.thucydides.core.steps.BaseStepListener - stepFinished: current outcome:successful account creation:Given user enters the UTest platform [Alberto load [Alberto opens the U test page]], When user registers their data and their devices
| strName | strLastName | strEmail | strMonth | strDay | strYear | strCity | strState | strZIP | strCountry | strOS | strVersion | strLanguage | strMobile | strModel | strOsMobile | strPassword | strConfirmPassword |
| Lizeth | Munevar Rojas | bugh@gmail.com | June | 20 | 1990 | Ottawa | Ontario | Z1R | Canada | Linux | Kali | Spanish | Motorola | W220 | Java ME | Choucair2021* | Choucair2021* | [Alberto star registration [Alberto clicks on button to start registration], Alberto tell about your [Alberto enters 'Lizeth' into when you write your first name, Alberto enters 'Munevar Rojas' into when you write your last name, Alberto enters 'bugh@gmail.com' into when you write your email, Alberto select June on when you write the month of birthday, Alberto select 20 on when you write the day of birthday, Alberto select 1990 on when you write the year of birthday, Alberto clicks on button to go to the next step], Alberto add your [Alberto clicks on when you write the city in which you live, Alberto enters 'Ottawa' into when you write the city in which you live, Alberto enters ARROW_DOWN,ENTER into when you write the city in which you live, Alberto enters ENTER into when you write the city in which you live, Alberto clicks on when you write the zip code of the city]]
[Test worker] WARN net.thucydides.core.steps.BaseStepListener - stepStarted: net.thucydides.core.steps.ExecutedStepDescription@44f300f1
[Test worker] WARN net.thucydides.core.steps.BaseStepListener - stepFinished: current outcome:successful account creation:Given user enters the UTest platform [Alberto load [Alberto opens the U test page]], When user registers their data and their devices
| strName | strLastName | strEmail | strMonth | strDay | strYear | strCity | strState | strZIP | strCountry | strOS | strVersion | strLanguage | strMobile | strModel | strOsMobile | strPassword | strConfirmPassword |
| Lizeth | Munevar Rojas | bugh@gmail.com | June | 20 | 1990 | Ottawa | Ontario | Z1R | Canada | Linux | Kali | Spanish | Motorola | W220 | Java ME | Choucair2021* | Choucair2021* | [Alberto star registration [Alberto clicks on button to start registration], Alberto tell about your [Alberto enters 'Lizeth' into when you write your first name, Alberto enters 'Munevar Rojas' into when you write your last name, Alberto enters 'bugh@gmail.com' into when you write your email, Alberto select June on when you write the month of birthday, Alberto select 20 on when you write the day of birthday, Alberto select 1990 on when you write the year of birthday, Alberto clicks on button to go to the next step], Alberto add your [Alberto clicks on when you write the city in which you live, Alberto enters 'Ottawa' into when you write the city in which you live, Alberto enters ARROW_DOWN,ENTER into when you write the city in which you live, Alberto enters ENTER into when you write the city in which you live, Alberto clicks on when you write the zip code of the city, Alberto enters 'Z1R' into when you write the zip code of the city]]
[Test worker] WARN net.thucydides.core.steps.BaseStepListener - stepStarted: net.thucydides.core.steps.ExecutedStepDescription@613cca40
[Test worker] WARN net.thucydides.core.steps.BaseStepListener - stepFinished: current outcome:successful account creation:Given user enters the UTest platform [Alberto load [Alberto opens the U test page]], When user registers their data and their devices
| strName | strLastName | strEmail | strMonth | strDay | strYear | strCity | strState | strZIP | strCountry | strOS | strVersion | strLanguage | strMobile | strModel | strOsMobile | strPassword | strConfirmPassword |
| Lizeth | Munevar Rojas | bugh@gmail.com | June | 20 | 1990 | Ottawa | Ontario | Z1R | Canada | Linux | Kali | Spanish | Motorola | W220 | Java ME | Choucair2021* | Choucair2021* | [Alberto star registration [Alberto clicks on button to start registration], Alberto tell about your [Alberto enters 'Lizeth' into when you write your first name, Alberto enters 'Munevar Rojas' into when you write your last name, Alberto enters 'bugh@gmail.com' into when you write your email, Alberto select June on when you write the month of birthday, Alberto select 20 on when you write the day of birthday, Alberto select 1990 on when you write the year of birthday, Alberto clicks on button to go to the next step], Alberto add your [Alberto clicks on when you write the city in which you live, Alberto enters 'Ottawa' into when you write the city in which you live, Alberto enters ARROW_DOWN,ENTER into when you write the city in which you live, Alberto enters ENTER into when you write the city in which you live, Alberto clicks on when you write the zip code of the city, Alberto enters 'Z1R' into when you write the zip code of the city, Alberto clicks on when you select the country in the drop down list]]
[Test worker] WARN net.thucydides.core.steps.BaseStepListener - stepStarted: net.thucydides.core.steps.ExecutedStepDescription@775d51e6
[Test worker] WARN net.thucydides.core.steps.BaseStepListener - stepFinished: current outcome:successful account creation:Given user enters the UTest platform [Alberto load [Alberto opens the U test page]], When user registers their data and their devices
| strName | strLastName | strEmail | strMonth | strDay | strYear | strCity | strState | strZIP | strCountry | strOS | strVersion | strLanguage | strMobile | strModel | strOsMobile | strPassword | strConfirmPassword |
| Lizeth | Munevar Rojas | bugh@gmail.com | June | 20 | 1990 | Ottawa | Ontario | Z1R | Canada | Linux | Kali | Spanish | Motorola | W220 | Java ME | Choucair2021* | Choucair2021* | [Alberto star registration [Alberto clicks on button to start registration], Alberto tell about your [Alberto enters 'Lizeth' into when you write your first name, Alberto enters 'Munevar Rojas' into when you write your last name, Alberto enters 'bugh@gmail.com' into when you write your email, Alberto select June on when you write the month of birthday, Alberto select 20 on when you write the day of birthday, Alberto select 1990 on when you write the year of birthday, Alberto clicks on button to go to the next step], Alberto add your [Alberto clicks on when you write the city in which you live, Alberto enters 'Ottawa' into when you write the city in which you live, Alberto enters ARROW_DOWN,ENTER into when you write the city in which you live, Alberto enters ENTER into when you write the city in which you live, Alberto clicks on when you write the zip code of the city, Alberto enters 'Z1R' into when you write the zip code of the city, Alberto clicks on when you select the country in the drop down list, Alberto enters 'Canada',ENTER into select your country]]
[Test worker] WARN net.thucydides.core.steps.BaseStepListener - stepStarted: net.thucydides.core.steps.ExecutedStepDescription@2feb4b5e
[Test worker] WARN net.thucydides.core.steps.BaseStepListener - stepFinished: current outcome:successful account creation:Given user enters the UTest platform [Alberto load [Alberto opens the U test page]], When user registers their data and their devices
| strName | strLastName | strEmail | strMonth | strDay | strYear | strCity | strState | strZIP | strCountry | strOS | strVersion | strLanguage | strMobile | strModel | strOsMobile | strPassword | strConfirmPassword |
| Lizeth | Munevar Rojas | bugh@gmail.com | June | 20 | 1990 | Ottawa | Ontario | Z1R | Canada | Linux | Kali | Spanish | Motorola | W220 | Java ME | Choucair2021* | Choucair2021* | [Alberto star registration [Alberto clicks on button to start registration], Alberto tell about your [Alberto enters 'Lizeth' into when you write your first name, Alberto enters 'Munevar Rojas' into when you write your last name, Alberto enters 'bugh@gmail.com' into when you write your email, Alberto select June on when you write the month of birthday, Alberto select 20 on when you write the day of birthday, Alberto select 1990 on when you write the year of birthday, Alberto clicks on button to go to the next step], Alberto add your [Alberto clicks on when you write the city in which you live, Alberto enters 'Ottawa' into when you write the city in which you live, Alberto enters ARROW_DOWN,ENTER into when you write the city in which you live, Alberto enters ENTER into when you write the city in which you live, Alberto clicks on when you write the zip code of the city, Alberto enters 'Z1R' into when you write the zip code of the city, Alberto clicks on when you select the country in the drop down list, Alberto enters 'Canada',ENTER into select your country, Alberto clicks on when you select the state in the drop down list]]
[Test worker] WARN net.thucydides.core.steps.BaseStepListener - stepStarted: net.thucydides.core.steps.ExecutedStepDescription@5427b485
[Test worker] WARN net.thucydides.core.steps.BaseStepListener - stepFinished: current outcome:successful account creation:Given user enters the UTest platform [Alberto load [Alberto opens the U test page]], When user registers their data and their devices
| strName | strLastName | strEmail | strMonth | strDay | strYear | strCity | strState | strZIP | strCountry | strOS | strVersion | strLanguage | strMobile | strModel | strOsMobile | strPassword | strConfirmPassword |
| Lizeth | Munevar Rojas | bugh@gmail.com | June | 20 | 1990 | Ottawa | Ontario | Z1R | Canada | Linux | Kali | Spanish | Motorola | W220 | Java ME | Choucair2021* | Choucair2021* | [Alberto star registration [Alberto clicks on button to start registration], Alberto tell about your [Alberto enters 'Lizeth' into when you write your first name, Alberto enters 'Munevar Rojas' into when you write your last name, Alberto enters 'bugh@gmail.com' into when you write your email, Alberto select June on when you write the month of birthday, Alberto select 20 on when you write the day of birthday, Alberto select 1990 on when you write the year of birthday, Alberto clicks on button to go to the next step], Alberto add your [Alberto clicks on when you write the city in which you live, Alberto enters 'Ottawa' into when you write the city in which you live, Alberto enters ARROW_DOWN,ENTER into when you write the city in which you live, Alberto enters ENTER into when you write the city in which you live, Alberto clicks on when you write the zip code of the city, Alberto enters 'Z1R' into when you write the zip code of the city, Alberto clicks on when you select the country in the drop down list, Alberto enters 'Canada',ENTER into select your country, Alberto clicks on when you select the state in the drop down list, Alberto enters 'Ontario',ENTER into select your country]]
[Test worker] WARN net.thucydides.core.steps.BaseStepListener - stepStarted: net.thucydides.core.steps.ExecutedStepDescription@30544cf1
[Test worker] WARN net.thucydides.core.steps.BaseStepListener - stepFinished: current outcome:successful account creation:Given user enters the UTest platform [Alberto load [Alberto opens the U test page]], When user registers their data and their devices
| strName | strLastName | strEmail | strMonth | strDay | strYear | strCity | strState | strZIP | strCountry | strOS | strVersion | strLanguage | strMobile | strModel | strOsMobile | strPassword | strConfirmPassword |
| Lizeth | Munevar Rojas | bugh@gmail.com | June | 20 | 1990 | Ottawa | Ontario | Z1R | Canada | Linux | Kali | Spanish | Motorola | W220 | Java ME | Choucair2021* | Choucair2021* | [Alberto star registration [Alberto clicks on button to start registration], Alberto tell about your [Alberto enters 'Lizeth' into when you write your first name, Alberto enters 'Munevar Rojas' into when you write your last name, Alberto enters 'bugh@gmail.com' into when you write your email, Alberto select June on when you write the month of birthday, Alberto select 20 on when you write the day of birthday, Alberto select 1990 on when you write the year of birthday, Alberto clicks on button to go to the next step], Alberto add your [Alberto clicks on when you write the city in which you live, Alberto enters 'Ottawa' into when you write the city in which you live, Alberto enters ARROW_DOWN,ENTER into when you write the city in which you live, Alberto enters ENTER into when you write the city in which you live, Alberto clicks on when you write the zip code of the city, Alberto enters 'Z1R' into when you write the zip code of the city, Alberto clicks on when you select the country in the drop down list, Alberto enters 'Canada',ENTER into select your country, Alberto clicks on when you select the state in the drop down list, Alberto enters 'Ontario',ENTER into select your country, Alberto clicks on button to go to the next step]]
[Test worker] WARN net.thucydides.core.steps.BaseStepListener - stepFinished: current outcome:successful account creation:Given user enters the UTest platform [Alberto load [Alberto opens the U test page]], When user registers their data and their devices
| strName | strLastName | strEmail | strMonth | strDay | strYear | strCity | strState | strZIP | strCountry | strOS | strVersion | strLanguage | strMobile | strModel | strOsMobile | strPassword | strConfirmPassword |
| Lizeth | Munevar Rojas | bugh@gmail.com | June | 20 | 1990 | Ottawa | Ontario | Z1R | Canada | Linux | Kali | Spanish | Motorola | W220 | Java ME | Choucair2021* | Choucair2021* | [Alberto star registration [Alberto clicks on button to start registration], Alberto tell about your [Alberto enters 'Lizeth' into when you write your first name, Alberto enters 'Munevar Rojas' into when you write your last name, Alberto enters 'bugh@gmail.com' into when you write your email, Alberto select June on when you write the month of birthday, Alberto select 20 on when you write the day of birthday, Alberto select 1990 on when you write the year of birthday, Alberto clicks on button to go to the next step], Alberto add your [Alberto clicks on when you write the city in which you live, Alberto enters 'Ottawa' into when you write the city in which you live, Alberto enters ARROW_DOWN,ENTER into when you write the city in which you live, Alberto enters ENTER into when you write the city in which you live, Alberto clicks on when you write the zip code of the city, Alberto enters 'Z1R' into when you write the zip code of the city, Alberto clicks on when you select the country in the drop down list, Alberto enters 'Canada',ENTER into select your country, Alberto clicks on when you select the state in the drop down list, Alberto enters 'Ontario',ENTER into select your country, Alberto clicks on button to go to the next step]]
[Test worker] WARN net.thucydides.core.steps.BaseStepListener - stepStarted: net.thucydides.core.steps.ExecutedStepDescription@7a290cae
[Test worker] WARN net.thucydides.core.steps.BaseStepListener - stepStarted: net.thucydides.core.steps.ExecutedStepDescription@53687bae
[Test worker] WARN net.thucydides.core.steps.BaseStepListener - stepFinished: current outcome:successful account creation:Given user enters the UTest platform [Alberto load [Alberto opens the U test page]], When user registers their data and their devices
| strName | strLastName | strEmail | strMonth | strDay | strYear | strCity | strState | strZIP | strCountry | strOS | strVersion | strLanguage | strMobile | strModel | strOsMobile | strPassword | strConfirmPassword |
| Lizeth | Munevar Rojas | bugh@gmail.com | June | 20 | 1990 | Ottawa | Ontario | Z1R | Canada | Linux | Kali | Spanish | Motorola | W220 | Java ME | Choucair2021* | Choucair2021* | [Alberto star registration [Alberto clicks on button to start registration], Alberto tell about your [Alberto enters 'Lizeth' into when you write your first name, Alberto enters 'Munevar Rojas' into when you write your last name, Alberto enters 'bugh@gmail.com' into when you write your email, Alberto select June on when you write the month of birthday, Alberto select 20 on when you write the day of birthday, Alberto select 1990 on when you write the year of birthday, Alberto clicks on button to go to the next step], Alberto add your [Alberto clicks on when you write the city in which you live, Alberto enters 'Ottawa' into when you write the city in which you live, Alberto enters ARROW_DOWN,ENTER into when you write the city in which you live, Alberto enters ENTER into when you write the city in which you live, Alberto clicks on when you write the zip code of the city, Alberto enters 'Z1R' into when you write the zip code of the city, Alberto clicks on when you select the country in the drop down list, Alberto enters 'Canada',ENTER into select your country, Alberto clicks on when you select the state in the drop down list, Alberto enters 'Ontario',ENTER into select your country, Alberto clicks on button to go to the next step], Alberto enter your [Alberto clicks on when you select the computer's operating system in the drop down list ]]
[Test worker] WARN net.thucydides.core.steps.BaseStepListener - stepStarted: net.thucydides.core.steps.ExecutedStepDescription@606f44aa
[Test worker] WARN net.thucydides.core.steps.BaseStepListener - stepFinished: current outcome:successful account creation:Given user enters the UTest platform [Alberto load [Alberto opens the U test page]], When user registers their data and their devices
| strName | strLastName | strEmail | strMonth | strDay | strYear | strCity | strState | strZIP | strCountry | strOS | strVersion | strLanguage | strMobile | strModel | strOsMobile | strPassword | strConfirmPassword |
| Lizeth | Munevar Rojas | bugh@gmail.com | June | 20 | 1990 | Ottawa | Ontario | Z1R | Canada | Linux | Kali | Spanish | Motorola | W220 | Java ME | Choucair2021* | Choucair2021* | [Alberto star registration [Alberto clicks on button to start registration], Alberto tell about your [Alberto enters 'Lizeth' into when you write your first name, Alberto enters 'Munevar Rojas' into when you write your last name, Alberto enters 'bugh@gmail.com' into when you write your email, Alberto select June on when you write the month of birthday, Alberto select 20 on when you write the day of birthday, Alberto select 1990 on when you write the year of birthday, Alberto clicks on button to go to the next step], Alberto add your [Alberto clicks on when you write the city in which you live, Alberto enters 'Ottawa' into when you write the city in which you live, Alberto enters ARROW_DOWN,ENTER into when you write the city in which you live, Alberto enters ENTER into when you write the city in which you live, Alberto clicks on when you write the zip code of the city, Alberto enters 'Z1R' into when you write the zip code of the city, Alberto clicks on when you select the country in the drop down list, Alberto enters 'Canada',ENTER into select your country, Alberto clicks on when you select the state in the drop down list, Alberto enters 'Ontario',ENTER into select your country, Alberto clicks on button to go to the next step], Alberto enter your [Alberto clicks on when you select the computer's operating system in the drop down list , Alberto enters 'Linux',ENTER into select your operating system]]
[Test worker] WARN net.thucydides.core.steps.BaseStepListener - stepStarted: net.thucydides.core.steps.ExecutedStepDescription@26a5396e
[Test worker] WARN net.thucydides.core.steps.BaseStepListener - stepFinished: current outcome:successful account creation:Given user enters the UTest platform [Alberto load [Alberto opens the U test page]], When user registers their data and their devices
| strName | strLastName | strEmail | strMonth | strDay | strYear | strCity | strState | strZIP | strCountry | strOS | strVersion | strLanguage | strMobile | strModel | strOsMobile | strPassword | strConfirmPassword |
| Lizeth | Munevar Rojas | bugh@gmail.com | June | 20 | 1990 | Ottawa | Ontario | Z1R | Canada | Linux | Kali | Spanish | Motorola | W220 | Java ME | Choucair2021* | Choucair2021* | [Alberto star registration [Alberto clicks on button to start registration], Alberto tell about your [Alberto enters 'Lizeth' into when you write your first name, Alberto enters 'Munevar Rojas' into when you write your last name, Alberto enters 'bugh@gmail.com' into when you write your email, Alberto select June on when you write the month of birthday, Alberto select 20 on when you write the day of birthday, Alberto select 1990 on when you write the year of birthday, Alberto clicks on button to go to the next step], Alberto add your [Alberto clicks on when you write the city in which you live, Alberto enters 'Ottawa' into when you write the city in which you live, Alberto enters ARROW_DOWN,ENTER into when you write the city in which you live, Alberto enters ENTER into when you write the city in which you live, Alberto clicks on when you write the zip code of the city, Alberto enters 'Z1R' into when you write the zip code of the city, Alberto clicks on when you select the country in the drop down list, Alberto enters 'Canada',ENTER into select your country, Alberto clicks on when you select the state in the drop down list, Alberto enters 'Ontario',ENTER into select your country, Alberto clicks on button to go to the next step], Alberto enter your [Alberto clicks on when you select the computer's operating system in the drop down list , Alberto enters 'Linux',ENTER into select your operating system, Alberto clicks on when you select the computer's version in the drop down list]]
[Test worker] WARN net.thucydides.core.steps.BaseStepListener - stepStarted: net.thucydides.core.steps.ExecutedStepDescription@400a0899
[Test worker] WARN net.thucydides.core.steps.BaseStepListener - stepFinished: current outcome:successful account creation:Given user enters the UTest platform [Alberto load [Alberto opens the U test page]], When user registers their data and their devices
| strName | strLastName | strEmail | strMonth | strDay | strYear | strCity | strState | strZIP | strCountry | strOS | strVersion | strLanguage | strMobile | strModel | strOsMobile | strPassword | strConfirmPassword |
| Lizeth | Munevar Rojas | bugh@gmail.com | June | 20 | 1990 | Ottawa | Ontario | Z1R | Canada | Linux | Kali | Spanish | Motorola | W220 | Java ME | Choucair2021* | Choucair2021* | [Alberto star registration [Alberto clicks on button to start registration], Alberto tell about your [Alberto enters 'Lizeth' into when you write your first name, Alberto enters 'Munevar Rojas' into when you write your last name, Alberto enters 'bugh@gmail.com' into when you write your email, Alberto select June on when you write the month of birthday, Alberto select 20 on when you write the day of birthday, Alberto select 1990 on when you write the year of birthday, Alberto clicks on button to go to the next step], Alberto add your [Alberto clicks on when you write the city in which you live, Alberto enters 'Ottawa' into when you write the city in which you live, Alberto enters ARROW_DOWN,ENTER into when you write the city in which you live, Alberto enters ENTER into when you write the city in which you live, Alberto clicks on when you write the zip code of the city, Alberto enters 'Z1R' into when you write the zip code of the city, Alberto clicks on when you select the country in the drop down list, Alberto enters 'Canada',ENTER into select your country, Alberto clicks on when you select the state in the drop down list, Alberto enters 'Ontario',ENTER into select your country, Alberto clicks on button to go to the next step], Alberto enter your [Alberto clicks on when you select the computer's operating system in the drop down list , Alberto enters 'Linux',ENTER into select your operating system, Alberto clicks on when you select the computer's version in the drop down list, Alberto enters 'Kali',ENTER into select your version]]
[Test worker] WARN net.thucydides.core.steps.BaseStepListener - stepStarted: net.thucydides.core.steps.ExecutedStepDescription@7e6d73c5
[Test worker] WARN net.thucydides.core.steps.BaseStepListener - stepFinished: current outcome:successful account creation:Given user enters the UTest platform [Alberto load [Alberto opens the U test page]], When user registers their data and their devices
| strName | strLastName | strEmail | strMonth | strDay | strYear | strCity | strState | strZIP | strCountry | strOS | strVersion | strLanguage | strMobile | strModel | strOsMobile | strPassword | strConfirmPassword |
| Lizeth | Munevar Rojas | bugh@gmail.com | June | 20 | 1990 | Ottawa | Ontario | Z1R | Canada | Linux | Kali | Spanish | Motorola | W220 | Java ME | Choucair2021* | Choucair2021* | [Alberto star registration [Alberto clicks on button to start registration], Alberto tell about your [Alberto enters 'Lizeth' into when you write your first name, Alberto enters 'Munevar Rojas' into when you write your last name, Alberto enters 'bugh@gmail.com' into when you write your email, Alberto select June on when you write the month of birthday, Alberto select 20 on when you write the day of birthday, Alberto select 1990 on when you write the year of birthday, Alberto clicks on button to go to the next step], Alberto add your [Alberto clicks on when you write the city in which you live, Alberto enters 'Ottawa' into when you write the city in which you live, Alberto enters ARROW_DOWN,ENTER into when you write the city in which you live, Alberto enters ENTER into when you write the city in which you live, Alberto clicks on when you write the zip code of the city, Alberto enters 'Z1R' into when you write the zip code of the city, Alberto clicks on when you select the country in the drop down list, Alberto enters 'Canada',ENTER into select your country, Alberto clicks on when you select the state in the drop down list, Alberto enters 'Ontario',ENTER into select your country, Alberto clicks on button to go to the next step], Alberto enter your [Alberto clicks on when you select the computer's operating system in the drop down list , Alberto enters 'Linux',ENTER into select your operating system, Alberto clicks on when you select the computer's version in the drop down list, Alberto enters 'Kali',ENTER into select your version, Alberto clicks on when you select the language in the drop down list]]
[Test worker] WARN net.thucydides.core.steps.BaseStepListener - stepStarted: net.thucydides.core.steps.ExecutedStepDescription@a2c751
[Test worker] WARN net.thucydides.core.steps.BaseStepListener - stepFinished: current outcome:successful account creation:Given user enters the UTest platform [Alberto load [Alberto opens the U test page]], When user registers their data and their devices
| strName | strLastName | strEmail | strMonth | strDay | strYear | strCity | strState | strZIP | strCountry | strOS | strVersion | strLanguage | strMobile | strModel | strOsMobile | strPassword | strConfirmPassword |
| Lizeth | Munevar Rojas | bugh@gmail.com | June | 20 | 1990 | Ottawa | Ontario | Z1R | Canada | Linux | Kali | Spanish | Motorola | W220 | Java ME | Choucair2021* | Choucair2021* | [Alberto star registration [Alberto clicks on button to start registration], Alberto tell about your [Alberto enters 'Lizeth' into when you write your first name, Alberto enters 'Munevar Rojas' into when you write your last name, Alberto enters 'bugh@gmail.com' into when you write your email, Alberto select June on when you write the month of birthday, Alberto select 20 on when you write the day of birthday, Alberto select 1990 on when you write the year of birthday, Alberto clicks on button to go to the next step], Alberto add your [Alberto clicks on when you write the city in which you live, Alberto enters 'Ottawa' into when you write the city in which you live, Alberto enters ARROW_DOWN,ENTER into when you write the city in which you live, Alberto enters ENTER into when you write the city in which you live, Alberto clicks on when you write the zip code of the city, Alberto enters 'Z1R' into when you write the zip code of the city, Alberto clicks on when you select the country in the drop down list, Alberto enters 'Canada',ENTER into select your country, Alberto clicks on when you select the state in the drop down list, Alberto enters 'Ontario',ENTER into select your country, Alberto clicks on button to go to the next step], Alberto enter your [Alberto clicks on when you select the computer's operating system in the drop down list , Alberto enters 'Linux',ENTER into select your operating system, Alberto clicks on when you select the computer's version in the drop down list, Alberto enters 'Kali',ENTER into select your version, Alberto clicks on when you select the language in the drop down list, Alberto enters 'Spanish',ENTER into select your language]]
[Test worker] WARN net.thucydides.core.steps.BaseStepListener - stepStarted: net.thucydides.core.steps.ExecutedStepDescription@c393c9d
[Test worker] WARN net.thucydides.core.steps.BaseStepListener - stepFinished: current outcome:successful account creation:Given user enters the UTest platform [Alberto load [Alberto opens the U test page]], When user registers their data and their devices
| strName | strLastName | strEmail | strMonth | strDay | strYear | strCity | strState | strZIP | strCountry | strOS | strVersion | strLanguage | strMobile | strModel | strOsMobile | strPassword | strConfirmPassword |
| Lizeth | Munevar Rojas | bugh@gmail.com | June | 20 | 1990 | Ottawa | Ontario | Z1R | Canada | Linux | Kali | Spanish | Motorola | W220 | Java ME | Choucair2021* | Choucair2021* | [Alberto star registration [Alberto clicks on button to start registration], Alberto tell about your [Alberto enters 'Lizeth' into when you write your first name, Alberto enters 'Munevar Rojas' into when you write your last name, Alberto enters 'bugh@gmail.com' into when you write your email, Alberto select June on when you write the month of birthday, Alberto select 20 on when you write the day of birthday, Alberto select 1990 on when you write the year of birthday, Alberto clicks on button to go to the next step], Alberto add your [Alberto clicks on when you write the city in which you live, Alberto enters 'Ottawa' into when you write the city in which you live, Alberto enters ARROW_DOWN,ENTER into when you write the city in which you live, Alberto enters ENTER into when you write the city in which you live, Alberto clicks on when you write the zip code of the city, Alberto enters 'Z1R' into when you write the zip code of the city, Alberto clicks on when you select the country in the drop down list, Alberto enters 'Canada',ENTER into select your country, Alberto clicks on when you select the state in the drop down list, Alberto enters 'Ontario',ENTER into select your country, Alberto clicks on button to go to the next step], Alberto enter your [Alberto clicks on when you select the computer's operating system in the drop down list , Alberto enters 'Linux',ENTER into select your operating system, Alberto clicks on when you select the computer's version in the drop down list, Alberto enters 'Kali',ENTER into select your version, Alberto clicks on when you select the language in the drop down list, Alberto enters 'Spanish',ENTER into select your language, Alberto clicks on when you select the mobile device in the drop down list]]
[Test worker] WARN net.thucydides.core.steps.BaseStepListener - stepStarted: net.thucydides.core.steps.ExecutedStepDescription@1891dfed
[Test worker] WARN net.thucydides.core.steps.BaseStepListener - stepFinished: current outcome:successful account creation:Given user enters the UTest platform [Alberto load [Alberto opens the U test page]], When user registers their data and their devices
| strName | strLastName | strEmail | strMonth | strDay | strYear | strCity | strState | strZIP | strCountry | strOS | strVersion | strLanguage | strMobile | strModel | strOsMobile | strPassword | strConfirmPassword |
| Lizeth | Munevar Rojas | bugh@gmail.com | June | 20 | 1990 | Ottawa | Ontario | Z1R | Canada | Linux | Kali | Spanish | Motorola | W220 | Java ME | Choucair2021* | Choucair2021* | [Alberto star registration [Alberto clicks on button to start registration], Alberto tell about your [Alberto enters 'Lizeth' into when you write your first name, Alberto enters 'Munevar Rojas' into when you write your last name, Alberto enters 'bugh@gmail.com' into when you write your email, Alberto select June on when you write the month of birthday, Alberto select 20 on when you write the day of birthday, Alberto select 1990 on when you write the year of birthday, Alberto clicks on button to go to the next step], Alberto add your [Alberto clicks on when you write the city in which you live, Alberto enters 'Ottawa' into when you write the city in which you live, Alberto enters ARROW_DOWN,ENTER into when you write the city in which you live, Alberto enters ENTER into when you write the city in which you live, Alberto clicks on when you write the zip code of the city, Alberto enters 'Z1R' into when you write the zip code of the city, Alberto clicks on when you select the country in the drop down list, Alberto enters 'Canada',ENTER into select your country, Alberto clicks on when you select the state in the drop down list, Alberto enters 'Ontario',ENTER into select your country, Alberto clicks on button to go to the next step], Alberto enter your [Alberto clicks on when you select the computer's operating system in the drop down list , Alberto enters 'Linux',ENTER into select your operating system, Alberto clicks on when you select the computer's version in the drop down list, Alberto enters 'Kali',ENTER into select your version, Alberto clicks on when you select the language in the drop down list, Alberto enters 'Spanish',ENTER into select your language, Alberto clicks on when you select the mobile device in the drop down list, Alberto enters 'Motorola',ENTER into select your mobile device]]
[Test worker] WARN net.thucydides.core.steps.BaseStepListener - stepStarted: net.thucydides.core.steps.ExecutedStepDescription@5f2209f8
[Test worker] WARN net.thucydides.core.steps.BaseStepListener - stepFinished: current outcome:successful account creation:Given user enters the UTest platform [Alberto load [Alberto opens the U test page]], When user registers their data and their devices
| strName | strLastName | strEmail | strMonth | strDay | strYear | strCity | strState | strZIP | strCountry | strOS | strVersion | strLanguage | strMobile | strModel | strOsMobile | strPassword | strConfirmPassword |
| Lizeth | Munevar Rojas | bugh@gmail.com | June | 20 | 1990 | Ottawa | Ontario | Z1R | Canada | Linux | Kali | Spanish | Motorola | W220 | Java ME | Choucair2021* | Choucair2021* | [Alberto star registration [Alberto clicks on button to start registration], Alberto tell about your [Alberto enters 'Lizeth' into when you write your first name, Alberto enters 'Munevar Rojas' into when you write your last name, Alberto enters 'bugh@gmail.com' into when you write your email, Alberto select June on when you write the month of birthday, Alberto select 20 on when you write the day of birthday, Alberto select 1990 on when you write the year of birthday, Alberto clicks on button to go to the next step], Alberto add your [Alberto clicks on when you write the city in which you live, Alberto enters 'Ottawa' into when you write the city in which you live, Alberto enters ARROW_DOWN,ENTER into when you write the city in which you live, Alberto enters ENTER into when you write the city in which you live, Alberto clicks on when you write the zip code of the city, Alberto enters 'Z1R' into when you write the zip code of the city, Alberto clicks on when you select the country in the drop down list, Alberto enters 'Canada',ENTER into select your country, Alberto clicks on when you select the state in the drop down list, Alberto enters 'Ontario',ENTER into select your country, Alberto clicks on button to go to the next step], Alberto enter your [Alberto clicks on when you select the computer's operating system in the drop down list , Alberto enters 'Linux',ENTER into select your operating system, Alberto clicks on when you select the computer's version in the drop down list, Alberto enters 'Kali',ENTER into select your version, Alberto clicks on when you select the language in the drop down list, Alberto enters 'Spanish',ENTER into select your language, Alberto clicks on when you select the mobile device in the drop down list, Alberto enters 'Motorola',ENTER into select your mobile device, Alberto clicks on when you select the mobile device's model in the drop down list]]
[Test worker] WARN net.thucydides.core.steps.BaseStepListener - stepStarted: net.thucydides.core.steps.ExecutedStepDescription@57eafe19
[Test worker] WARN net.thucydides.core.steps.BaseStepListener - stepFinished: current outcome:successful account creation:Given user enters the UTest platform [Alberto load [Alberto opens the U test page]], When user registers their data and their devices
| strName | strLastName | strEmail | strMonth | strDay | strYear | strCity | strState | strZIP | strCountry | strOS | strVersion | strLanguage | strMobile | strModel | strOsMobile | strPassword | strConfirmPassword |
| Lizeth | Munevar Rojas | bugh@gmail.com | June | 20 | 1990 | Ottawa | Ontario | Z1R | Canada | Linux | Kali | Spanish | Motorola | W220 | Java ME | Choucair2021* | Choucair2021* | [Alberto star registration [Alberto clicks on button to start registration], Alberto tell about your [Alberto enters 'Lizeth' into when you write your first name, Alberto enters 'Munevar Rojas' into when you write your last name, Alberto enters 'bugh@gmail.com' into when you write your email, Alberto select June on when you write the month of birthday, Alberto select 20 on when you write the day of birthday, Alberto select 1990 on when you write the year of birthday, Alberto clicks on button to go to the next step], Alberto add your [Alberto clicks on when you write the city in which you live, Alberto enters 'Ottawa' into when you write the city in which you live, Alberto enters ARROW_DOWN,ENTER into when you write the city in which you live, Alberto enters ENTER into when you write the city in which you live, Alberto clicks on when you write the zip code of the city, Alberto enters 'Z1R' into when you write the zip code of the city, Alberto clicks on when you select the country in the drop down list, Alberto enters 'Canada',ENTER into select your country, Alberto clicks on when you select the state in the drop down list, Alberto enters 'Ontario',ENTER into select your country, Alberto clicks on button to go to the next step], Alberto enter your [Alberto clicks on when you select the computer's operating system in the drop down list , Alberto enters 'Linux',ENTER into select your operating system, Alberto clicks on when you select the computer's version in the drop down list, Alberto enters 'Kali',ENTER into select your version, Alberto clicks on when you select the language in the drop down list, Alberto enters 'Spanish',ENTER into select your language, Alberto clicks on when you select the mobile device in the drop down list, Alberto enters 'Motorola',ENTER into select your mobile device, Alberto clicks on when you select the mobile device's model in the drop down list, Alberto enters 'W220',ENTER into select your mobile]]
[Test worker] WARN net.thucydides.core.steps.BaseStepListener - stepStarted: net.thucydides.core.steps.ExecutedStepDescription@34917fe4
[Test worker] WARN net.thucydides.core.steps.BaseStepListener - stepFinished: current outcome:successful account creation:Given user enters the UTest platform [Alberto load [Alberto opens the U test page]], When user registers their data and their devices
| strName | strLastName | strEmail | strMonth | strDay | strYear | strCity | strState | strZIP | strCountry | strOS | strVersion | strLanguage | strMobile | strModel | strOsMobile | strPassword | strConfirmPassword |
| Lizeth | Munevar Rojas | bugh@gmail.com | June | 20 | 1990 | Ottawa | Ontario | Z1R | Canada | Linux | Kali | Spanish | Motorola | W220 | Java ME | Choucair2021* | Choucair2021* | [Alberto star registration [Alberto clicks on button to start registration], Alberto tell about your [Alberto enters 'Lizeth' into when you write your first name, Alberto enters 'Munevar Rojas' into when you write your last name, Alberto enters 'bugh@gmail.com' into when you write your email, Alberto select June on when you write the month of birthday, Alberto select 20 on when you write the day of birthday, Alberto select 1990 on when you write the year of birthday, Alberto clicks on button to go to the next step], Alberto add your [Alberto clicks on when you write the city in which you live, Alberto enters 'Ottawa' into when you write the city in which you live, Alberto enters ARROW_DOWN,ENTER into when you write the city in which you live, Alberto enters ENTER into when you write the city in which you live, Alberto clicks on when you write the zip code of the city, Alberto enters 'Z1R' into when you write the zip code of the city, Alberto clicks on when you select the country in the drop down list, Alberto enters 'Canada',ENTER into select your country, Alberto clicks on when you select the state in the drop down list, Alberto enters 'Ontario',ENTER into select your country, Alberto clicks on button to go to the next step], Alberto enter your [Alberto clicks on when you select the computer's operating system in the drop down list , Alberto enters 'Linux',ENTER into select your operating system, Alberto clicks on when you select the computer's version in the drop down list, Alberto enters 'Kali',ENTER into select your version, Alberto clicks on when you select the language in the drop down list, Alberto enters 'Spanish',ENTER into select your language, Alberto clicks on when you select the mobile device in the drop down list, Alberto enters 'Motorola',ENTER into select your mobile device, Alberto clicks on when you select the mobile device's model in the drop down list, Alberto enters 'W220',ENTER into select your mobile, Alberto clicks on when you select the mobile device's operating system in the drop down list]]
[Test worker] WARN net.thucydides.core.steps.BaseStepListener - stepStarted: net.thucydides.core.steps.ExecutedStepDescription@3852a147
[Test worker] WARN net.thucydides.core.steps.BaseStepListener - stepFinished: current outcome:successful account creation:Given user enters the UTest platform [Alberto load [Alberto opens the U test page]], When user registers their data and their devices
| strName | strLastName | strEmail | strMonth | strDay | strYear | strCity | strState | strZIP | strCountry | strOS | strVersion | strLanguage | strMobile | strModel | strOsMobile | strPassword | strConfirmPassword |
| Lizeth | Munevar Rojas | bugh@gmail.com | June | 20 | 1990 | Ottawa | Ontario | Z1R | Canada | Linux | Kali | Spanish | Motorola | W220 | Java ME | Choucair2021* | Choucair2021* | [Alberto star registration [Alberto clicks on button to start registration], Alberto tell about your [Alberto enters 'Lizeth' into when you write your first name, Alberto enters 'Munevar Rojas' into when you write your last name, Alberto enters 'bugh@gmail.com' into when you write your email, Alberto select June on when you write the month of birthday, Alberto select 20 on when you write the day of birthday, Alberto select 1990 on when you write the year of birthday, Alberto clicks on button to go to the next step], Alberto add your [Alberto clicks on when you write the city in which you live, Alberto enters 'Ottawa' into when you write the city in which you live, Alberto enters ARROW_DOWN,ENTER into when you write the city in which you live, Alberto enters ENTER into when you write the city in which you live, Alberto clicks on when you write the zip code of the city, Alberto enters 'Z1R' into when you write the zip code of the city, Alberto clicks on when you select the country in the drop down list, Alberto enters 'Canada',ENTER into select your country, Alberto clicks on when you select the state in the drop down list, Alberto enters 'Ontario',ENTER into select your country, Alberto clicks on button to go to the next step], Alberto enter your [Alberto clicks on when you select the computer's operating system in the drop down list , Alberto enters 'Linux',ENTER into select your operating system, Alberto clicks on when you select the computer's version in the drop down list, Alberto enters 'Kali',ENTER into select your version, Alberto clicks on when you select the language in the drop down list, Alberto enters 'Spanish',ENTER into select your language, Alberto clicks on when you select the mobile device in the drop down list, Alberto enters 'Motorola',ENTER into select your mobile device, Alberto clicks on when you select the mobile device's model in the drop down list, Alberto enters 'W220',ENTER into select your mobile, Alberto clicks on when you select the mobile device's operating system in the drop down list, Alberto enters 'Java ME',ENTER into select the operative system]]
[Test worker] WARN net.thucydides.core.steps.BaseStepListener - stepStarted: net.thucydides.core.steps.ExecutedStepDescription@24a19b12
[Test worker] WARN net.thucydides.core.steps.BaseStepListener - stepFinished: current outcome:successful account creation:Given user enters the UTest platform [Alberto load [Alberto opens the U test page]], When user registers their data and their devices
| strName | strLastName | strEmail | strMonth | strDay | strYear | strCity | strState | strZIP | strCountry | strOS | strVersion | strLanguage | strMobile | strModel | strOsMobile | strPassword | strConfirmPassword |
| Lizeth | Munevar Rojas | bugh@gmail.com | June | 20 | 1990 | Ottawa | Ontario | Z1R | Canada | Linux | Kali | Spanish | Motorola | W220 | Java ME | Choucair2021* | Choucair2021* | [Alberto star registration [Alberto clicks on button to start registration], Alberto tell about your [Alberto enters 'Lizeth' into when you write your first name, Alberto enters 'Munevar Rojas' into when you write your last name, Alberto enters 'bugh@gmail.com' into when you write your email, Alberto select June on when you write the month of birthday, Alberto select 20 on when you write the day of birthday, Alberto select 1990 on when you write the year of birthday, Alberto clicks on button to go to the next step], Alberto add your [Alberto clicks on when you write the city in which you live, Alberto enters 'Ottawa' into when you write the city in which you live, Alberto enters ARROW_DOWN,ENTER into when you write the city in which you live, Alberto enters ENTER into when you write the city in which you live, Alberto clicks on when you write the zip code of the city, Alberto enters 'Z1R' into when you write the zip code of the city, Alberto clicks on when you select the country in the drop down list, Alberto enters 'Canada',ENTER into select your country, Alberto clicks on when you select the state in the drop down list, Alberto enters 'Ontario',ENTER into select your country, Alberto clicks on button to go to the next step], Alberto enter your [Alberto clicks on when you select the computer's operating system in the drop down list , Alberto enters 'Linux',ENTER into select your operating system, Alberto clicks on when you select the computer's version in the drop down list, Alberto enters 'Kali',ENTER into select your version, Alberto clicks on when you select the language in the drop down list, Alberto enters 'Spanish',ENTER into select your language, Alberto clicks on when you select the mobile device in the drop down list, Alberto enters 'Motorola',ENTER into select your mobile device, Alberto clicks on when you select the mobile device's model in the drop down list, Alberto enters 'W220',ENTER into select your mobile, Alberto clicks on when you select the mobile device's operating system in the drop down list, Alberto enters 'Java ME',ENTER into select the operative system, Alberto clicks on button to go to the next step]]
[Test worker] WARN net.thucydides.core.steps.BaseStepListener - stepFinished: current outcome:successful account creation:Given user enters the UTest platform [Alberto load [Alberto opens the U test page]], When user registers their data and their devices
| strName | strLastName | strEmail | strMonth | strDay | strYear | strCity | strState | strZIP | strCountry | strOS | strVersion | strLanguage | strMobile | strModel | strOsMobile | strPassword | strConfirmPassword |
| Lizeth | Munevar Rojas | bugh@gmail.com | June | 20 | 1990 | Ottawa | Ontario | Z1R | Canada | Linux | Kali | Spanish | Motorola | W220 | Java ME | Choucair2021* | Choucair2021* | [Alberto star registration [Alberto clicks on button to start registration], Alberto tell about your [Alberto enters 'Lizeth' into when you write your first name, Alberto enters 'Munevar Rojas' into when you write your last name, Alberto enters 'bugh@gmail.com' into when you write your email, Alberto select June on when you write the month of birthday, Alberto select 20 on when you write the day of birthday, Alberto select 1990 on when you write the year of birthday, Alberto clicks on button to go to the next step], Alberto add your [Alberto clicks on when you write the city in which you live, Alberto enters 'Ottawa' into when you write the city in which you live, Alberto enters ARROW_DOWN,ENTER into when you write the city in which you live, Alberto enters ENTER into when you write the city in which you live, Alberto clicks on when you write the zip code of the city, Alberto enters 'Z1R' into when you write the zip code of the city, Alberto clicks on when you select the country in the drop down list, Alberto enters 'Canada',ENTER into select your country, Alberto clicks on when you select the state in the drop down list, Alberto enters 'Ontario',ENTER into select your country, Alberto clicks on button to go to the next step], Alberto enter your [Alberto clicks on when you select the computer's operating system in the drop down list , Alberto enters 'Linux',ENTER into select your operating system, Alberto clicks on when you select the computer's version in the drop down list, Alberto enters 'Kali',ENTER into select your version, Alberto clicks on when you select the language in the drop down list, Alberto enters 'Spanish',ENTER into select your language, Alberto clicks on when you select the mobile device in the drop down list, Alberto enters 'Motorola',ENTER into select your mobile device, Alberto clicks on when you select the mobile device's model in the drop down list, Alberto enters 'W220',ENTER into select your mobile, Alberto clicks on when you select the mobile device's operating system in the drop down list, Alberto enters 'Java ME',ENTER into select the operative system, Alberto clicks on button to go to the next step]]
[Test worker] WARN net.thucydides.core.steps.BaseStepListener - stepStarted: net.thucydides.core.steps.ExecutedStepDescription@39e6678c
[Test worker] WARN net.thucydides.core.steps.BaseStepListener - stepStarted: net.thucydides.core.steps.ExecutedStepDescription@4bac7123
[Test worker] WARN net.thucydides.core.steps.BaseStepListener - stepFinished: current outcome:successful account creation:Given user enters the UTest platform [Alberto load [Alberto opens the U test page]], When user registers their data and their devices
| strName | strLastName | strEmail | strMonth | strDay | strYear | strCity | strState | strZIP | strCountry | strOS | strVersion | strLanguage | strMobile | strModel | strOsMobile | strPassword | strConfirmPassword |
| Lizeth | Munevar Rojas | bugh@gmail.com | June | 20 | 1990 | Ottawa | Ontario | Z1R | Canada | Linux | Kali | Spanish | Motorola | W220 | Java ME | Choucair2021* | Choucair2021* | [Alberto star registration [Alberto clicks on button to start registration], Alberto tell about your [Alberto enters 'Lizeth' into when you write your first name, Alberto enters 'Munevar Rojas' into when you write your last name, Alberto enters 'bugh@gmail.com' into when you write your email, Alberto select June on when you write the month of birthday, Alberto select 20 on when you write the day of birthday, Alberto select 1990 on when you write the year of birthday, Alberto clicks on button to go to the next step], Alberto add your [Alberto clicks on when you write the city in which you live, Alberto enters 'Ottawa' into when you write the city in which you live, Alberto enters ARROW_DOWN,ENTER into when you write the city in which you live, Alberto enters ENTER into when you write the city in which you live, Alberto clicks on when you write the zip code of the city, Alberto enters 'Z1R' into when you write the zip code of the city, Alberto clicks on when you select the country in the drop down list, Alberto enters 'Canada',ENTER into select your country, Alberto clicks on when you select the state in the drop down list, Alberto enters 'Ontario',ENTER into select your country, Alberto clicks on button to go to the next step], Alberto enter your [Alberto clicks on when you select the computer's operating system in the drop down list , Alberto enters 'Linux',ENTER into select your operating system, Alberto clicks on when you select the computer's version in the drop down list, Alberto enters 'Kali',ENTER into select your version, Alberto clicks on when you select the language in the drop down list, Alberto enters 'Spanish',ENTER into select your language, Alberto clicks on when you select the mobile device in the drop down list, Alberto enters 'Motorola',ENTER into select your mobile device, Alberto clicks on when you select the mobile device's model in the drop down list, Alberto enters 'W220',ENTER into select your mobile, Alberto clicks on when you select the mobile device's operating system in the drop down list, Alberto enters 'Java ME',ENTER into select the operative system, Alberto clicks on button to go to the next step], Alberto implement the [Alberto enters 'Choucair2021*' into when you write your password]]
[Test worker] WARN net.thucydides.core.steps.BaseStepListener - stepStarted: net.thucydides.core.steps.ExecutedStepDescription@5d2bdbde
[Test worker] WARN net.thucydides.core.steps.BaseStepListener - stepFinished: current outcome:successful account creation:Given user enters the UTest platform [Alberto load [Alberto opens the U test page]], When user registers their data and their devices
| strName | strLastName | strEmail | strMonth | strDay | strYear | strCity | strState | strZIP | strCountry | strOS | strVersion | strLanguage | strMobile | strModel | strOsMobile | strPassword | strConfirmPassword |
| Lizeth | Munevar Rojas | bugh@gmail.com | June | 20 | 1990 | Ottawa | Ontario | Z1R | Canada | Linux | Kali | Spanish | Motorola | W220 | Java ME | Choucair2021* | Choucair2021* | [Alberto star registration [Alberto clicks on button to start registration], Alberto tell about your [Alberto enters 'Lizeth' into when you write your first name, Alberto enters 'Munevar Rojas' into when you write your last name, Alberto enters 'bugh@gmail.com' into when you write your email, Alberto select June on when you write the month of birthday, Alberto select 20 on when you write the day of birthday, Alberto select 1990 on when you write the year of birthday, Alberto clicks on button to go to the next step], Alberto add your [Alberto clicks on when you write the city in which you live, Alberto enters 'Ottawa' into when you write the city in which you live, Alberto enters ARROW_DOWN,ENTER into when you write the city in which you live, Alberto enters ENTER into when you write the city in which you live, Alberto clicks on when you write the zip code of the city, Alberto enters 'Z1R' into when you write the zip code of the city, Alberto clicks on when you select the country in the drop down list, Alberto enters 'Canada',ENTER into select your country, Alberto clicks on when you select the state in the drop down list, Alberto enters 'Ontario',ENTER into select your country, Alberto clicks on button to go to the next step], Alberto enter your [Alberto clicks on when you select the computer's operating system in the drop down list , Alberto enters 'Linux',ENTER into select your operating system, Alberto clicks on when you select the computer's version in the drop down list, Alberto enters 'Kali',ENTER into select your version, Alberto clicks on when you select the language in the drop down list, Alberto enters 'Spanish',ENTER into select your language, Alberto clicks on when you select the mobile device in the drop down list, Alberto enters 'Motorola',ENTER into select your mobile device, Alberto clicks on when you select the mobile device's model in the drop down list, Alberto enters 'W220',ENTER into select your mobile, Alberto clicks on when you select the mobile device's operating system in the drop down list, Alberto enters 'Java ME',ENTER into select the operative system, Alberto clicks on button to go to the next step], Alberto implement the [Alberto enters 'Choucair2021*' into when you write your password, Alberto enters 'Choucair2021*' into when you to confirm your password]]
[Test worker] WARN net.thucydides.core.steps.BaseStepListener - stepStarted: net.thucydides.core.steps.ExecutedStepDescription@77d75ce3
[Test worker] WARN net.thucydides.core.steps.BaseStepListener - stepFinished: current outcome:successful account creation:Given user enters the UTest platform [Alberto load [Alberto opens the U test page]], When user registers their data and their devices
| strName | strLastName | strEmail | strMonth | strDay | strYear | strCity | strState | strZIP | strCountry | strOS | strVersion | strLanguage | strMobile | strModel | strOsMobile | strPassword | strConfirmPassword |
| Lizeth | Munevar Rojas | bugh@gmail.com | June | 20 | 1990 | Ottawa | Ontario | Z1R | Canada | Linux | Kali | Spanish | Motorola | W220 | Java ME | Choucair2021* | Choucair2021* | [Alberto star registration [Alberto clicks on button to start registration], Alberto tell about your [Alberto enters 'Lizeth' into when you write your first name, Alberto enters 'Munevar Rojas' into when you write your last name, Alberto enters 'bugh@gmail.com' into when you write your email, Alberto select June on when you write the month of birthday, Alberto select 20 on when you write the day of birthday, Alberto select 1990 on when you write the year of birthday, Alberto clicks on button to go to the next step], Alberto add your [Alberto clicks on when you write the city in which you live, Alberto enters 'Ottawa' into when you write the city in which you live, Alberto enters ARROW_DOWN,ENTER into when you write the city in which you live, Alberto enters ENTER into when you write the city in which you live, Alberto clicks on when you write the zip code of the city, Alberto enters 'Z1R' into when you write the zip code of the city, Alberto clicks on when you select the country in the drop down list, Alberto enters 'Canada',ENTER into select your country, Alberto clicks on when you select the state in the drop down list, Alberto enters 'Ontario',ENTER into select your country, Alberto clicks on button to go to the next step], Alberto enter your [Alberto clicks on when you select the computer's operating system in the drop down list , Alberto enters 'Linux',ENTER into select your operating system, Alberto clicks on when you select the computer's version in the drop down list, Alberto enters 'Kali',ENTER into select your version, Alberto clicks on when you select the language in the drop down list, Alberto enters 'Spanish',ENTER into select your language, Alberto clicks on when you select the mobile device in the drop down list, Alberto enters 'Motorola',ENTER into select your mobile device, Alberto clicks on when you select the mobile device's model in the drop down list, Alberto enters 'W220',ENTER into select your mobile, Alberto clicks on when you select the mobile device's operating sys
[...]
| strName | strLastName | strEmail | strMonth | strDay | strYear | strCity | strState | strZIP | strCountry | strOS | strVersion | strLanguage | strMobile | strModel | strOsMobile | strPassword | strConfirmPassword |
| Lizeth | Munevar Rojas | bugh@gmail.com | June | 20 | 1990 | Ottawa | Ontario | Z1R | Canada | Linux | Kali | Spanish | Motorola | W220 | Java ME | Choucair2021* | Choucair2021* | [Alberto star registration [Alberto clicks on button to start registration], Alberto tell about your [Alberto enters 'Lizeth' into when you write your first name, Alberto enters 'Munevar Rojas' into when you write your last name, Alberto enters 'bugh@gmail.com' into when you write your email, Alberto select June on when you write the month of birthday, Alberto select 20 on when you write the day of birthday, Alberto select 1990 on when you write the year of birthday, Alberto clicks on button to go to the next step], Alberto add your [Alberto clicks on when you write the city in which you live, Alberto enters 'Ottawa' into when you write the city in which you live, Alberto enters ARROW_DOWN,ENTER into when you write the city in which you live, Alberto enters ENTER into when you write the city in which you live, Alberto clicks on when you write the zip code of the city, Alberto enters 'Z1R' into when you write the zip code of the city, Alberto clicks on when you select the country in the drop down list, Alberto enters 'Canada',ENTER into select your country, Alberto clicks on when you select the state in the drop down list, Alberto enters 'Ontario',ENTER into select your country, Alberto clicks on button to go to the next step], Alberto enter your [Alberto clicks on when you select the computer's operating system in the drop down list , Alberto enters 'Linux',ENTER into select your operating system, Alberto clicks on when you select the computer's version in the drop down list, Alberto enters 'Kali',ENTER into select your version, Alberto clicks on when you select the language in the drop down list, Alberto enters 'Spanish',ENTER into select your language, Alberto clicks on when you select the mobile device in the drop down list, Alberto enters 'Motorola',ENTER into select your mobile device, Alberto clicks on when you select the mobile device's model in the drop down list, Alberto enters 'W220',ENTER into select your mobile, Alberto clicks on when you select the mobile device's operating system in the drop down list, Alberto enters 'Java ME',ENTER into select the operative system, Alberto clicks on button to go to the next step], Alberto implement the [Alberto enters 'Choucair2021*' into when you write your password, Alberto enters 'Choucair2021*' into when you to confirm your password, Alberto clicks on when you accept stay informed, Alberto clicks on when you accept the terms of use, Alberto clicks on when you accept privacy and security policy]]
[Test worker] WARN net.thucydides.core.steps.BaseStepListener - stepStarted: net.thucydides.core.steps.ExecutedStepDescription@330a7059
[Test worker] WARN net.thucydides.core.steps.BaseStepListener - stepStarted: net.thucydides.core.steps.ExecutedStepDescription@49cab364
[Test worker] WARN net.thucydides.core.steps.BaseStepListener - stepFinished: current outcome:successful account creation:Given user enters the UTest platform [Alberto load [Alberto opens the U test page]], When user registers their data and their devices
| strName | strLastName | strEmail | strMonth | strDay | strYear | strCity | strState | strZIP | strCountry | strOS | strVersion | strLanguage | strMobile | strModel | strOsMobile | strPassword | strConfirmPassword |
| Lizeth | Munevar Rojas | bugh@gmail.com | June | 20 | 1990 | Ottawa | Ontario | Z1R | Canada | Linux | Kali | Spanish | Motorola | W220 | Java ME | Choucair2021* | Choucair2021* | [Alberto star registration [Alberto clicks on button to start registration], Alberto tell about your [Alberto enters 'Lizeth' into when you write your first name, Alberto enters 'Munevar Rojas' into when you write your last name, Alberto enters 'bugh@gmail.com' into when you write your email, Alberto select June on when you write the month of birthday, Alberto select 20 on when you write the day of birthday, Alberto select 1990 on when you write the year of birthday, Alberto clicks on button to go to the next step], Alberto add your [Alberto clicks on when you write the city in which you live, Alberto enters 'Ottawa' into when you write the city in which you live, Alberto enters ARROW_DOWN,ENTER into when you write the city in which you live, Alberto enters ENTER into when you write the city in which you live, Alberto clicks on when you write the zip code of the city, Alberto enters 'Z1R' into when you write the zip code of the city, Alberto clicks on when you select the country in the drop down list, Alberto enters 'Canada',ENTER into select your country, Alberto clicks on when you select the state in the drop down list, Alberto enters 'Ontario',ENTER into select your country, Alberto clicks on button to go to the next step], Alberto enter your [Alberto clicks on when you select the computer's operating system in the drop down list , Alberto enters 'Linux',ENTER into select your operating system, Alberto clicks on when you select the computer's version in the drop down list, Alberto enters 'Kali',ENTER into select your version, Alberto clicks on when you select the language in the drop down list, Alberto enters 'Spanish',ENTER into select your language, Alberto clicks on when you select the mobile device in the drop down list, Alberto enters 'Motorola',ENTER into select your mobile device, Alberto clicks on when you select the mobile device's model in the drop down list, Alberto enters 'W220',ENTER into select your mobile, Alberto clicks on when you select the mobile device's operating system in the drop down list, Alberto enters 'Java ME',ENTER into select the operative system, Alberto clicks on button to go to the next step], Alberto implement the [Alberto enters 'Choucair2021*' into when you write your password, Alberto enters 'Choucair2021*' into when you to confirm your password, Alberto clicks on when you accept stay informed, Alberto clicks on when you accept the terms of use, Alberto clicks on when you accept privacy and security policy]], Then user sees the button called
| strNameButton |
| Complete Setup | [Then the last step]
[Test worker] WARN net.thucydides.core.steps.BaseStepListener - stepFinished: current outcome:successful account creation:Given user enters the UTest platform [Alberto load [Alberto opens the U test page]], When user registers their data and their devices
| strName | strLastName | strEmail | strMonth | strDay | strYear | strCity | strState | strZIP | strCountry | strOS | strVersion | strLanguage | strMobile | strModel | strOsMobile | strPassword | strConfirmPassword |
| Lizeth | Munevar Rojas | bugh@gmail.com | June | 20 | 1990 | Ottawa | Ontario | Z1R | Canada | Linux | Kali | Spanish | Motorola | W220 | Java ME | Choucair2021* | Choucair2021* | [Alberto star registration [Alberto clicks on button to start registration], Alberto tell about your [Alberto enters 'Lizeth' into when you write your first name, Alberto enters 'Munevar Rojas' into when you write your last name, Alberto enters 'bugh@gmail.com' into when you write your email, Alberto select June on when you write the month of birthday, Alberto select 20 on when you write the day of birthday, Alberto select 1990 on when you write the year of birthday, Alberto clicks on button to go to the next step], Alberto add your [Alberto clicks on when you write the city in which you live, Alberto enters 'Ottawa' into when you write the city in which you live, Alberto enters ARROW_DOWN,ENTER into when you write the city in which you live, Alberto enters ENTER into when you write the city in which you live, Alberto clicks on when you write the zip code of the city, Alberto enters 'Z1R' into when you write the zip code of the city, Alberto clicks on when you select the country in the drop down list, Alberto enters 'Canada',ENTER into select your country, Alberto clicks on when you select the state in the drop down list, Alberto enters 'Ontario',ENTER into select your country, Alberto clicks on button to go to the next step], Alberto enter your [Alberto clicks on when you select the computer's operating system in the drop down list , Alberto enters 'Linux',ENTER into select your operating system, Alberto clicks on when you select the computer's version in the drop down list, Alberto enters 'Kali',ENTER into select your version, Alberto clicks on when you select the language in the drop down list, Alberto enters 'Spanish',ENTER into select your language, Alberto clicks on when you select the mobile device in the drop down list, Alberto enters 'Motorola',ENTER into select your mobile device, Alberto clicks on when you select the mobile device's model in the drop down list, Alberto enters 'W220',ENTER into select your mobile, Alberto clicks on when you select the mobile device's operating system in the drop down list, Alberto enters 'Java ME',ENTER into select the operative system, Alberto clicks on button to go to the next step], Alberto implement the [Alberto enters 'Choucair2021*' into when you write your password, Alberto enters 'Choucair2021*' into when you to confirm your password, Alberto clicks on when you accept stay informed, Alberto clicks on when you accept the terms of use, Alberto clicks on when you accept privacy and security policy]], Then user sees the button called
| strNameButton |
| Complete Setup | [Then the last step]
[Test worker] WARN net.thucydides.core.steps.BaseStepListener - testFinished: successful account creation:Given user enters the UTest platform [Alberto load [Alberto opens the U test page]], When user registers their data and their devices
| strName | strLastName | strEmail | strMonth | strDay | strYear | strCity | strState | strZIP | strCountry | strOS | strVersion | strLanguage | strMobile | strModel | strOsMobile | strPassword | strConfirmPassword |
| Lizeth | Munevar Rojas | bugh@gmail.com | June | 20 | 1990 | Ottawa | Ontario | Z1R | Canada | Linux | Kali | Spanish | Motorola | W220 | Java ME | Choucair2021* | Choucair2021* | [Alberto star registration [Alberto clicks on button to start registration], Alberto tell about your [Alberto enters 'Lizeth' into when you write your first name, Alberto enters 'Munevar Rojas' into when you write your last name, Alberto enters 'bugh@gmail.com' into when you write your email, Alberto select June on when you write the month of birthday, Alberto select 20 on when you write the day of birthday, Alberto select 1990 on when you write the year of birthday, Alberto clicks on button to go to the next step], Alberto add your [Alberto clicks on when you write the city in which you live, Alberto enters 'Ottawa' into when you write the city in which you live, Alberto enters ARROW_DOWN,ENTER into when you write the city in which you live, Alberto enters ENTER into when you write the city in which you live, Alberto clicks on when you write the zip code of the city, Alberto enters 'Z1R' into when you write the zip code of the city, Alberto clicks on when you select the country in the drop down list, Alberto enters 'Canada',ENTER into select your country, Alberto clicks on when you select the state in the drop down list, Alberto enters 'Ontario',ENTER into select your country, Alberto clicks on button to go to the next step], Alberto enter your [Alberto clicks on when you select the computer's operating system in the drop down list , Alberto enters 'Linux',ENTER into select your operating system, Alberto clicks on when you select the computer's version in the drop down list, Alberto enters 'Kali',ENTER into select your version, Alberto clicks on when you select the language in the drop down list, Alberto enters 'Spanish',ENTER into select your language, Alberto clicks on when you select the mobile device in the drop down list, Alberto enters 'Motorola',ENTER into select your mobile device, Alberto clicks on when you select the mobile device's model in the drop down list, Alberto enters 'W220',ENTER into select your mobile, Alberto clicks on when you select the mobile device's operating system in the drop down list, Alberto enters 'Java ME',ENTER into select the operative system, Alberto clicks on button to go to the next step], Alberto implement the [Alberto enters 'Choucair2021*' into when you write your password, Alberto enters 'Choucair2021*' into when you to confirm your password, Alberto clicks on when you accept stay informed, Alberto clicks on when you accept the terms of use, Alberto clicks on when you accept privacy and security policy]], Then user sees the button called
| strNameButton |
| Complete Setup | [Then the last step]
[Test worker] WARN net.thucydides.core.steps.BaseStepListener - TestOutcomes: [successful account creation:Given user enters the UTest platform [Alberto load [Alberto opens the U test page]], When user registers their data and their devices
| strName | strLastName | strEmail | strMonth | strDay | strYear | strCity | strState | strZIP | strCountry | strOS | strVersion | strLanguage | strMobile | strModel | strOsMobile | strPassword | strConfirmPassword |
| Lizeth | Munevar Rojas | bugh@gmail.com | June | 20 | 1990 | Ottawa | Ontario | Z1R | Canada | Linux | Kali | Spanish | Motorola | W220 | Java ME | Choucair2021* | Choucair2021* | [Alberto star registration [Alberto clicks on button to start registration], Alberto tell about your [Alberto enters 'Lizeth' into when you write your first name, Alberto enters 'Munevar Rojas' into when you write your last name, Alberto enters 'bugh@gmail.com' into when you write your email, Alberto select June on when you write the month of birthday, Alberto select 20 on when you write the day of birthday, Alberto select 1990 on when you write the year of birthday, Alberto clicks on button to go to the next step], Alberto add your [Alberto clicks on when you write the city in which you live, Alberto enters 'Ottawa' into when you write the city in which you live, Alberto enters ARROW_DOWN,ENTER into when you write the city in which you live, Alberto enters ENTER into when you write the city in which you live, Alberto clicks on when you write the zip code of the city, Alberto enters 'Z1R' into when you write the zip code of the city, Alberto clicks on when you select the country in the drop down list, Alberto enters 'Canada',ENTER into select your country, Alberto clicks on when you select the state in the drop down list, Alberto enters 'Ontario',ENTER into select your country, Alberto clicks on button to go to the next step], Alberto enter your [Alberto clicks on when you select the computer's operating system in the drop down list , Alberto enters 'Linux',ENTER into select your operating system, Alberto clicks on when you select the computer's version in the drop down list, Alberto enters 'Kali',ENTER into select your version, Alberto clicks on when you select the language in the drop down list, Alberto enters 'Spanish',ENTER into select your language, Alberto clicks on when you select the mobile device in the drop down list, Alberto enters 'Motorola',ENTER into select your mobile device, Alberto clicks on when you select the mobile device's model in the drop down list, Alberto enters 'W220',ENTER into select your mobile, Alberto clicks on when you select the mobile device's operating system in the drop down list, Alberto enters 'Java ME',ENTER into select the operative system, Alberto clicks on button to go to the next step], Alberto implement the [Alberto enters 'Choucair2021*' into when you write your password, Alberto enters 'Choucair2021*' into when you to confirm your password, Alberto clicks on when you accept stay informed, Alberto clicks on when you accept the terms of use, Alberto clicks on when you accept privacy and security policy]], Then user sees the button called
| strNameButton |
| Complete Setup | [Then the last step]]
[Test worker] WARN net.thucydides.core.steps.BaseStepListener - Final testOutcomes: [successful account creation:Given user enters the UTest platform [Alberto load [Alberto opens the U test page]], When user registers their data and their devices
| strName | strLastName | strEmail | strMonth | strDay | strYear | strCity | strState | strZIP | strCountry | strOS | strVersion | strLanguage | strMobile | strModel | strOsMobile | strPassword | strConfirmPassword |
| Lizeth | Munevar Rojas | bugh@gmail.com | June | 20 | 1990 | Ottawa | Ontario | Z1R | Canada | Linux | Kali | Spanish | Motorola | W220 | Java ME | Choucair2021* | Choucair2021* | [Alberto star registration [Alberto clicks on button to start registration], Alberto tell about your [Alberto enters 'Lizeth' into when you write your first name, Alberto enters 'Munevar Rojas' into when you write your last name, Alberto enters 'bugh@gmail.com' into when you write your email, Alberto select June on when you write the month of birthday, Alberto select 20 on when you write the day of birthday, Alberto select 1990 on when you write the year of birthday, Alberto clicks on button to go to the next step], Alberto add your [Alberto clicks on when you write the city in which you live, Alberto enters 'Ottawa' into when you write the city in which you live, Alberto enters ARROW_DOWN,ENTER into when you write the city in which you live, Alberto enters ENTER into when you write the city in which you live, Alberto clicks on when you write the zip code of the city, Alberto enters 'Z1R' into when you write the zip code of the city, Alberto clicks on when you select the country in the drop down list, Alberto enters 'Canada',ENTER into select your country, Alberto clicks on when you select the state in the drop down list, Alberto enters 'Ontario',ENTER into select your country, Alberto clicks on button to go to the next step], Alberto enter your [Alberto clicks on when you select the computer's operating system in the drop down list , Alberto enters 'Linux',ENTER into select your operating system, Alberto clicks on when you select the computer's version in the drop down list, Alberto enters 'Kali',ENTER into select your version, Alberto clicks on when you select the language in the drop down list, Alberto enters 'Spanish',ENTER into select your language, Alberto clicks on when you select the mobile device in the drop down list, Alberto enters 'Motorola',ENTER into select your mobile device, Alberto clicks on when you select the mobile device's model in the drop down list, Alberto enters 'W220',ENTER into select your mobile, Alberto clicks on when you select the mobile device's operating system in the drop down list, Alberto enters 'Java ME',ENTER into select the operative system, Alberto clicks on button to go to the next step], Alberto implement the [Alberto enters 'Choucair2021*' into when you write your password, Alberto enters 'Choucair2021*' into when you to confirm your password, Alberto clicks on when you accept stay informed, Alberto clicks on when you accept the terms of use, Alberto clicks on when you accept privacy and security policy]], Then user sees the button called
| strNameButton |
| Complete Setup | [Then the last step]]
[Test worker] INFO net.thucydides.core.steps.ConsoleLoggingListener - 
        __    _____ _____ ____ _____   ____   _    ____  ____  _____ ____  
  _     \ \  |_   _| ____/ ___|_   _| |  _ \ / \  / ___|/ ___|| ____|  _ \ 
 (_)_____| |   | | |  _| \___ \ | |   | |_) / _ \ \___ \\___ \|  _| | | | |
  _|_____| |   | | | |___ ___) || |   |  __/ ___ \ ___) |___) | |___| |_| |
 (_)     | |   |_| |_____|____/ |_|   |_| /_/   \_\____/|____/|_____|____/ 
        /_/                                                                

TEST PASSED: successful account creation
----------------------------------------------------------------------------
]]></system-err>
</testsuite>
