<!DOCTYPE html>
<html>
<head>
<meta http-equiv="Content-Type" content="text/html; charset=utf-8"/>
<meta http-equiv="x-ua-compatible" content="IE=edge"/>
<title>Test results - Class New Account On UTest</title>
<link href="../css/base-style.css" rel="stylesheet" type="text/css"/>
<link href="../css/style.css" rel="stylesheet" type="text/css"/>
<script src="../js/report.js" type="text/javascript"></script>
</head>
<body>
<div id="content">
<h1>Class New Account On UTest</h1>
<div class="breadcrumbs">
<a href="../index.html">all</a> &gt; 
<a href="../packages/default-package.html">default-package</a> &gt; New Account On UTest</div>
<div id="summary">
<table>
<tr>
<td>
<div class="summaryGroup">
<table>
<tr>
<td>
<div class="infoBox" id="tests">
<div class="counter">1</div>
<p>tests</p>
</div>
</td>
<td>
<div class="infoBox" id="failures">
<div class="counter">1</div>
<p>failures</p>
</div>
</td>
<td>
<div class="infoBox" id="ignored">
<div class="counter">0</div>
<p>ignored</p>
</div>
</td>
<td>
<div class="infoBox" id="duration">
<div class="counter">49.586s</div>
<p>duration</p>
</div>
</td>
</tr>
</table>
</div>
</td>
<td>
<div class="infoBox failures" id="successRate">
<div class="percent">0%</div>
<p>successful</p>
</div>
</td>
</tr>
</table>
</div>
<div id="tabs">
<ul class="tabLinks">
<li>
<a href="#tab0">Failed tests</a>
</li>
<li>
<a href="#tab1">Tests</a>
</li>
<li>
<a href="#tab2">Standard error</a>
</li>
</ul>
<div id="tab0" class="tab">
<h2>Failed tests</h2>
<div class="test">
<a name="successful account creation"></a>
<h3 class="failures">successful account creation</h3>
<span class="code">
<pre>net.thucydides.core.webdriver.exceptions.ElementShouldBeEnabledException: Expected enabled element was not enabled
	at net.serenitybdd.core.pages.WebElementFacadeImpl.waitUntilEnabled(WebElementFacadeImpl.java:1149)
	at net.serenitybdd.core.pages.WebElementFacadeImpl.waitUntilElementAvailable(WebElementFacadeImpl.java:954)
	at net.serenitybdd.core.pages.WebElementFacadeImpl.click(WebElementFacadeImpl.java:1229)
	at net.serenitybdd.screenplay.actions.ClickOnTarget.performAs(ClickOnTarget.java:13)
	at net.serenitybdd.screenplay.actions.ClickOnTarget$ByteBuddy$iKGpLqSt.performAs$accessor$BWEGaU8B(Unknown Source)
	at sun.reflect.NativeMethodAccessorImpl.invoke0(Native Method)
	at sun.reflect.NativeMethodAccessorImpl.invoke(NativeMethodAccessorImpl.java:62)
	at sun.reflect.DelegatingMethodAccessorImpl.invoke(DelegatingMethodAccessorImpl.java:43)
	at java.lang.reflect.Method.invoke(Method.java:498)
	at net.thucydides.core.steps.StepInterceptor.invokeMethod(StepInterceptor.java:471)
	at net.thucydides.core.steps.StepInterceptor.executeTestStepMethod(StepInterceptor.java:451)
	at net.thucydides.core.steps.StepInterceptor.runTestStep(StepInterceptor.java:424)
	at net.thucydides.core.steps.StepInterceptor.runOrSkipMethod(StepInterceptor.java:180)
	at net.thucydides.core.steps.StepInterceptor.testStepResult(StepInterceptor.java:167)
	at net.thucydides.core.steps.StepInterceptor.intercept(StepInterceptor.java:75)
	at net.serenitybdd.screenplay.actions.ClickOnTarget$ByteBuddy$iKGpLqSt.performAs(Unknown Source)
	at net.serenitybdd.screenplay.Actor.performTask(Actor.java:233)
	at net.serenitybdd.screenplay.Actor.perform(Actor.java:214)
	at net.serenitybdd.screenplay.Actor.attemptsTo(Actor.java:171)
	at co.com.choucair.financial.utestchallenge.tasks.EnterYour.performAs(EnterYour.java:26)
	at co.com.choucair.financial.utestchallenge.tasks.EnterYour$ByteBuddy$SNbwlXXF.performAs$accessor$LpKTmzPQ(Unknown Source)
	at sun.reflect.NativeMethodAccessorImpl.invoke0(Native Method)
	at sun.reflect.NativeMethodAccessorImpl.invoke(NativeMethodAccessorImpl.java:62)
	at sun.reflect.DelegatingMethodAccessorImpl.invoke(DelegatingMethodAccessorImpl.java:43)
	at java.lang.reflect.Method.invoke(Method.java:498)
	at net.thucydides.core.steps.StepInterceptor.invokeMethod(StepInterceptor.java:471)
	at net.thucydides.core.steps.StepInterceptor.executeTestStepMethod(StepInterceptor.java:451)
	at net.thucydides.core.steps.StepInterceptor.runTestStep(StepInterceptor.java:424)
	at net.thucydides.core.steps.StepInterceptor.runOrSkipMethod(StepInterceptor.java:180)
	at net.thucydides.core.steps.StepInterceptor.testStepResult(StepInterceptor.java:167)
	at net.thucydides.core.steps.StepInterceptor.intercept(StepInterceptor.java:75)
	at co.com.choucair.financial.utestchallenge.tasks.EnterYour$ByteBuddy$SNbwlXXF.performAs(Unknown Source)
	at net.serenitybdd.screenplay.Actor.performTask(Actor.java:233)
	at net.serenitybdd.screenplay.Actor.perform(Actor.java:214)
	at net.serenitybdd.screenplay.Actor.attemptsTo(Actor.java:171)
	at co.com.choucair.financial.utestchallenge.stepdefinitions.UTestAccountStepDefinitions.userRegistersTheirDataAndTheirDevices(UTestAccountStepDefinitions.java:32)
	at ✽.user registers their data and their devices(src/test/resources/features/create_a_new_user.feature:10)
Caused by: org.openqa.selenium.TimeoutException: Expected condition failed: waiting for By.xpath: (//span[@class=&quot;btn btn-default form-control ui-select-toggle&quot;])[3] to be enabled (tried for 5 second(s) with 100 milliseconds interval)
	at org.openqa.selenium.support.ui.FluentWait.timeoutException(FluentWait.java:304)
	at org.openqa.selenium.support.ui.FluentWait.until(FluentWait.java:272)
	at net.serenitybdd.core.pages.WebElementFacadeImpl.waitUntilEnabled(WebElementFacadeImpl.java:1146)
	at net.serenitybdd.core.pages.WebElementFacadeImpl.waitUntilElementAvailable(WebElementFacadeImpl.java:954)
	at net.serenitybdd.core.pages.WebElementFacadeImpl.click(WebElementFacadeImpl.java:1229)
	at net.serenitybdd.screenplay.actions.ClickOnTarget.performAs(ClickOnTarget.java:13)
	at net.serenitybdd.screenplay.actions.ClickOnTarget$ByteBuddy$iKGpLqSt.performAs$accessor$BWEGaU8B(Unknown Source)
	at sun.reflect.NativeMethodAccessorImpl.invoke0(Native Method)
	at sun.reflect.NativeMethodAccessorImpl.invoke(NativeMethodAccessorImpl.java:62)
	at sun.reflect.DelegatingMethodAccessorImpl.invoke(DelegatingMethodAccessorImpl.java:43)
	at java.lang.reflect.Method.invoke(Method.java:498)
	at net.thucydides.core.steps.StepInterceptor.invokeMethod(StepInterceptor.java:471)
	at net.thucydides.core.steps.StepInterceptor.executeTestStepMethod(StepInterceptor.java:451)
	at net.thucydides.core.steps.StepInterceptor.runTestStep(StepInterceptor.java:424)
	at net.thucydides.core.steps.StepInterceptor.runOrSkipMethod(StepInterceptor.java:180)
	at net.thucydides.core.steps.StepInterceptor.testStepResult(StepInterceptor.java:167)
	at net.thucydides.core.steps.StepInterceptor.intercept(StepInterceptor.java:75)
	at net.serenitybdd.screenplay.actions.ClickOnTarget$ByteBuddy$iKGpLqSt.performAs(Unknown Source)
	at net.serenitybdd.screenplay.Actor.performTask(Actor.java:233)
	at net.serenitybdd.screenplay.Actor.perform(Actor.java:214)
	at net.serenitybdd.screenplay.Actor.attemptsTo(Actor.java:171)
	at co.com.choucair.financial.utestchallenge.tasks.EnterYour.performAs(EnterYour.java:26)
	at co.com.choucair.financial.utestchallenge.tasks.EnterYour$ByteBuddy$SNbwlXXF.performAs$accessor$LpKTmzPQ(Unknown Source)
	at sun.reflect.NativeMethodAccessorImpl.invoke0(Native Method)
	at sun.reflect.NativeMethodAccessorImpl.invoke(NativeMethodAccessorImpl.java:62)
	at sun.reflect.DelegatingMethodAccessorImpl.invoke(DelegatingMethodAccessorImpl.java:43)
	at java.lang.reflect.Method.invoke(Method.java:498)
	at net.thucydides.core.steps.StepInterceptor.invokeMethod(StepInterceptor.java:471)
	at net.thucydides.core.steps.StepInterceptor.executeTestStepMethod(StepInterceptor.java:451)
	at net.thucydides.core.steps.StepInterceptor.runTestStep(StepInterceptor.java:424)
	at net.thucydides.core.steps.StepInterceptor.runOrSkipMethod(StepInterceptor.java:180)
	at net.thucydides.core.steps.StepInterceptor.testStepResult(StepInterceptor.java:167)
	at net.thucydides.core.steps.StepInterceptor.intercept(StepInterceptor.java:75)
	at co.com.choucair.financial.utestchallenge.tasks.EnterYour$ByteBuddy$SNbwlXXF.performAs(Unknown Source)
	at net.serenitybdd.screenplay.Actor.performTask(Actor.java:233)
	at net.serenitybdd.screenplay.Actor.perform(Actor.java:214)
	at net.serenitybdd.screenplay.Actor.attemptsTo(Actor.java:171)
	at co.com.choucair.financial.utestchallenge.stepdefinitions.UTestAccountStepDefinitions.userRegistersTheirDataAndTheirDevices(UTestAccountStepDefinitions.java:32)
	at sun.reflect.NativeMethodAccessorImpl.invoke0(Native Method)
	at sun.reflect.NativeMethodAccessorImpl.invoke(NativeMethodAccessorImpl.java:62)
	at sun.reflect.DelegatingMethodAccessorImpl.invoke(DelegatingMethodAccessorImpl.java:43)
	at java.lang.reflect.Method.invoke(Method.java:498)
	at cucumber.runtime.Utils$1.call(Utils.java:31)
	at cucumber.runtime.Timeout.timeout(Timeout.java:16)
	at cucumber.runtime.Utils.invoke(Utils.java:25)
	at cucumber.runtime.java.JavaStepDefinition.execute(JavaStepDefinition.java:37)
	at cucumber.runtime.StepDefinitionMatch.runStep(StepDefinitionMatch.java:40)
	at cucumber.api.TestStep.executeStep(TestStep.java:102)
	at cucumber.api.TestStep.run(TestStep.java:83)
	at cucumber.api.TestCase.run(TestCase.java:58)
	at cucumber.runner.Runner.runPickle(Runner.java:80)
	at cucumber.runtime.junit.PickleRunners$NoStepDescriptions.run(PickleRunners.java:140)
	at cucumber.runtime.junit.FeatureRunner.runChild(FeatureRunner.java:68)
	at cucumber.runtime.junit.FeatureRunner.runChild(FeatureRunner.java:23)
	at org.junit.runners.ParentRunner$3.run(ParentRunner.java:290)
	at org.junit.runners.ParentRunner$1.schedule(ParentRunner.java:71)
	at org.junit.runners.ParentRunner.runChildren(ParentRunner.java:288)
	at org.junit.runners.ParentRunner.access$000(ParentRunner.java:58)
	at org.junit.runners.ParentRunner$2.evaluate(ParentRunner.java:268)
	at org.junit.runners.ParentRunner.run(ParentRunner.java:363)
	at cucumber.runtime.junit.FeatureRunner.run(FeatureRunner.java:73)
	at cucumber.api.junit.Cucumber.runChild(Cucumber.java:118)
	at cucumber.api.junit.Cucumber.runChild(Cucumber.java:56)
	at org.junit.runners.ParentRunner$3.run(ParentRunner.java:290)
	at org.junit.runners.ParentRunner$1.schedule(ParentRunner.java:71)
	at org.junit.runners.ParentRunner.runChildren(ParentRunner.java:288)
	at org.junit.runners.ParentRunner.access$000(ParentRunner.java:58)
	at org.junit.runners.ParentRunner$2.evaluate(ParentRunner.java:268)
	at cucumber.api.junit.Cucumber$1.evaluate(Cucumber.java:127)
	at org.junit.runners.ParentRunner.run(ParentRunner.java:363)
	at org.gradle.api.internal.tasks.testing.junit.JUnitTestClassExecutor.runTestClass(JUnitTestClassExecutor.java:110)
	at org.gradle.api.internal.tasks.testing.junit.JUnitTestClassExecutor.execute(JUnitTestClassExecutor.java:58)
	at org.gradle.api.internal.tasks.testing.junit.JUnitTestClassExecutor.execute(JUnitTestClassExecutor.java:38)
	at org.gradle.api.internal.tasks.testing.junit.AbstractJUnitTestClassProcessor.processTestClass(AbstractJUnitTestClassProcessor.java:62)
	at org.gradle.api.internal.tasks.testing.SuiteTestClassProcessor.processTestClass(SuiteTestClassProcessor.java:51)
	at sun.reflect.NativeMethodAccessorImpl.invoke0(Native Method)
	at sun.reflect.NativeMethodAccessorImpl.invoke(NativeMethodAccessorImpl.java:62)
	at sun.reflect.DelegatingMethodAccessorImpl.invoke(DelegatingMethodAccessorImpl.java:43)
	at java.lang.reflect.Method.invoke(Method.java:498)
	at org.gradle.internal.dispatch.ReflectionDispatch.dispatch(ReflectionDispatch.java:36)
	at org.gradle.internal.dispatch.ReflectionDispatch.dispatch(ReflectionDispatch.java:24)
	at org.gradle.internal.dispatch.ContextClassLoaderDispatch.dispatch(ContextClassLoaderDispatch.java:33)
	at org.gradle.internal.dispatch.ProxyDispatchAdapter$DispatchingInvocationHandler.invoke(ProxyDispatchAdapter.java:94)
	at com.sun.proxy.$Proxy2.processTestClass(Unknown Source)
	at org.gradle.api.internal.tasks.testing.worker.TestWorker$2.run(TestWorker.java:176)
	at org.gradle.api.internal.tasks.testing.worker.TestWorker.executeAndMaintainThreadName(TestWorker.java:129)
	at org.gradle.api.internal.tasks.testing.worker.TestWorker.execute(TestWorker.java:100)
	at org.gradle.api.internal.tasks.testing.worker.TestWorker.execute(TestWorker.java:60)
	at org.gradle.process.internal.worker.child.ActionExecutionWorker.execute(ActionExecutionWorker.java:56)
	at org.gradle.process.internal.worker.child.SystemApplicationClassLoaderWorker.call(SystemApplicationClassLoaderWorker.java:133)
	at org.gradle.process.internal.worker.child.SystemApplicationClassLoaderWorker.call(SystemApplicationClassLoaderWorker.java:71)
	at worker.org.gradle.process.internal.worker.GradleWorkerMain.run(GradleWorkerMain.java:69)
	at worker.org.gradle.process.internal.worker.GradleWorkerMain.main(GradleWorkerMain.java:74)
Caused by: org.openqa.selenium.NoSuchElementException: no such element: Unable to locate element: {&quot;method&quot;:&quot;xpath&quot;,&quot;selector&quot;:&quot;(//span[@class=&quot;btn btn-default form-control ui-select-toggle&quot;])[3]&quot;}
  (Session info: chrome=105.0.5195.127)
For documentation on this error, please visit: https://www.seleniumhq.org/exceptions/no_such_element.html
Build info: version: '3.141.59', revision: 'e82be7d358', time: '2018-11-14T08:17:03'
System info: host: 'CHBOGPF1BN7N5', ip: '192.168.101.137', os.name: 'Windows 10', os.arch: 'amd64', os.version: '10.0', java.version: '1.8.0_131'
Driver info: org.openqa.selenium.chrome.ChromeDriver
Capabilities {acceptInsecureCerts: false, browserName: chrome, browserVersion: 105.0.5195.127, chrome: {chromedriverVersion: 105.0.5195.52 (412c95e51883..., userDataDir: C:\Users\bumanag\AppData\Lo...}, goog:chromeOptions: {debuggerAddress: localhost:58051}, javascriptEnabled: true, networkConnectionEnabled: false, pageLoadStrategy: normal, platform: WINDOWS, platformName: WINDOWS, proxy: Proxy(), setWindowRect: true, strictFileInteractability: false, timeouts: {implicit: 0, pageLoad: 300000, script: 30000}, unhandledPromptBehavior: dismiss and notify, webauthn:extension:credBlob: true, webauthn:extension:largeBlob: true, webauthn:virtualAuthenticators: true}
Session ID: 30f647b588e44cd52eb649934f50e5cd
*** Element info: {Using=xpath, value=(//span[@class=&quot;btn btn-default form-control ui-select-toggle&quot;])[3]}
	at sun.reflect.NativeConstructorAccessorImpl.newInstance0(Native Method)
	at sun.reflect.NativeConstructorAccessorImpl.newInstance(NativeConstructorAccessorImpl.java:62)
	at sun.reflect.DelegatingConstructorAccessorImpl.newInstance(DelegatingConstructorAccessorImpl.java:45)
	at java.lang.reflect.Constructor.newInstance(Constructor.java:423)
	at org.openqa.selenium.remote.http.W3CHttpResponseCodec.createException(W3CHttpResponseCodec.java:187)
	at org.openqa.selenium.remote.http.W3CHttpResponseCodec.decode(W3CHttpResponseCodec.java:122)
	at org.openqa.selenium.remote.http.W3CHttpResponseCodec.decode(W3CHttpResponseCodec.java:49)
	at org.openqa.selenium.remote.HttpCommandExecutor.execute(HttpCommandExecutor.java:158)
	at org.openqa.selenium.remote.service.DriverCommandExecutor.execute(DriverCommandExecutor.java:83)
	at org.openqa.selenium.remote.RemoteWebDriver.execute(RemoteWebDriver.java:552)
	at org.openqa.selenium.remote.RemoteWebDriver.findElement(RemoteWebDriver.java:323)
	at org.openqa.selenium.remote.RemoteWebDriver.findElementByXPath(RemoteWebDriver.java:428)
	at org.openqa.selenium.By$ByXPath.findElement(By.java:353)
	at org.openqa.selenium.remote.RemoteWebDriver.findElement(RemoteWebDriver.java:315)
	at net.thucydides.core.webdriver.WebDriverFacade.findElement(WebDriverFacade.java:222)
	at net.serenitybdd.core.pages.WebElementResolverByLocator.resolveForDriver(WebElementResolverByLocator.java:18)
	at net.serenitybdd.core.pages.WebElementFacadeImpl.getElement(WebElementFacadeImpl.java:221)
	at net.serenitybdd.core.pages.WebElementExpectations$3.apply(WebElementExpectations.java:63)
	at net.serenitybdd.core.pages.WebElementExpectations$3.apply(WebElementExpectations.java:55)
	at org.openqa.selenium.support.ui.FluentWait.until(FluentWait.java:249)
	... 91 more
</pre>
</span>
</div>
</div>
<div id="tab1" class="tab">
<h2>Tests</h2>
<table>
<thead>
<tr>
<th>Test</th>
<th>Duration</th>
<th>Result</th>
</tr>
</thead>
<tr>
<td class="failures">successful account creation</td>
<td class="failures">49.586s</td>
<td class="failures">failed</td>
</tr>
</table>
</div>
<div id="tab2" class="tab">
<h2>Standard error</h2>
<span class="code">
<pre>[Test worker] WARN net.thucydides.core.steps.BaseStepListener - stepStarted: net.thucydides.core.steps.ExecutedStepDescription@6e9319f
[Test worker] WARN net.thucydides.core.steps.BaseStepListener - stepStarted: net.thucydides.core.steps.ExecutedStepDescription@a20b94b
[Test worker] WARN net.thucydides.core.steps.BaseStepListener - stepStarted: net.thucydides.core.steps.ExecutedStepDescription@787f32b7
sep 19, 2022 11:08:40 AM org.openqa.selenium.remote.DesiredCapabilities chrome
INFORMACIÓN: Using `new ChromeOptions()` is preferred to `DesiredCapabilities.chrome()`
[Test worker] INFO net.serenitybdd.core.webdriver.driverproviders.ProvideNewDriver - Instantiating driver
[Test worker] INFO net.serenitybdd.core.webdriver.driverproviders.ProvideNewDriver - Driver capabilities: Capabilities {acceptInsecureCerts: false, browserName: chrome, chrome.switches: --start-maximized, goog:chromeOptions: {args: [--start-maximized], extensions: []}, loggingPrefs: org.openqa.selenium.logging..., platform: ANY, version: }
Starting ChromeDriver 105.0.5195.52 (412c95e518836d8a7d97250d62b29c2ae6a26a85-refs/branch-heads/5195@{#853}) on port 34078
Only local connections are allowed.
Please see https://chromedriver.chromium.org/security-considerations for suggestions on keeping ChromeDriver safe.
ChromeDriver was started successfully.
sep 19, 2022 11:08:47 AM org.openqa.selenium.remote.ProtocolHandshake createSession
INFORMACIÓN: Detected dialect: W3C
[Test worker] WARN net.thucydides.core.steps.BaseStepListener - stepFinished: current outcome:successful account creation:Given user enters the UTest platform [Alberto load [Alberto opens the U test page]]
[Test worker] WARN net.thucydides.core.steps.BaseStepListener - stepFinished: current outcome:successful account creation:Given user enters the UTest platform [Alberto load [Alberto opens the U test page]]
[Test worker] WARN net.thucydides.core.steps.BaseStepListener - stepFinished: current outcome:successful account creation:Given user enters the UTest platform [Alberto load [Alberto opens the U test page]]
[Test worker] WARN net.thucydides.core.steps.BaseStepListener - stepStarted: net.thucydides.core.steps.ExecutedStepDescription@1163a27
[Test worker] WARN net.thucydides.core.steps.BaseStepListener - stepStarted: net.thucydides.core.steps.ExecutedStepDescription@40c2ce52
[Test worker] WARN net.thucydides.core.steps.BaseStepListener - stepStarted: net.thucydides.core.steps.ExecutedStepDescription@3965bdf9
[Test worker] WARN net.thucydides.core.steps.BaseStepListener - stepFinished: current outcome:successful account creation:Given user enters the UTest platform [Alberto load [Alberto opens the U test page]], When user registers their data and their devices
| strName | strLastName | strEmail | strMonth | strDay | strYear | strCity | strState | strZIP | strCountry | strOS | strVersion | strLanguage | strMobile | strModel | strOsMobile | strPassword | strConfirmPassword |
| Bryan | Umaña Gómez | bugh@gmail.com | June | 20 | 1990 | Ottawa | Ontario | Z1R | Canada | Linux | Kali | Spanish | Motorola | W220 | Java ME | Choucair2021* | Choucair2021* | [Alberto star registration [Alberto clicks on button to start registration]]
[Test worker] WARN net.thucydides.core.steps.BaseStepListener - stepFinished: current outcome:successful account creation:Given user enters the UTest platform [Alberto load [Alberto opens the U test page]], When user registers their data and their devices
| strName | strLastName | strEmail | strMonth | strDay | strYear | strCity | strState | strZIP | strCountry | strOS | strVersion | strLanguage | strMobile | strModel | strOsMobile | strPassword | strConfirmPassword |
| Bryan | Umaña Gómez | bugh@gmail.com | June | 20 | 1990 | Ottawa | Ontario | Z1R | Canada | Linux | Kali | Spanish | Motorola | W220 | Java ME | Choucair2021* | Choucair2021* | [Alberto star registration [Alberto clicks on button to start registration]]
[Test worker] WARN net.thucydides.core.steps.BaseStepListener - stepStarted: net.thucydides.core.steps.ExecutedStepDescription@168b4cb0
[Test worker] WARN net.thucydides.core.steps.BaseStepListener - stepStarted: net.thucydides.core.steps.ExecutedStepDescription@5261ec9
[Test worker] WARN net.thucydides.core.steps.BaseStepListener - stepFinished: current outcome:successful account creation:Given user enters the UTest platform [Alberto load [Alberto opens the U test page]], When user registers their data and their devices
| strName | strLastName | strEmail | strMonth | strDay | strYear | strCity | strState | strZIP | strCountry | strOS | strVersion | strLanguage | strMobile | strModel | strOsMobile | strPassword | strConfirmPassword |
| Bryan | Umaña Gómez | bugh@gmail.com | June | 20 | 1990 | Ottawa | Ontario | Z1R | Canada | Linux | Kali | Spanish | Motorola | W220 | Java ME | Choucair2021* | Choucair2021* | [Alberto star registration [Alberto clicks on button to start registration], Alberto tell about your [Alberto enters 'Bryan' into when you write your first name]]
[Test worker] WARN net.thucydides.core.steps.BaseStepListener - stepStarted: net.thucydides.core.steps.ExecutedStepDescription@53d2d002
[Test worker] WARN net.thucydides.core.steps.BaseStepListener - stepFinished: current outcome:successful account creation:Given user enters the UTest platform [Alberto load [Alberto opens the U test page]], When user registers their data and their devices
| strName | strLastName | strEmail | strMonth | strDay | strYear | strCity | strState | strZIP | strCountry | strOS | strVersion | strLanguage | strMobile | strModel | strOsMobile | strPassword | strConfirmPassword |
| Bryan | Umaña Gómez | bugh@gmail.com | June | 20 | 1990 | Ottawa | Ontario | Z1R | Canada | Linux | Kali | Spanish | Motorola | W220 | Java ME | Choucair2021* | Choucair2021* | [Alberto star registration [Alberto clicks on button to start registration], Alberto tell about your [Alberto enters 'Bryan' into when you write your first name, Alberto enters 'Umaña Gómez' into when you write your last name]]
[Test worker] WARN net.thucydides.core.steps.BaseStepListener - stepStarted: net.thucydides.core.steps.ExecutedStepDescription@27e2287c
[Test worker] WARN net.thucydides.core.steps.BaseStepListener - stepFinished: current outcome:successful account creation:Given user enters the UTest platform [Alberto load [Alberto opens the U test page]], When user registers their data and their devices
| strName | strLastName | strEmail | strMonth | strDay | strYear | strCity | strState | strZIP | strCountry | strOS | strVersion | strLanguage | strMobile | strModel | strOsMobile | strPassword | strConfirmPassword |
| Bryan | Umaña Gómez | bugh@gmail.com | June | 20 | 1990 | Ottawa | Ontario | Z1R | Canada | Linux | Kali | Spanish | Motorola | W220 | Java ME | Choucair2021* | Choucair2021* | [Alberto star registration [Alberto clicks on button to start registration], Alberto tell about your [Alberto enters 'Bryan' into when you write your first name, Alberto enters 'Umaña Gómez' into when you write your last name, Alberto enters 'bugh@gmail.com' into when you write your email]]
[Test worker] WARN net.thucydides.core.steps.BaseStepListener - stepStarted: net.thucydides.core.steps.ExecutedStepDescription@56846330
[Test worker] WARN net.thucydides.core.steps.BaseStepListener - stepFinished: current outcome:successful account creation:Given user enters the UTest platform [Alberto load [Alberto opens the U test page]], When user registers their data and their devices
| strName | strLastName | strEmail | strMonth | strDay | strYear | strCity | strState | strZIP | strCountry | strOS | strVersion | strLanguage | strMobile | strModel | strOsMobile | strPassword | strConfirmPassword |
| Bryan | Umaña Gómez | bugh@gmail.com | June | 20 | 1990 | Ottawa | Ontario | Z1R | Canada | Linux | Kali | Spanish | Motorola | W220 | Java ME | Choucair2021* | Choucair2021* | [Alberto star registration [Alberto clicks on button to start registration], Alberto tell about your [Alberto enters 'Bryan' into when you write your first name, Alberto enters 'Umaña Gómez' into when you write your last name, Alberto enters 'bugh@gmail.com' into when you write your email, Alberto select June on when you write the month of birthday]]
[Test worker] WARN net.thucydides.core.steps.BaseStepListener - stepStarted: net.thucydides.core.steps.ExecutedStepDescription@208205ed
[Test worker] WARN net.thucydides.core.steps.BaseStepListener - stepFinished: current outcome:successful account creation:Given user enters the UTest platform [Alberto load [Alberto opens the U test page]], When user registers their data and their devices
| strName | strLastName | strEmail | strMonth | strDay | strYear | strCity | strState | strZIP | strCountry | strOS | strVersion | strLanguage | strMobile | strModel | strOsMobile | strPassword | strConfirmPassword |
| Bryan | Umaña Gómez | bugh@gmail.com | June | 20 | 1990 | Ottawa | Ontario | Z1R | Canada | Linux | Kali | Spanish | Motorola | W220 | Java ME | Choucair2021* | Choucair2021* | [Alberto star registration [Alberto clicks on button to start registration], Alberto tell about your [Alberto enters 'Bryan' into when you write your first name, Alberto enters 'Umaña Gómez' into when you write your last name, Alberto enters 'bugh@gmail.com' into when you write your email, Alberto select June on when you write the month of birthday, Alberto select 20 on when you write the day of birthday]]
[Test worker] WARN net.thucydides.core.steps.BaseStepListener - stepStarted: net.thucydides.core.steps.ExecutedStepDescription@11dcd42c
[Test worker] WARN net.thucydides.core.steps.BaseStepListener - stepFinished: current outcome:successful account creation:Given user enters the UTest platform [Alberto load [Alberto opens the U test page]], When user registers their data and their devices
| strName | strLastName | strEmail | strMonth | strDay | strYear | strCity | strState | strZIP | strCountry | strOS | strVersion | strLanguage | strMobile | strModel | strOsMobile | strPassword | strConfirmPassword |
| Bryan | Umaña Gómez | bugh@gmail.com | June | 20 | 1990 | Ottawa | Ontario | Z1R | Canada | Linux | Kali | Spanish | Motorola | W220 | Java ME | Choucair2021* | Choucair2021* | [Alberto star registration [Alberto clicks on button to start registration], Alberto tell about your [Alberto enters 'Bryan' into when you write your first name, Alberto enters 'Umaña Gómez' into when you write your last name, Alberto enters 'bugh@gmail.com' into when you write your email, Alberto select June on when you write the month of birthday, Alberto select 20 on when you write the day of birthday, Alberto select 1990 on when you write the year of birthday]]
[Test worker] WARN net.thucydides.core.steps.BaseStepListener - stepStarted: net.thucydides.core.steps.ExecutedStepDescription@629a9f26
[Test worker] WARN net.thucydides.core.steps.BaseStepListener - stepFinished: current outcome:successful account creation:Given user enters the UTest platform [Alberto load [Alberto opens the U test page]], When user registers their data and their devices
| strName | strLastName | strEmail | strMonth | strDay | strYear | strCity | strState | strZIP | strCountry | strOS | strVersion | strLanguage | strMobile | strModel | strOsMobile | strPassword | strConfirmPassword |
| Bryan | Umaña Gómez | bugh@gmail.com | June | 20 | 1990 | Ottawa | Ontario | Z1R | Canada | Linux | Kali | Spanish | Motorola | W220 | Java ME | Choucair2021* | Choucair2021* | [Alberto star registration [Alberto clicks on button to start registration], Alberto tell about your [Alberto enters 'Bryan' into when you write your first name, Alberto enters 'Umaña Gómez' into when you write your last name, Alberto enters 'bugh@gmail.com' into when you write your email, Alberto select June on when you write the month of birthday, Alberto select 20 on when you write the day of birthday, Alberto select 1990 on when you write the year of birthday, Alberto clicks on button to go to the next step]]
[Test worker] WARN net.thucydides.core.steps.BaseStepListener - stepFinished: current outcome:successful account creation:Given user enters the UTest platform [Alberto load [Alberto opens the U test page]], When user registers their data and their devices
| strName | strLastName | strEmail | strMonth | strDay | strYear | strCity | strState | strZIP | strCountry | strOS | strVersion | strLanguage | strMobile | strModel | strOsMobile | strPassword | strConfirmPassword |
| Bryan | Umaña Gómez | bugh@gmail.com | June | 20 | 1990 | Ottawa | Ontario | Z1R | Canada | Linux | Kali | Spanish | Motorola | W220 | Java ME | Choucair2021* | Choucair2021* | [Alberto star registration [Alberto clicks on button to start registration], Alberto tell about your [Alberto enters 'Bryan' into when you write your first name, Alberto enters 'Umaña Gómez' into when you write your last name, Alberto enters 'bugh@gmail.com' into when you write your email, Alberto select June on when you write the month of birthday, Alberto select 20 on when you write the day of birthday, Alberto select 1990 on when you write the year of birthday, Alberto clicks on button to go to the next step]]
[Test worker] WARN net.thucydides.core.steps.BaseStepListener - stepStarted: net.thucydides.core.steps.ExecutedStepDescription@157d3a45
[Test worker] WARN net.thucydides.core.steps.BaseStepListener - stepStarted: net.thucydides.core.steps.ExecutedStepDescription@6048e26a
[Test worker] WARN net.thucydides.core.steps.BaseStepListener - stepFinished: current outcome:successful account creation:Given user enters the UTest platform [Alberto load [Alberto opens the U test page]], When user registers their data and their devices
| strName | strLastName | strEmail | strMonth | strDay | strYear | strCity | strState | strZIP | strCountry | strOS | strVersion | strLanguage | strMobile | strModel | strOsMobile | strPassword | strConfirmPassword |
| Bryan | Umaña Gómez | bugh@gmail.com | June | 20 | 1990 | Ottawa | Ontario | Z1R | Canada | Linux | Kali | Spanish | Motorola | W220 | Java ME | Choucair2021* | Choucair2021* | [Alberto star registration [Alberto clicks on button to start registration], Alberto tell about your [Alberto enters 'Bryan' into when you write your first name, Alberto enters 'Umaña Gómez' into when you write your last name, Alberto enters 'bugh@gmail.com' into when you write your email, Alberto select June on when you write the month of birthday, Alberto select 20 on when you write the day of birthday, Alberto select 1990 on when you write the year of birthday, Alberto clicks on button to go to the next step], Alberto add your [Alberto clicks on when you write the city in which you live]]
[Test worker] WARN net.thucydides.core.steps.BaseStepListener - stepStarted: net.thucydides.core.steps.ExecutedStepDescription@6d6ac396
[Test worker] WARN net.thucydides.core.steps.BaseStepListener - stepFinished: current outcome:successful account creation:Given user enters the UTest platform [Alberto load [Alberto opens the U test page]], When user registers their data and their devices
| strName | strLastName | strEmail | strMonth | strDay | strYear | strCity | strState | strZIP | strCountry | strOS | strVersion | strLanguage | strMobile | strModel | strOsMobile | strPassword | strConfirmPassword |
| Bryan | Umaña Gómez | bugh@gmail.com | June | 20 | 1990 | Ottawa | Ontario | Z1R | Canada | Linux | Kali | Spanish | Motorola | W220 | Java ME | Choucair2021* | Choucair2021* | [Alberto star registration [Alberto clicks on button to start registration], Alberto tell about your [Alberto enters 'Bryan' into when you write your first name, Alberto enters 'Umaña Gómez' into when you write your last name, Alberto enters 'bugh@gmail.com' into when you write your email, Alberto select June on when you write the month of birthday, Alberto select 20 on when you write the day of birthday, Alberto select 1990 on when you write the year of birthday, Alberto clicks on button to go to the next step], Alberto add your [Alberto clicks on when you write the city in which you live, Alberto enters 'Ottawa' into when you write the city in which you live]]
[Test worker] WARN net.thucydides.core.steps.BaseStepListener - stepStarted: net.thucydides.core.steps.ExecutedStepDescription@611b35d6
[Test worker] WARN net.thucydides.core.steps.BaseStepListener - stepFinished: current outcome:successful account creation:Given user enters the UTest platform [Alberto load [Alberto opens the U test page]], When user registers their data and their devices
| strName | strLastName | strEmail | strMonth | strDay | strYear | strCity | strState | strZIP | strCountry | strOS | strVersion | strLanguage | strMobile | strModel | strOsMobile | strPassword | strConfirmPassword |
| Bryan | Umaña Gómez | bugh@gmail.com | June | 20 | 1990 | Ottawa | Ontario | Z1R | Canada | Linux | Kali | Spanish | Motorola | W220 | Java ME | Choucair2021* | Choucair2021* | [Alberto star registration [Alberto clicks on button to start registration], Alberto tell about your [Alberto enters 'Bryan' into when you write your first name, Alberto enters 'Umaña Gómez' into when you write your last name, Alberto enters 'bugh@gmail.com' into when you write your email, Alberto select June on when you write the month of birthday, Alberto select 20 on when you write the day of birthday, Alberto select 1990 on when you write the year of birthday, Alberto clicks on button to go to the next step], Alberto add your [Alberto clicks on when you write the city in which you live, Alberto enters 'Ottawa' into when you write the city in which you live, Alberto enters ARROW_DOWN,ENTER into when you write the city in which you live]]
[Test worker] WARN net.thucydides.core.steps.BaseStepListener - stepStarted: net.thucydides.core.steps.ExecutedStepDescription@3dce6dd8
[Test worker] WARN net.thucydides.core.steps.BaseStepListener - stepFinished: current outcome:successful account creation:Given user enters the UTest platform [Alberto load [Alberto opens the U test page]], When user registers their data and their devices
| strName | strLastName | strEmail | strMonth | strDay | strYear | strCity | strState | strZIP | strCountry | strOS | strVersion | strLanguage | strMobile | strModel | strOsMobile | strPassword | strConfirmPassword |
| Bryan | Umaña Gómez | bugh@gmail.com | June | 20 | 1990 | Ottawa | Ontario | Z1R | Canada | Linux | Kali | Spanish | Motorola | W220 | Java ME | Choucair2021* | Choucair2021* | [Alberto star registration [Alberto clicks on button to start registration], Alberto tell about your [Alberto enters 'Bryan' into when you write your first name, Alberto enters 'Umaña Gómez' into when you write your last name, Alberto enters 'bugh@gmail.com' into when you write your email, Alberto select June on when you write the month of birthday, Alberto select 20 on when you write the day of birthday, Alberto select 1990 on when you write the year of birthday, Alberto clicks on button to go to the next step], Alberto add your [Alberto clicks on when you write the city in which you live, Alberto enters 'Ottawa' into when you write the city in which you live, Alberto enters ARROW_DOWN,ENTER into when you write the city in which you live, Alberto enters ENTER into when you write the city in which you live]]
[Test worker] WARN net.thucydides.core.steps.BaseStepListener - stepStarted: net.thucydides.core.steps.ExecutedStepDescription@359066bc
[Test worker] WARN net.thucydides.core.steps.BaseStepListener - stepFinished: current outcome:successful account creation:Given user enters the UTest platform [Alberto load [Alberto opens the U test page]], When user registers their data and their devices
| strName | strLastName | strEmail | strMonth | strDay | strYear | strCity | strState | strZIP | strCountry | strOS | strVersion | strLanguage | strMobile | strModel | strOsMobile | strPassword | strConfirmPassword |
| Bryan | Umaña Gómez | bugh@gmail.com | June | 20 | 1990 | Ottawa | Ontario | Z1R | Canada | Linux | Kali | Spanish | Motorola | W220 | Java ME | Choucair2021* | Choucair2021* | [Alberto star registration [Alberto clicks on button to start registration], Alberto tell about your [Alberto enters 'Bryan' into when you write your first name, Alberto enters 'Umaña Gómez' into when you write your last name, Alberto enters 'bugh@gmail.com' into when you write your email, Alberto select June on when you write the month of birthday, Alberto select 20 on when you write the day of birthday, Alberto select 1990 on when you write the year of birthday, Alberto clicks on button to go to the next step], Alberto add your [Alberto clicks on when you write the city in which you live, Alberto enters 'Ottawa' into when you write the city in which you live, Alberto enters ARROW_DOWN,ENTER into when you write the city in which you live, Alberto enters ENTER into when you write the city in which you live, Alberto clicks on when you write the zip code of the city]]
[Test worker] WARN net.thucydides.core.steps.BaseStepListener - stepStarted: net.thucydides.core.steps.ExecutedStepDescription@6d6f6860
[Test worker] WARN net.thucydides.core.steps.BaseStepListener - stepFinished: current outcome:successful account creation:Given user enters the UTest platform [Alberto load [Alberto opens the U test page]], When user registers their data and their devices
| strName | strLastName | strEmail | strMonth | strDay | strYear | strCity | strState | strZIP | strCountry | strOS | strVersion | strLanguage | strMobile | strModel | strOsMobile | strPassword | strConfirmPassword |
| Bryan | Umaña Gómez | bugh@gmail.com | June | 20 | 1990 | Ottawa | Ontario | Z1R | Canada | Linux | Kali | Spanish | Motorola | W220 | Java ME | Choucair2021* | Choucair2021* | [Alberto star registration [Alberto clicks on button to start registration], Alberto tell about your [Alberto enters 'Bryan' into when you write your first name, Alberto enters 'Umaña Gómez' into when you write your last name, Alberto enters 'bugh@gmail.com' into when you write your email, Alberto select June on when you write the month of birthday, Alberto select 20 on when you write the day of birthday, Alberto select 1990 on when you write the year of birthday, Alberto clicks on button to go to the next step], Alberto add your [Alberto clicks on when you write the city in which you live, Alberto enters 'Ottawa' into when you write the city in which you live, Alberto enters ARROW_DOWN,ENTER into when you write the city in which you live, Alberto enters ENTER into when you write the city in which you live, Alberto clicks on when you write the zip code of the city, Alberto enters 'Z1R' into when you write the zip code of the city]]
[Test worker] WARN net.thucydides.core.steps.BaseStepListener - stepStarted: net.thucydides.core.steps.ExecutedStepDescription@3a38f122
[Test worker] WARN net.thucydides.core.steps.BaseStepListener - stepFinished: current outcome:successful account creation:Given user enters the UTest platform [Alberto load [Alberto opens the U test page]], When user registers their data and their devices
| strName | strLastName | strEmail | strMonth | strDay | strYear | strCity | strState | strZIP | strCountry | strOS | strVersion | strLanguage | strMobile | strModel | strOsMobile | strPassword | strConfirmPassword |
| Bryan | Umaña Gómez | bugh@gmail.com | June | 20 | 1990 | Ottawa | Ontario | Z1R | Canada | Linux | Kali | Spanish | Motorola | W220 | Java ME | Choucair2021* | Choucair2021* | [Alberto star registration [Alberto clicks on button to start registration], Alberto tell about your [Alberto enters 'Bryan' into when you write your first name, Alberto enters 'Umaña Gómez' into when you write your last name, Alberto enters 'bugh@gmail.com' into when you write your email, Alberto select June on when you write the month of birthday, Alberto select 20 on when you write the day of birthday, Alberto select 1990 on when you write the year of birthday, Alberto clicks on button to go to the next step], Alberto add your [Alberto clicks on when you write the city in which you live, Alberto enters 'Ottawa' into when you write the city in which you live, Alberto enters ARROW_DOWN,ENTER into when you write the city in which you live, Alberto enters ENTER into when you write the city in which you live, Alberto clicks on when you write the zip code of the city, Alberto enters 'Z1R' into when you write the zip code of the city, Alberto clicks on when you select the country in the drop down list]]
[Test worker] WARN net.thucydides.core.steps.BaseStepListener - stepStarted: net.thucydides.core.steps.ExecutedStepDescription@aa61e4e
[Test worker] WARN net.thucydides.core.steps.BaseStepListener - stepFinished: current outcome:successful account creation:Given user enters the UTest platform [Alberto load [Alberto opens the U test page]], When user registers their data and their devices
| strName | strLastName | strEmail | strMonth | strDay | strYear | strCity | strState | strZIP | strCountry | strOS | strVersion | strLanguage | strMobile | strModel | strOsMobile | strPassword | strConfirmPassword |
| Bryan | Umaña Gómez | bugh@gmail.com | June | 20 | 1990 | Ottawa | Ontario | Z1R | Canada | Linux | Kali | Spanish | Motorola | W220 | Java ME | Choucair2021* | Choucair2021* | [Alberto star registration [Alberto clicks on button to start registration], Alberto tell about your [Alberto enters 'Bryan' into when you write your first name, Alberto enters 'Umaña Gómez' into when you write your last name, Alberto enters 'bugh@gmail.com' into when you write your email, Alberto select June on when you write the month of birthday, Alberto select 20 on when you write the day of birthday, Alberto select 1990 on when you write the year of birthday, Alberto clicks on button to go to the next step], Alberto add your [Alberto clicks on when you write the city in which you live, Alberto enters 'Ottawa' into when you write the city in which you live, Alberto enters ARROW_DOWN,ENTER into when you write the city in which you live, Alberto enters ENTER into when you write the city in which you live, Alberto clicks on when you write the zip code of the city, Alberto enters 'Z1R' into when you write the zip code of the city, Alberto clicks on when you select the country in the drop down list, Alberto enters 'Canada',ENTER into select your country]]
[Test worker] WARN net.thucydides.core.steps.BaseStepListener - stepStarted: net.thucydides.core.steps.ExecutedStepDescription@56826a75
[Test worker] WARN net.thucydides.core.steps.BaseStepListener - stepFinished: current outcome:successful account creation:Given user enters the UTest platform [Alberto load [Alberto opens the U test page]], When user registers their data and their devices
| strName | strLastName | strEmail | strMonth | strDay | strYear | strCity | strState | strZIP | strCountry | strOS | strVersion | strLanguage | strMobile | strModel | strOsMobile | strPassword | strConfirmPassword |
| Bryan | Umaña Gómez | bugh@gmail.com | June | 20 | 1990 | Ottawa | Ontario | Z1R | Canada | Linux | Kali | Spanish | Motorola | W220 | Java ME | Choucair2021* | Choucair2021* | [Alberto star registration [Alberto clicks on button to start registration], Alberto tell about your [Alberto enters 'Bryan' into when you write your first name, Alberto enters 'Umaña Gómez' into when you write your last name, Alberto enters 'bugh@gmail.com' into when you write your email, Alberto select June on when you write the month of birthday, Alberto select 20 on when you write the day of birthday, Alberto select 1990 on when you write the year of birthday, Alberto clicks on button to go to the next step], Alberto add your [Alberto clicks on when you write the city in which you live, Alberto enters 'Ottawa' into when you write the city in which you live, Alberto enters ARROW_DOWN,ENTER into when you write the city in which you live, Alberto enters ENTER into when you write the city in which you live, Alberto clicks on when you write the zip code of the city, Alberto enters 'Z1R' into when you write the zip code of the city, Alberto clicks on when you select the country in the drop down list, Alberto enters 'Canada',ENTER into select your country, Alberto clicks on when you select the state in the drop down list]]
[Test worker] WARN net.thucydides.core.steps.BaseStepListener - stepStarted: net.thucydides.core.steps.ExecutedStepDescription@58f31629
[Test worker] WARN net.thucydides.core.steps.BaseStepListener - stepFinished: current outcome:successful account creation:Given user enters the UTest platform [Alberto load [Alberto opens the U test page]], When user registers their data and their devices
| strName | strLastName | strEmail | strMonth | strDay | strYear | strCity | strState | strZIP | strCountry | strOS | strVersion | strLanguage | strMobile | strModel | strOsMobile | strPassword | strConfirmPassword |
| Bryan | Umaña Gómez | bugh@gmail.com | June | 20 | 1990 | Ottawa | Ontario | Z1R | Canada | Linux | Kali | Spanish | Motorola | W220 | Java ME | Choucair2021* | Choucair2021* | [Alberto star registration [Alberto clicks on button to start registration], Alberto tell about your [Alberto enters 'Bryan' into when you write your first name, Alberto enters 'Umaña Gómez' into when you write your last name, Alberto enters 'bugh@gmail.com' into when you write your email, Alberto select June on when you write the month of birthday, Alberto select 20 on when you write the day of birthday, Alberto select 1990 on when you write the year of birthday, Alberto clicks on button to go to the next step], Alberto add your [Alberto clicks on when you write the city in which you live, Alberto enters 'Ottawa' into when you write the city in which you live, Alberto enters ARROW_DOWN,ENTER into when you write the city in which you live, Alberto enters ENTER into when you write the city in which you live, Alberto clicks on when you write the zip code of the city, Alberto enters 'Z1R' into when you write the zip code of the city, Alberto clicks on when you select the country in the drop down list, Alberto enters 'Canada',ENTER into select your country, Alberto clicks on when you select the state in the drop down list, Alberto enters 'Ontario',ENTER into select your country]]
[Test worker] WARN net.thucydides.core.steps.BaseStepListener - stepStarted: net.thucydides.core.steps.ExecutedStepDescription@6c17c0f8
[Test worker] WARN net.thucydides.core.steps.BaseStepListener - stepFinished: current outcome:successful account creation:Given user enters the UTest platform [Alberto load [Alberto opens the U test page]], When user registers their data and their devices
| strName | strLastName | strEmail | strMonth | strDay | strYear | strCity | strState | strZIP | strCountry | strOS | strVersion | strLanguage | strMobile | strModel | strOsMobile | strPassword | strConfirmPassword |
| Bryan | Umaña Gómez | bugh@gmail.com | June | 20 | 1990 | Ottawa | Ontario | Z1R | Canada | Linux | Kali | Spanish | Motorola | W220 | Java ME | Choucair2021* | Choucair2021* | [Alberto star registration [Alberto clicks on button to start registration], Alberto tell about your [Alberto enters 'Bryan' into when you write your first name, Alberto enters 'Umaña Gómez' into when you write your last name, Alberto enters 'bugh@gmail.com' into when you write your email, Alberto select June on when you write the month of birthday, Alberto select 20 on when you write the day of birthday, Alberto select 1990 on when you write the year of birthday, Alberto clicks on button to go to the next step], Alberto add your [Alberto clicks on when you write the city in which you live, Alberto enters 'Ottawa' into when you write the city in which you live, Alberto enters ARROW_DOWN,ENTER into when you write the city in which you live, Alberto enters ENTER into when you write the city in which you live, Alberto clicks on when you write the zip code of the city, Alberto enters 'Z1R' into when you write the zip code of the city, Alberto clicks on when you select the country in the drop down list, Alberto enters 'Canada',ENTER into select your country, Alberto clicks on when you select the state in the drop down list, Alberto enters 'Ontario',ENTER into select your country, Alberto clicks on button to go to the next step]]
[Test worker] WARN net.thucydides.core.steps.BaseStepListener - stepFinished: current outcome:successful account creation:Given user enters the UTest platform [Alberto load [Alberto opens the U test page]], When user registers their data and their devices
| strName | strLastName | strEmail | strMonth | strDay | strYear | strCity | strState | strZIP | strCountry | strOS | strVersion | strLanguage | strMobile | strModel | strOsMobile | strPassword | strConfirmPassword |
| Bryan | Umaña Gómez | bugh@gmail.com | June | 20 | 1990 | Ottawa | Ontario | Z1R | Canada | Linux | Kali | Spanish | Motorola | W220 | Java ME | Choucair2021* | Choucair2021* | [Alberto star registration [Alberto clicks on button to start registration], Alberto tell about your [Alberto enters 'Bryan' into when you write your first name, Alberto enters 'Umaña Gómez' into when you write your last name, Alberto enters 'bugh@gmail.com' into when you write your email, Alberto select June on when you write the month of birthday, Alberto select 20 on when you write the day of birthday, Alberto select 1990 on when you write the year of birthday, Alberto clicks on button to go to the next step], Alberto add your [Alberto clicks on when you write the city in which you live, Alberto enters 'Ottawa' into when you write the city in which you live, Alberto enters ARROW_DOWN,ENTER into when you write the city in which you live, Alberto enters ENTER into when you write the city in which you live, Alberto clicks on when you write the zip code of the city, Alberto enters 'Z1R' into when you write the zip code of the city, Alberto clicks on when you select the country in the drop down list, Alberto enters 'Canada',ENTER into select your country, Alberto clicks on when you select the state in the drop down list, Alberto enters 'Ontario',ENTER into select your country, Alberto clicks on button to go to the next step]]
[Test worker] WARN net.thucydides.core.steps.BaseStepListener - stepStarted: net.thucydides.core.steps.ExecutedStepDescription@7fb8bad0
[Test worker] WARN net.thucydides.core.steps.BaseStepListener - stepStarted: net.thucydides.core.steps.ExecutedStepDescription@510689af
[Test worker] WARN net.thucydides.core.steps.BaseStepListener - stepFinished: current outcome:successful account creation:Given user enters the UTest platform [Alberto load [Alberto opens the U test page]], When user registers their data and their devices
| strName | strLastName | strEmail | strMonth | strDay | strYear | strCity | strState | strZIP | strCountry | strOS | strVersion | strLanguage | strMobile | strModel | strOsMobile | strPassword | strConfirmPassword |
| Bryan | Umaña Gómez | bugh@gmail.com | June | 20 | 1990 | Ottawa | Ontario | Z1R | Canada | Linux | Kali | Spanish | Motorola | W220 | Java ME | Choucair2021* | Choucair2021* | [Alberto star registration [Alberto clicks on button to start registration], Alberto tell about your [Alberto enters 'Bryan' into when you write your first name, Alberto enters 'Umaña Gómez' into when you write your last name, Alberto enters 'bugh@gmail.com' into when you write your email, Alberto select June on when you write the month of birthday, Alberto select 20 on when you write the day of birthday, Alberto select 1990 on when you write the year of birthday, Alberto clicks on button to go to the next step], Alberto add your [Alberto clicks on when you write the city in which you live, Alberto enters 'Ottawa' into when you write the city in which you live, Alberto enters ARROW_DOWN,ENTER into when you write the city in which you live, Alberto enters ENTER into when you write the city in which you live, Alberto clicks on when you write the zip code of the city, Alberto enters 'Z1R' into when you write the zip code of the city, Alberto clicks on when you select the country in the drop down list, Alberto enters 'Canada',ENTER into select your country, Alberto clicks on when you select the state in the drop down list, Alberto enters 'Ontario',ENTER into select your country, Alberto clicks on button to go to the next step], Alberto enter your [Alberto clicks on when you select the computer's operating system in the drop down list ]]
[Test worker] WARN net.thucydides.core.steps.BaseStepListener - stepStarted: net.thucydides.core.steps.ExecutedStepDescription@42679fc2
[Test worker] WARN net.thucydides.core.steps.BaseStepListener - stepFinished: current outcome:successful account creation:Given user enters the UTest platform [Alberto load [Alberto opens the U test page]], When user registers their data and their devices
| strName | strLastName | strEmail | strMonth | strDay | strYear | strCity | strState | strZIP | strCountry | strOS | strVersion | strLanguage | strMobile | strModel | strOsMobile | strPassword | strConfirmPassword |
| Bryan | Umaña Gómez | bugh@gmail.com | June | 20 | 1990 | Ottawa | Ontario | Z1R | Canada | Linux | Kali | Spanish | Motorola | W220 | Java ME | Choucair2021* | Choucair2021* | [Alberto star registration [Alberto clicks on button to start registration], Alberto tell about your [Alberto enters 'Bryan' into when you write your first name, Alberto enters 'Umaña Gómez' into when you write your last name, Alberto enters 'bugh@gmail.com' into when you write your email, Alberto select June on when you write the month of birthday, Alberto select 20 on when you write the day of birthday, Alberto select 1990 on when you write the year of birthday, Alberto clicks on button to go to the next step], Alberto add your [Alberto clicks on when you write the city in which you live, Alberto enters 'Ottawa' into when you write the city in which you live, Alberto enters ARROW_DOWN,ENTER into when you write the city in which you live, Alberto enters ENTER into when you write the city in which you live, Alberto clicks on when you write the zip code of the city, Alberto enters 'Z1R' into when you write the zip code of the city, Alberto clicks on when you select the country in the drop down list, Alberto enters 'Canada',ENTER into select your country, Alberto clicks on when you select the state in the drop down list, Alberto enters 'Ontario',ENTER into select your country, Alberto clicks on button to go to the next step], Alberto enter your [Alberto clicks on when you select the computer's operating system in the drop down list , Alberto enters 'Linux',ENTER into select your operating system]]
[Test worker] WARN net.thucydides.core.steps.BaseStepListener - stepStarted: net.thucydides.core.steps.ExecutedStepDescription@4bf03fee
[Test worker] WARN net.thucydides.core.steps.BaseStepListener - stepFinished: current outcome:successful account creation:Given user enters the UTest platform [Alberto load [Alberto opens the U test page]], When user registers their data and their devices
| strName | strLastName | strEmail | strMonth | strDay | strYear | strCity | strState | strZIP | strCountry | strOS | strVersion | strLanguage | strMobile | strModel | strOsMobile | strPassword | strConfirmPassword |
| Bryan | Umaña Gómez | bugh@gmail.com | June | 20 | 1990 | Ottawa | Ontario | Z1R | Canada | Linux | Kali | Spanish | Motorola | W220 | Java ME | Choucair2021* | Choucair2021* | [Alberto star registration [Alberto clicks on button to start registration], Alberto tell about your [Alberto enters 'Bryan' into when you write your first name, Alberto enters 'Umaña Gómez' into when you write your last name, Alberto enters 'bugh@gmail.com' into when you write your email, Alberto select June on when you write the month of birthday, Alberto select 20 on when you write the day of birthday, Alberto select 1990 on when you write the year of birthday, Alberto clicks on button to go to the next step], Alberto add your [Alberto clicks on when you write the city in which you live, Alberto enters 'Ottawa' into when you write the city in which you live, Alberto enters ARROW_DOWN,ENTER into when you write the city in which you live, Alberto enters ENTER into when you write the city in which you live, Alberto clicks on when you write the zip code of the city, Alberto enters 'Z1R' into when you write the zip code of the city, Alberto clicks on when you select the country in the drop down list, Alberto enters 'Canada',ENTER into select your country, Alberto clicks on when you select the state in the drop down list, Alberto enters 'Ontario',ENTER into select your country, Alberto clicks on button to go to the next step], Alberto enter your [Alberto clicks on when you select the computer's operating system in the drop down list , Alberto enters 'Linux',ENTER into select your operating system, Alberto clicks on when you select the computer's version in the drop down list]]
[Test worker] WARN net.thucydides.core.steps.BaseStepListener - stepStarted: net.thucydides.core.steps.ExecutedStepDescription@54c60202
[Test worker] WARN net.thucydides.core.steps.BaseStepListener - stepFinished: current outcome:successful account creation:Given user enters the UTest platform [Alberto load [Alberto opens the U test page]], When user registers their data and their devices
| strName | strLastName | strEmail | strMonth | strDay | strYear | strCity | strState | strZIP | strCountry | strOS | strVersion | strLanguage | strMobile | strModel | strOsMobile | strPassword | strConfirmPassword |
| Bryan | Umaña Gómez | bugh@gmail.com | June | 20 | 1990 | Ottawa | Ontario | Z1R | Canada | Linux | Kali | Spanish | Motorola | W220 | Java ME | Choucair2021* | Choucair2021* | [Alberto star registration [Alberto clicks on button to start registration], Alberto tell about your [Alberto enters 'Bryan' into when you write your first name, Alberto enters 'Umaña Gómez' into when you write your last name, Alberto enters 'bugh@gmail.com' into when you write your email, Alberto select June on when you write the month of birthday, Alberto select 20 on when you write the day of birthday, Alberto select 1990 on when you write the year of birthday, Alberto clicks on button to go to the next step], Alberto add your [Alberto clicks on when you write the city in which you live, Alberto enters 'Ottawa' into when you write the city in which you live, Alberto enters ARROW_DOWN,ENTER into when you write the city in which you live, Alberto enters ENTER into when you write the city in which you live, Alberto clicks on when you write the zip code of the city, Alberto enters 'Z1R' into when you write the zip code of the city, Alberto clicks on when you select the country in the drop down list, Alberto enters 'Canada',ENTER into select your country, Alberto clicks on when you select the state in the drop down list, Alberto enters 'Ontario',ENTER into select your country, Alberto clicks on button to go to the next step], Alberto enter your [Alberto clicks on when you select the computer's operating system in the drop down list , Alberto enters 'Linux',ENTER into select your operating system, Alberto clicks on when you select the computer's version in the drop down list, Alberto enters 'Kali',ENTER into select your version]]
[Test worker] WARN net.thucydides.core.steps.BaseStepListener - stepStarted: net.thucydides.core.steps.ExecutedStepDescription@62d40e31
[Test worker] WARN net.thucydides.core.steps.BaseStepListener - stepStarted: net.thucydides.core.steps.ExecutedStepDescription@6839203b
[Test worker] WARN net.thucydides.core.steps.BaseStepListener - testFinished: successful account creation:Given user enters the UTest platform [Alberto load [Alberto opens the U test page]], When user registers their data and their devices
| strName | strLastName | strEmail | strMonth | strDay | strYear | strCity | strState | strZIP | strCountry | strOS | strVersion | strLanguage | strMobile | strModel | strOsMobile | strPassword | strConfirmPassword |
| Bryan | Umaña Gómez | bugh@gmail.com | June | 20 | 1990 | Ottawa | Ontario | Z1R | Canada | Linux | Kali | Spanish | Motorola | W220 | Java ME | Choucair2021* | Choucair2021* | [Alberto star registration [Alberto clicks on button to start registration], Alberto tell about your [Alberto enters 'Bryan' into when you write your first name, Alberto enters 'Umaña Gómez' into when you write your last name, Alberto enters 'bugh@gmail.com' into when you write your email, Alberto select June on when you write the month of birthday, Alberto select 20 on when you write the day of birthday, Alberto select 1990 on when you write the year of birthday, Alberto clicks on button to go to the next step], Alberto add your [Alberto clicks on when you write the city in which you live, Alberto enters 'Ottawa' into when you write the city in which you live, Alberto enters ARROW_DOWN,ENTER into when you write the city in which you live, Alberto enters ENTER into when you write the city in which you live, Alberto clicks on when you write the zip code of the city, Alberto enters 'Z1R' into when you write the zip code of the city, Alberto clicks on when you select the country in the drop down list, Alberto enters 'Canada',ENTER into select your country, Alberto clicks on when you select the state in the drop down list, Alberto enters 'Ontario',ENTER into select your country, Alberto clicks on button to go to the next step], Alberto enter your [Alberto clicks on when you select the computer's operating system in the drop down list , Alberto enters 'Linux',ENTER into select your operating system, Alberto clicks on when you select the computer's version in the drop down list, Alberto enters 'Kali',ENTER into select your version, Alberto clicks on when you select the language in the drop down list]], Then user sees the button called
| strNameButton |
| Complete Setup |
[Test worker] WARN net.thucydides.core.steps.BaseStepListener - TestOutcomes: [successful account creation:Given user enters the UTest platform [Alberto load [Alberto opens the U test page]], When user registers their data and their devices
| strName | strLastName | strEmail | strMonth | strDay | strYear | strCity | strState | strZIP | strCountry | strOS | strVersion | strLanguage | strMobile | strModel | strOsMobile | strPassword | strConfirmPassword |
| Bryan | Umaña Gómez | bugh@gmail.com | June | 20 | 1990 | Ottawa | Ontario | Z1R | Canada | Linux | Kali | Spanish | Motorola | W220 | Java ME | Choucair2021* | Choucair2021* | [Alberto star registration [Alberto clicks on button to start registration], Alberto tell about your [Alberto enters 'Bryan' into when you write your first name, Alberto enters 'Umaña Gómez' into when you write your last name, Alberto enters 'bugh@gmail.com' into when you write your email, Alberto select June on when you write the month of birthday, Alberto select 20 on when you write the day of birthday, Alberto select 1990 on when you write the year of birthday, Alberto clicks on button to go to the next step], Alberto add your [Alberto clicks on when you write the city in which you live, Alberto enters 'Ottawa' into when you write the city in which you live, Alberto enters ARROW_DOWN,ENTER into when you write the city in which you live, Alberto enters ENTER into when you write the city in which you live, Alberto clicks on when you write the zip code of the city, Alberto enters 'Z1R' into when you write the zip code of the city, Alberto clicks on when you select the country in the drop down list, Alberto enters 'Canada',ENTER into select your country, Alberto clicks on when you select the state in the drop down list, Alberto enters 'Ontario',ENTER into select your country, Alberto clicks on button to go to the next step], Alberto enter your [Alberto clicks on when you select the computer's operating system in the drop down list , Alberto enters 'Linux',ENTER into select your operating system, Alberto clicks on when you select the computer's version in the drop down list, Alberto enters 'Kali',ENTER into select your version, Alberto clicks on when you select the language in the drop down list]], Then user sees the button called
| strNameButton |
| Complete Setup |]
[Test worker] WARN net.thucydides.core.steps.BaseStepListener - Final testOutcomes: [successful account creation:Given user enters the UTest platform [Alberto load [Alberto opens the U test page]], When user registers their data and their devices
| strName | strLastName | strEmail | strMonth | strDay | strYear | strCity | strState | strZIP | strCountry | strOS | strVersion | strLanguage | strMobile | strModel | strOsMobile | strPassword | strConfirmPassword |
| Bryan | Umaña Gómez | bugh@gmail.com | June | 20 | 1990 | Ottawa | Ontario | Z1R | Canada | Linux | Kali | Spanish | Motorola | W220 | Java ME | Choucair2021* | Choucair2021* | [Alberto star registration [Alberto clicks on button to start registration], Alberto tell about your [Alberto enters 'Bryan' into when you write your first name, Alberto enters 'Umaña Gómez' into when you write your last name, Alberto enters 'bugh@gmail.com' into when you write your email, Alberto select June on when you write the month of birthday, Alberto select 20 on when you write the day of birthday, Alberto select 1990 on when you write the year of birthday, Alberto clicks on button to go to the next step], Alberto add your [Alberto clicks on when you write the city in which you live, Alberto enters 'Ottawa' into when you write the city in which you live, Alberto enters ARROW_DOWN,ENTER into when you write the city in which you live, Alberto enters ENTER into when you write the city in which you live, Alberto clicks on when you write the zip code of the city, Alberto enters 'Z1R' into when you write the zip code of the city, Alberto clicks on when you select the country in the drop down list, Alberto enters 'Canada',ENTER into select your country, Alberto clicks on when you select the state in the drop down list, Alberto enters 'Ontario',ENTER into select your country, Alberto clicks on button to go to the next step], Alberto enter your [Alberto clicks on when you select the computer's operating system in the drop down list , Alberto enters 'Linux',ENTER into select your operating system, Alberto clicks on when you select the computer's version in the drop down list, Alberto enters 'Kali',ENTER into select your version, Alberto clicks on when you select the language in the drop down list]], Then user sees the button called
| strNameButton |
| Complete Setup |]
[Test worker] ERROR net.thucydides.core.steps.ConsoleLoggingListener - 
           __  _____ _____ ____ _____   _____ _    ___ _     _____ ____  
  _       / / |_   _| ____/ ___|_   _| |  ___/ \  |_ _| |   | ____|  _ \ 
 (_)_____| |    | | |  _| \___ \ | |   | |_ / _ \  | || |   |  _| | | | |
  _|_____| |    | | | |___ ___) || |   |  _/ ___ \ | || |___| |___| |_| |
 (_)     | |    |_| |_____|____/ |_|   |_|/_/   \_\___|_____|_____|____/ 
          \_\                                                            

TEST FAILED: successful account creation
--------------------------------------------------------------------------
[Test worker] ERROR net.thucydides.core.steps.ConsoleLoggingListener - TEST FAILED AT STEP Alberto clicks on when you select the language in the drop down list
[Test worker] ERROR net.thucydides.core.steps.ConsoleLoggingListener - Expected enabled element was not enabled
</pre>
</span>
</div>
</div>
<div id="footer">
<p>
<div>
<label class="hidden" id="label-for-line-wrapping-toggle" for="line-wrapping-toggle">Wrap lines
<input id="line-wrapping-toggle" type="checkbox" autocomplete="off"/>
</label>
</div>Generated by 
<a href="http://www.gradle.org">Gradle 7.3.3</a> at 19/09/2022 11:09:40 AM</p>
</div>
</div>
</body>
</html>
