<?xml version="1.0" encoding="UTF-8"?><testsuite errors="0" failures="1" name="New Account On UTest" skipped="0" tests="1" time="48.04" timestamp="2022-09-19 11:08:38"><testcase name="successful account creation"><failure message="Expected enabled element was not enabled" type="net.thucydides.core.webdriver.exceptions.ElementShouldBeEnabledException">Expected enabled element was not enabled</failure><system-err>Expected enabled element was not enabled&#13;
co.com.choucair.financial.utestchallenge.tasks.EnterYour.performAs(EnterYour.java:26)&#13;
co.com.choucair.financial.utestchallenge.stepdefinitions.UTestAccountStepDefinitions.userRegistersTheirDataAndTheirDevices(UTestAccountStepDefinitions.java:32)&#13;
cucumber.runner.Runner.runPickle(Runner.java:80)&#13;
worker.org.gradle.process.internal.worker.GradleWorkerMain.run(GradleWorkerMain.java:69)&#13;
worker.org.gradle.process.internal.worker.GradleWorkerMain.main(GradleWorkerMain.java:74)&#13;
</system-err></testcase></testsuite>